Reset Component Physical Designator: Old Designator=C1 New Designator=C?
Reset Component Physical Designator: Old Designator=C2 New Designator=C?
Reset Component Physical Designator: Old Designator=C3 New Designator=C?
Reset Component Physical Designator: Old Designator=C4 New Designator=C?
Reset Component Physical Designator: Old Designator=C5 New Designator=C?
Reset Component Physical Designator: Old Designator=C6 New Designator=C?
Reset Component Physical Designator: Old Designator=C7 New Designator=C?
Reset Component Physical Designator: Old Designator=C8 New Designator=C?
Reset Component Physical Designator: Old Designator=C9 New Designator=C?
Reset Component Physical Designator: Old Designator=C10 New Designator=C?
Reset Component Physical Designator: Old Designator=C11 New Designator=C?
Reset Component Physical Designator: Old Designator=C12 New Designator=C?
Reset Component Physical Designator: Old Designator=C13 New Designator=C?
Reset Component Physical Designator: Old Designator=C14 New Designator=C?
Reset Component Physical Designator: Old Designator=C15 New Designator=C?
Reset Component Physical Designator: Old Designator=C16 New Designator=C?
Reset Component Physical Designator: Old Designator=C17 New Designator=C?
Reset Component Physical Designator: Old Designator=C18 New Designator=C?
Reset Component Physical Designator: Old Designator=C19 New Designator=C?
Reset Component Physical Designator: Old Designator=C20 New Designator=C?
Reset Component Physical Designator: Old Designator=C21 New Designator=C?
Reset Component Physical Designator: Old Designator=C22 New Designator=C?
Reset Component Physical Designator: Old Designator=C23 New Designator=C?
Reset Component Physical Designator: Old Designator=C24 New Designator=C?
Reset Component Physical Designator: Old Designator=C25 New Designator=C?
Reset Component Physical Designator: Old Designator=C26.1 New Designator=C?_U__LED_PORT01
Reset Component Physical Designator: Old Designator=C26.2 New Designator=C?_U__LED_PORT2
Reset Component Physical Designator: Old Designator=C26.3 New Designator=C?_U__LED_PORT3
Reset Component Physical Designator: Old Designator=C26.4 New Designator=C?_U__LED_PORT4
Reset Component Physical Designator: Old Designator=C26.5 New Designator=C?_U__LED_PORT5
Reset Component Physical Designator: Old Designator=C26.6 New Designator=C?_U__LED_PORT6
Reset Component Physical Designator: Old Designator=C26.7 New Designator=C?_U__LED_PORT7
Reset Component Physical Designator: Old Designator=C26.8 New Designator=C?_U__LED_PORT8
Reset Component Physical Designator: Old Designator=C26.9 New Designator=C?_U__LED_PORT9
Reset Component Physical Designator: Old Designator=C26.10 New Designator=C?_U__LED_PORT10
Reset Component Physical Designator: Old Designator=C27.1 New Designator=C?_U__LED_PORT01
Reset Component Physical Designator: Old Designator=C27.2 New Designator=C?_U__LED_PORT2
Reset Component Physical Designator: Old Designator=C27.3 New Designator=C?_U__LED_PORT3
Reset Component Physical Designator: Old Designator=C27.4 New Designator=C?_U__LED_PORT4
Reset Component Physical Designator: Old Designator=C27.5 New Designator=C?_U__LED_PORT5
Reset Component Physical Designator: Old Designator=C27.6 New Designator=C?_U__LED_PORT6
Reset Component Physical Designator: Old Designator=C27.7 New Designator=C?_U__LED_PORT7
Reset Component Physical Designator: Old Designator=C27.8 New Designator=C?_U__LED_PORT8
Reset Component Physical Designator: Old Designator=C27.9 New Designator=C?_U__LED_PORT9
Reset Component Physical Designator: Old Designator=C27.10 New Designator=C?_U__LED_PORT10
Reset Component Physical Designator: Old Designator=C28.1 New Designator=C?_U__LED_PORT01
Reset Component Physical Designator: Old Designator=C28.2 New Designator=C?_U__LED_PORT2
Reset Component Physical Designator: Old Designator=C28.3 New Designator=C?_U__LED_PORT3
Reset Component Physical Designator: Old Designator=C28.4 New Designator=C?_U__LED_PORT4
Reset Component Physical Designator: Old Designator=C28.5 New Designator=C?_U__LED_PORT5
Reset Component Physical Designator: Old Designator=C28.6 New Designator=C?_U__LED_PORT6
Reset Component Physical Designator: Old Designator=C28.7 New Designator=C?_U__LED_PORT7
Reset Component Physical Designator: Old Designator=C28.8 New Designator=C?_U__LED_PORT8
Reset Component Physical Designator: Old Designator=C28.9 New Designator=C?_U__LED_PORT9
Reset Component Physical Designator: Old Designator=C28.10 New Designator=C?_U__LED_PORT10
Reset Component Physical Designator: Old Designator=C29.1 New Designator=C?_U__LED_PORT01
Reset Component Physical Designator: Old Designator=C29.2 New Designator=C?_U__LED_PORT2
Reset Component Physical Designator: Old Designator=C29.3 New Designator=C?_U__LED_PORT3
Reset Component Physical Designator: Old Designator=C29.4 New Designator=C?_U__LED_PORT4
Reset Component Physical Designator: Old Designator=C29.5 New Designator=C?_U__LED_PORT5
Reset Component Physical Designator: Old Designator=C29.6 New Designator=C?_U__LED_PORT6
Reset Component Physical Designator: Old Designator=C29.7 New Designator=C?_U__LED_PORT7
Reset Component Physical Designator: Old Designator=C29.8 New Designator=C?_U__LED_PORT8
Reset Component Physical Designator: Old Designator=C29.9 New Designator=C?_U__LED_PORT9
Reset Component Physical Designator: Old Designator=C29.10 New Designator=C?_U__LED_PORT10
Reset Component Physical Designator: Old Designator=D1 New Designator=D?
Reset Component Physical Designator: Old Designator=D2 New Designator=D?
Reset Component Physical Designator: Old Designator=D3 New Designator=D?
Reset Component Physical Designator: Old Designator=D4 New Designator=D?
Reset Component Physical Designator: Old Designator=D5 New Designator=D?
Reset Component Physical Designator: Old Designator=D6 New Designator=D?
Reset Component Physical Designator: Old Designator=D7.1 New Designator=D?_U__LED_PORT01
Reset Component Physical Designator: Old Designator=D7.2 New Designator=D?_U__LED_PORT2
Reset Component Physical Designator: Old Designator=D7.3 New Designator=D?_U__LED_PORT3
Reset Component Physical Designator: Old Designator=D7.4 New Designator=D?_U__LED_PORT4
Reset Component Physical Designator: Old Designator=D7.5 New Designator=D?_U__LED_PORT5
Reset Component Physical Designator: Old Designator=D7.6 New Designator=D?_U__LED_PORT6
Reset Component Physical Designator: Old Designator=D7.7 New Designator=D?_U__LED_PORT7
Reset Component Physical Designator: Old Designator=D7.8 New Designator=D?_U__LED_PORT8
Reset Component Physical Designator: Old Designator=D7.9 New Designator=D?_U__LED_PORT9
Reset Component Physical Designator: Old Designator=D7.10 New Designator=D?_U__LED_PORT10
Reset Component Physical Designator: Old Designator=F1 New Designator=F?
Reset Component Physical Designator: Old Designator=J1 New Designator=J?
Reset Component Physical Designator: Old Designator=J2 New Designator=J?
Reset Component Physical Designator: Old Designator=J8 New Designator=J?
Reset Component Physical Designator: Old Designator=J9 New Designator=J?
Reset Component Physical Designator: Old Designator=J10.1 New Designator=J?_U__LED_PORT01
Reset Component Physical Designator: Old Designator=J10.2 New Designator=J?_U__LED_PORT2
Reset Component Physical Designator: Old Designator=J10.3 New Designator=J?_U__LED_PORT3
Reset Component Physical Designator: Old Designator=J10.4 New Designator=J?_U__LED_PORT4
Reset Component Physical Designator: Old Designator=J10.5 New Designator=J?_U__LED_PORT5
Reset Component Physical Designator: Old Designator=J10.6 New Designator=J?_U__LED_PORT6
Reset Component Physical Designator: Old Designator=J10.7 New Designator=J?_U__LED_PORT7
Reset Component Physical Designator: Old Designator=J10.8 New Designator=J?_U__LED_PORT8
Reset Component Physical Designator: Old Designator=J10.9 New Designator=J?_U__LED_PORT9
Reset Component Physical Designator: Old Designator=J10.10 New Designator=J?_U__LED_PORT10
Reset Component Physical Designator: Old Designator=Q1 New Designator=Q?
Reset Component Physical Designator: Old Designator=Q2 New Designator=Q?
Reset Component Physical Designator: Old Designator=Q3.1 New Designator=Q?_U__LED_PORT01
Reset Component Physical Designator: Old Designator=Q3.2 New Designator=Q?_U__LED_PORT2
Reset Component Physical Designator: Old Designator=Q3.3 New Designator=Q?_U__LED_PORT3
Reset Component Physical Designator: Old Designator=Q3.4 New Designator=Q?_U__LED_PORT4
Reset Component Physical Designator: Old Designator=Q3.5 New Designator=Q?_U__LED_PORT5
Reset Component Physical Designator: Old Designator=Q3.6 New Designator=Q?_U__LED_PORT6
Reset Component Physical Designator: Old Designator=Q3.7 New Designator=Q?_U__LED_PORT7
Reset Component Physical Designator: Old Designator=Q3.8 New Designator=Q?_U__LED_PORT8
Reset Component Physical Designator: Old Designator=Q3.9 New Designator=Q?_U__LED_PORT9
Reset Component Physical Designator: Old Designator=Q3.10 New Designator=Q?_U__LED_PORT10
Reset Component Physical Designator: Old Designator=Q4.1 New Designator=Q?_U__LED_PORT01
Reset Component Physical Designator: Old Designator=Q4.2 New Designator=Q?_U__LED_PORT2
Reset Component Physical Designator: Old Designator=Q4.3 New Designator=Q?_U__LED_PORT3
Reset Component Physical Designator: Old Designator=Q4.4 New Designator=Q?_U__LED_PORT4
Reset Component Physical Designator: Old Designator=Q4.5 New Designator=Q?_U__LED_PORT5
Reset Component Physical Designator: Old Designator=Q4.6 New Designator=Q?_U__LED_PORT6
Reset Component Physical Designator: Old Designator=Q4.7 New Designator=Q?_U__LED_PORT7
Reset Component Physical Designator: Old Designator=Q4.8 New Designator=Q?_U__LED_PORT8
Reset Component Physical Designator: Old Designator=Q4.9 New Designator=Q?_U__LED_PORT9
Reset Component Physical Designator: Old Designator=Q4.10 New Designator=Q?_U__LED_PORT10
Reset Component Physical Designator: Old Designator=Q5.1 New Designator=Q?_U__LED_PORT01
Reset Component Physical Designator: Old Designator=Q5.2 New Designator=Q?_U__LED_PORT2
Reset Component Physical Designator: Old Designator=Q5.3 New Designator=Q?_U__LED_PORT3
Reset Component Physical Designator: Old Designator=Q5.4 New Designator=Q?_U__LED_PORT4
Reset Component Physical Designator: Old Designator=Q5.5 New Designator=Q?_U__LED_PORT5
Reset Component Physical Designator: Old Designator=Q5.6 New Designator=Q?_U__LED_PORT6
Reset Component Physical Designator: Old Designator=Q5.7 New Designator=Q?_U__LED_PORT7
Reset Component Physical Designator: Old Designator=Q5.8 New Designator=Q?_U__LED_PORT8
Reset Component Physical Designator: Old Designator=Q5.9 New Designator=Q?_U__LED_PORT9
Reset Component Physical Designator: Old Designator=Q5.10 New Designator=Q?_U__LED_PORT10
Reset Component Physical Designator: Old Designator=Q6.1 New Designator=Q?_U__LED_PORT01
Reset Component Physical Designator: Old Designator=Q6.2 New Designator=Q?_U__LED_PORT2
Reset Component Physical Designator: Old Designator=Q6.3 New Designator=Q?_U__LED_PORT3
Reset Component Physical Designator: Old Designator=Q6.4 New Designator=Q?_U__LED_PORT4
Reset Component Physical Designator: Old Designator=Q6.5 New Designator=Q?_U__LED_PORT5
Reset Component Physical Designator: Old Designator=Q6.6 New Designator=Q?_U__LED_PORT6
Reset Component Physical Designator: Old Designator=Q6.7 New Designator=Q?_U__LED_PORT7
Reset Component Physical Designator: Old Designator=Q6.8 New Designator=Q?_U__LED_PORT8
Reset Component Physical Designator: Old Designator=Q6.9 New Designator=Q?_U__LED_PORT9
Reset Component Physical Designator: Old Designator=Q6.10 New Designator=Q?_U__LED_PORT10
Reset Component Physical Designator: Old Designator=R1 New Designator=R?
Reset Component Physical Designator: Old Designator=R2 New Designator=R?
Reset Component Physical Designator: Old Designator=R3 New Designator=R?
Reset Component Physical Designator: Old Designator=R4 New Designator=R?
Reset Component Physical Designator: Old Designator=R5 New Designator=R?
Reset Component Physical Designator: Old Designator=R6 New Designator=R?
Reset Component Physical Designator: Old Designator=R7 New Designator=R?
Reset Component Physical Designator: Old Designator=R8 New Designator=R?
Reset Component Physical Designator: Old Designator=R9 New Designator=R?
Reset Component Physical Designator: Old Designator=R10 New Designator=R?
Reset Component Physical Designator: Old Designator=R11.1 New Designator=R?_U__LED_PORT01
Reset Component Physical Designator: Old Designator=R11.2 New Designator=R?_U__LED_PORT2
Reset Component Physical Designator: Old Designator=R11.3 New Designator=R?_U__LED_PORT3
Reset Component Physical Designator: Old Designator=R11.4 New Designator=R?_U__LED_PORT4
Reset Component Physical Designator: Old Designator=R11.5 New Designator=R?_U__LED_PORT5
Reset Component Physical Designator: Old Designator=R11.6 New Designator=R?_U__LED_PORT6
Reset Component Physical Designator: Old Designator=R11.7 New Designator=R?_U__LED_PORT7
Reset Component Physical Designator: Old Designator=R11.8 New Designator=R?_U__LED_PORT8
Reset Component Physical Designator: Old Designator=R11.9 New Designator=R?_U__LED_PORT9
Reset Component Physical Designator: Old Designator=R11.10 New Designator=R?_U__LED_PORT10
Reset Component Physical Designator: Old Designator=S1 New Designator=S?
Reset Component Physical Designator: Old Designator=S2 New Designator=S?
Reset Component Physical Designator: Old Designator=U1 New Designator=U?
Reset Component Physical Designator: Old Designator=U2 New Designator=U?
Reset Component Physical Designator: Old Designator=U3 New Designator=U?
Reset Component Physical Designator: Old Designator=U3 New Designator=U?
Reset Component Physical Designator: Old Designator=U4 New Designator=U?
Reset Component Physical Designator: Old Designator=u5 New Designator=u?
Reset Component Physical Designator: Old Designator=U6.1 New Designator=U?_U__LED_PORT01
Reset Component Physical Designator: Old Designator=U6.2 New Designator=U?_U__LED_PORT2
Reset Component Physical Designator: Old Designator=U6.3 New Designator=U?_U__LED_PORT3
Reset Component Physical Designator: Old Designator=U6.4 New Designator=U?_U__LED_PORT4
Reset Component Physical Designator: Old Designator=U6.5 New Designator=U?_U__LED_PORT5
Reset Component Physical Designator: Old Designator=U6.6 New Designator=U?_U__LED_PORT6
Reset Component Physical Designator: Old Designator=U6.7 New Designator=U?_U__LED_PORT7
Reset Component Physical Designator: Old Designator=U6.8 New Designator=U?_U__LED_PORT8
Reset Component Physical Designator: Old Designator=U6.9 New Designator=U?_U__LED_PORT9
Reset Component Physical Designator: Old Designator=U6.10 New Designator=U?_U__LED_PORT10
Reset Component Physical Designator: Old Designator=U7.1 New Designator=U?_U__LED_PORT01
Reset Component Physical Designator: Old Designator=U7.2 New Designator=U?_U__LED_PORT2
Reset Component Physical Designator: Old Designator=U7.3 New Designator=U?_U__LED_PORT3
Reset Component Physical Designator: Old Designator=U7.4 New Designator=U?_U__LED_PORT4
Reset Component Physical Designator: Old Designator=U7.5 New Designator=U?_U__LED_PORT5
Reset Component Physical Designator: Old Designator=U7.6 New Designator=U?_U__LED_PORT6
Reset Component Physical Designator: Old Designator=U7.7 New Designator=U?_U__LED_PORT7
Reset Component Physical Designator: Old Designator=U7.8 New Designator=U?_U__LED_PORT8
Reset Component Physical Designator: Old Designator=U7.9 New Designator=U?_U__LED_PORT9
Reset Component Physical Designator: Old Designator=U7.10 New Designator=U?_U__LED_PORT10
Reset Component Physical Designator: Old Designator=U8.1 New Designator=U?_U__LED_PORT01
Reset Component Physical Designator: Old Designator=U8.2 New Designator=U?_U__LED_PORT2
Reset Component Physical Designator: Old Designator=U8.3 New Designator=U?_U__LED_PORT3
Reset Component Physical Designator: Old Designator=U8.4 New Designator=U?_U__LED_PORT4
Reset Component Physical Designator: Old Designator=U8.5 New Designator=U?_U__LED_PORT5
Reset Component Physical Designator: Old Designator=U8.6 New Designator=U?_U__LED_PORT6
Reset Component Physical Designator: Old Designator=U8.7 New Designator=U?_U__LED_PORT7
Reset Component Physical Designator: Old Designator=U8.8 New Designator=U?_U__LED_PORT8
Reset Component Physical Designator: Old Designator=U8.9 New Designator=U?_U__LED_PORT9
Reset Component Physical Designator: Old Designator=U8.10 New Designator=U?_U__LED_PORT10
Reset Component Physical Designator: Old Designator=U9.1 New Designator=U?_U__LED_PORT01
Reset Component Physical Designator: Old Designator=U9.2 New Designator=U?_U__LED_PORT2
Reset Component Physical Designator: Old Designator=U9.3 New Designator=U?_U__LED_PORT3
Reset Component Physical Designator: Old Designator=U9.4 New Designator=U?_U__LED_PORT4
Reset Component Physical Designator: Old Designator=U9.5 New Designator=U?_U__LED_PORT5
Reset Component Physical Designator: Old Designator=U9.6 New Designator=U?_U__LED_PORT6
Reset Component Physical Designator: Old Designator=U9.7 New Designator=U?_U__LED_PORT7
Reset Component Physical Designator: Old Designator=U9.8 New Designator=U?_U__LED_PORT8
Reset Component Physical Designator: Old Designator=U9.9 New Designator=U?_U__LED_PORT9
Reset Component Physical Designator: Old Designator=U9.10 New Designator=U?_U__LED_PORT10
Reset Component Physical Designator: Old Designator=Y1 New Designator=Y?
