Removed Pin From Net: NetName=GND Pin=C25-1
Removed Pin From Net: NetName=D- Pin=C25-2
Removed Pin From Net: NetName=D+ Pin=C26-2
Removed Pin From Net: NetName=GND Pin=C28.1-1
Removed Pin From Net: NetName=+12 Pin=C28.1-2
Removed Pin From Net: NetName=GND Pin=C28.2-1
Removed Pin From Net: NetName=+12 Pin=C28.2-2
Removed Pin From Net: NetName=GND Pin=C28.3-1
Removed Pin From Net: NetName=+12 Pin=C28.3-2
Removed Pin From Net: NetName=GND Pin=C28.4-1
Removed Pin From Net: NetName=+12 Pin=C28.4-2
Removed Pin From Net: NetName=GND Pin=C28.5-1
Removed Pin From Net: NetName=+12 Pin=C28.5-2
Removed Pin From Net: NetName=GND Pin=C28.6-1
Removed Pin From Net: NetName=+12 Pin=C28.6-2
Removed Pin From Net: NetName=GND Pin=C28.7-1
Removed Pin From Net: NetName=+12 Pin=C28.7-2
Removed Pin From Net: NetName=GND Pin=C28.8-1
Removed Pin From Net: NetName=+12 Pin=C28.8-2
Removed Pin From Net: NetName=GND Pin=C28.9-1
Removed Pin From Net: NetName=+12 Pin=C28.9-2
Removed Pin From Net: NetName=GND Pin=C28.10-1
Removed Pin From Net: NetName=+12 Pin=C28.10-2
Removed Pin From Net: NetName=GND Pin=C30.1-1
Removed Pin From Net: NetName=+12 Pin=C30.1-2
Removed Pin From Net: NetName=GND Pin=C30.2-1
Removed Pin From Net: NetName=+12 Pin=C30.2-2
Removed Pin From Net: NetName=GND Pin=C30.3-1
Removed Pin From Net: NetName=+12 Pin=C30.3-2
Removed Pin From Net: NetName=GND Pin=C30.4-1
Removed Pin From Net: NetName=+12 Pin=C30.4-2
Removed Pin From Net: NetName=GND Pin=C30.5-1
Removed Pin From Net: NetName=+12 Pin=C30.5-2
Removed Pin From Net: NetName=GND Pin=C30.6-1
Removed Pin From Net: NetName=+12 Pin=C30.6-2
Removed Pin From Net: NetName=GND Pin=C30.7-1
Removed Pin From Net: NetName=+12 Pin=C30.7-2
Removed Pin From Net: NetName=GND Pin=C30.8-1
Removed Pin From Net: NetName=+12 Pin=C30.8-2
Removed Pin From Net: NetName=GND Pin=C30.9-1
Removed Pin From Net: NetName=+12 Pin=C30.9-2
Removed Pin From Net: NetName=GND Pin=C30.10-1
Removed Pin From Net: NetName=+12 Pin=C30.10-2
Removed Pin From Net: NetName=GND Pin=C32.1-1
Removed Pin From Net: NetName=+12 Pin=C32.1-2
Removed Pin From Net: NetName=GND Pin=C32.2-1
Removed Pin From Net: NetName=+12 Pin=C32.2-2
Removed Pin From Net: NetName=GND Pin=C32.3-1
Removed Pin From Net: NetName=+12 Pin=C32.3-2
Removed Pin From Net: NetName=GND Pin=C32.4-1
Removed Pin From Net: NetName=+12 Pin=C32.4-2
Removed Pin From Net: NetName=GND Pin=C32.5-1
Removed Pin From Net: NetName=+12 Pin=C32.5-2
Removed Pin From Net: NetName=GND Pin=C32.6-1
Removed Pin From Net: NetName=+12 Pin=C32.6-2
Removed Pin From Net: NetName=GND Pin=C32.7-1
Removed Pin From Net: NetName=+12 Pin=C32.7-2
Removed Pin From Net: NetName=GND Pin=C32.8-1
Removed Pin From Net: NetName=+12 Pin=C32.8-2
Removed Pin From Net: NetName=GND Pin=C32.9-1
Removed Pin From Net: NetName=+12 Pin=C32.9-2
Removed Pin From Net: NetName=GND Pin=C32.10-1
Removed Pin From Net: NetName=+12 Pin=C32.10-2
Removed Pin From Net: NetName=GND Pin=C34.1-1
Removed Pin From Net: NetName=+12 Pin=C34.1-2
Removed Pin From Net: NetName=GND Pin=C34.2-1
Removed Pin From Net: NetName=+12 Pin=C34.2-2
Removed Pin From Net: NetName=GND Pin=C34.3-1
Removed Pin From Net: NetName=+12 Pin=C34.3-2
Removed Pin From Net: NetName=GND Pin=C34.4-1
Removed Pin From Net: NetName=+12 Pin=C34.4-2
Removed Pin From Net: NetName=GND Pin=C34.5-1
Removed Pin From Net: NetName=+12 Pin=C34.5-2
Removed Pin From Net: NetName=GND Pin=C34.6-1
Removed Pin From Net: NetName=+12 Pin=C34.6-2
Removed Pin From Net: NetName=GND Pin=C34.7-1
Removed Pin From Net: NetName=+12 Pin=C34.7-2
Removed Pin From Net: NetName=GND Pin=C34.8-1
Removed Pin From Net: NetName=+12 Pin=C34.8-2
Removed Pin From Net: NetName=GND Pin=C34.9-1
Removed Pin From Net: NetName=+12 Pin=C34.9-2
Removed Pin From Net: NetName=GND Pin=C34.10-1
Removed Pin From Net: NetName=+12 Pin=C34.10-2
Removed Pin From Net: NetName=+12 Pin=D7.1-2
Removed Pin From Net: NetName=+12 Pin=D7.2-2
Removed Pin From Net: NetName=+12 Pin=D7.3-2
Removed Pin From Net: NetName=+12 Pin=D7.4-2
Removed Pin From Net: NetName=+12 Pin=D7.5-2
Removed Pin From Net: NetName=+12 Pin=D7.6-2
Removed Pin From Net: NetName=+12 Pin=D7.7-2
Removed Pin From Net: NetName=+12 Pin=D7.8-2
Removed Pin From Net: NetName=+12 Pin=D7.9-2
Removed Pin From Net: NetName=+12 Pin=D7.10-2
Removed Member From Class: ClassName=U_USB_CH340G Member=C26
Removed Member From Class: ClassName=U__LED_PORT01 Member=C30.1
Removed Member From Class: ClassName=U__LED_PORT2 Member=C30.2
Removed Member From Class: ClassName=U__LED_PORT3 Member=C30.3
Removed Member From Class: ClassName=U__LED_PORT4 Member=C30.4
Removed Member From Class: ClassName=U__LED_PORT5 Member=C30.5
Removed Member From Class: ClassName=U__LED_PORT6 Member=C30.6
Removed Member From Class: ClassName=U__LED_PORT7 Member=C30.7
Removed Member From Class: ClassName=U__LED_PORT8 Member=C30.8
Removed Member From Class: ClassName=U__LED_PORT9 Member=C30.9
Removed Member From Class: ClassName=U__LED_PORT10 Member=C30.10
Removed Member From Class: ClassName=U__LED_PORT01 Member=C31.1
Removed Member From Class: ClassName=U__LED_PORT2 Member=C31.2
Removed Member From Class: ClassName=U__LED_PORT3 Member=C31.3
Removed Member From Class: ClassName=U__LED_PORT4 Member=C31.4
Removed Member From Class: ClassName=U__LED_PORT5 Member=C31.5
Removed Member From Class: ClassName=U__LED_PORT6 Member=C31.6
Removed Member From Class: ClassName=U__LED_PORT7 Member=C31.7
Removed Member From Class: ClassName=U__LED_PORT8 Member=C31.8
Removed Member From Class: ClassName=U__LED_PORT9 Member=C31.9
Removed Member From Class: ClassName=U__LED_PORT10 Member=C31.10
Removed Member From Class: ClassName=U__LED_PORT01 Member=C32.1
Removed Member From Class: ClassName=U__LED_PORT2 Member=C32.2
Removed Member From Class: ClassName=U__LED_PORT3 Member=C32.3
Removed Member From Class: ClassName=U__LED_PORT4 Member=C32.4
Removed Member From Class: ClassName=U__LED_PORT5 Member=C32.5
Removed Member From Class: ClassName=U__LED_PORT6 Member=C32.6
Removed Member From Class: ClassName=U__LED_PORT7 Member=C32.7
Removed Member From Class: ClassName=U__LED_PORT8 Member=C32.8
Removed Member From Class: ClassName=U__LED_PORT9 Member=C32.9
Removed Member From Class: ClassName=U__LED_PORT10 Member=C32.10
Removed Member From Class: ClassName=U__LED_PORT01 Member=C34.1
Removed Member From Class: ClassName=U__LED_PORT2 Member=C34.2
Removed Member From Class: ClassName=U__LED_PORT3 Member=C34.3
Removed Member From Class: ClassName=U__LED_PORT4 Member=C34.4
Removed Member From Class: ClassName=U__LED_PORT5 Member=C34.5
Removed Member From Class: ClassName=U__LED_PORT6 Member=C34.6
Removed Member From Class: ClassName=U__LED_PORT7 Member=C34.7
Removed Member From Class: ClassName=U__LED_PORT8 Member=C34.8
Removed Member From Class: ClassName=U__LED_PORT9 Member=C34.9
Removed Member From Class: ClassName=U__LED_PORT10 Member=C34.10
Change Component Designator: OldDesignator=C8 NewDesignator=C10
Change Component Designator: OldDesignator=C9 NewDesignator=C8
Change Component Designator: OldDesignator=C10 NewDesignator=C9
Change Component Designator: OldDesignator=C22 NewDesignator=C23
Change Component Designator: OldDesignator=C23 NewDesignator=C24
Change Component Designator: OldDesignator=C24 NewDesignator=C25
Change Component Designator: OldDesignator=C26 NewDesignator=C22
Change Component Designator: OldDesignator=C27.1 NewDesignator=C26.1
Change Component Designator: OldDesignator=C27.2 NewDesignator=C26.2
Change Component Designator: OldDesignator=C27.3 NewDesignator=C26.3
Change Component Designator: OldDesignator=C27.4 NewDesignator=C26.4
Change Component Designator: OldDesignator=C27.5 NewDesignator=C26.5
Change Component Designator: OldDesignator=C27.6 NewDesignator=C26.6
Change Component Designator: OldDesignator=C27.7 NewDesignator=C26.7
Change Component Designator: OldDesignator=C27.8 NewDesignator=C26.8
Change Component Designator: OldDesignator=C27.9 NewDesignator=C26.9
Change Component Designator: OldDesignator=C27.10 NewDesignator=C26.10
Change Component Designator: OldDesignator=C29.1 NewDesignator=C27.1
Change Component Designator: OldDesignator=C29.2 NewDesignator=C27.2
Change Component Designator: OldDesignator=C29.3 NewDesignator=C27.3
Change Component Designator: OldDesignator=C29.4 NewDesignator=C27.4
Change Component Designator: OldDesignator=C29.5 NewDesignator=C27.5
Change Component Designator: OldDesignator=C29.6 NewDesignator=C27.6
Change Component Designator: OldDesignator=C29.7 NewDesignator=C27.7
Change Component Designator: OldDesignator=C29.8 NewDesignator=C27.8
Change Component Designator: OldDesignator=C29.9 NewDesignator=C27.9
Change Component Designator: OldDesignator=C29.10 NewDesignator=C27.10
Change Component Designator: OldDesignator=C31.1 NewDesignator=C28.1
Change Component Designator: OldDesignator=C31.2 NewDesignator=C28.2
Change Component Designator: OldDesignator=C31.3 NewDesignator=C28.3
Change Component Designator: OldDesignator=C31.4 NewDesignator=C28.4
Change Component Designator: OldDesignator=C31.5 NewDesignator=C28.5
Change Component Designator: OldDesignator=C31.6 NewDesignator=C28.6
Change Component Designator: OldDesignator=C31.7 NewDesignator=C28.7
Change Component Designator: OldDesignator=C31.8 NewDesignator=C28.8
Change Component Designator: OldDesignator=C31.9 NewDesignator=C28.9
Change Component Designator: OldDesignator=C31.10 NewDesignator=C28.10
Change Component Designator: OldDesignator=C33.1 NewDesignator=C29.1
Change Component Designator: OldDesignator=C33.2 NewDesignator=C29.2
Change Component Designator: OldDesignator=C33.3 NewDesignator=C29.3
Change Component Designator: OldDesignator=C33.4 NewDesignator=C29.4
Change Component Designator: OldDesignator=C33.5 NewDesignator=C29.5
Change Component Designator: OldDesignator=C33.6 NewDesignator=C29.6
Change Component Designator: OldDesignator=C33.7 NewDesignator=C29.7
Change Component Designator: OldDesignator=C33.8 NewDesignator=C29.8
Change Component Designator: OldDesignator=C33.9 NewDesignator=C29.9
Change Component Designator: OldDesignator=C33.10 NewDesignator=C29.10
Added Component: Designator=R11.1(RES SMD 0805)
Added Component: Designator=R11.2(RES SMD 0805)
Added Component: Designator=R11.3(RES SMD 0805)
Added Component: Designator=R11.4(RES SMD 0805)
Added Component: Designator=R11.5(RES SMD 0805)
Added Component: Designator=R11.6(RES SMD 0805)
Added Component: Designator=R11.7(RES SMD 0805)
Added Component: Designator=R11.8(RES SMD 0805)
Added Component: Designator=R11.9(RES SMD 0805)
Added Component: Designator=R11.10(RES SMD 0805)
Added Component: Designator=R12.1(RES SMD 0805)
Added Component: Designator=R12.2(RES SMD 0805)
Added Component: Designator=R12.3(RES SMD 0805)
Added Component: Designator=R12.4(RES SMD 0805)
Added Component: Designator=R12.5(RES SMD 0805)
Added Component: Designator=R12.6(RES SMD 0805)
Added Component: Designator=R12.7(RES SMD 0805)
Added Component: Designator=R12.8(RES SMD 0805)
Added Component: Designator=R12.9(RES SMD 0805)
Added Component: Designator=R12.10(RES SMD 0805)
Added Component: Designator=R13.1(RES SMD 0805)
Added Component: Designator=R13.2(RES SMD 0805)
Added Component: Designator=R13.3(RES SMD 0805)
Added Component: Designator=R13.4(RES SMD 0805)
Added Component: Designator=R13.5(RES SMD 0805)
Added Component: Designator=R13.6(RES SMD 0805)
Added Component: Designator=R13.7(RES SMD 0805)
Added Component: Designator=R13.8(RES SMD 0805)
Added Component: Designator=R13.9(RES SMD 0805)
Added Component: Designator=R13.10(RES SMD 0805)
Added Component: Designator=R14.1(RES SMD 0805)
Added Component: Designator=R14.2(RES SMD 0805)
Added Component: Designator=R14.3(RES SMD 0805)
Added Component: Designator=R14.4(RES SMD 0805)
Added Component: Designator=R14.5(RES SMD 0805)
Added Component: Designator=R14.6(RES SMD 0805)
Added Component: Designator=R14.7(RES SMD 0805)
Added Component: Designator=R14.8(RES SMD 0805)
Added Component: Designator=R14.9(RES SMD 0805)
Added Component: Designator=R14.10(RES SMD 0805)
Added Component: Designator=R15.1(RES SMD 0805)
Added Component: Designator=R15.2(RES SMD 0805)
Added Component: Designator=R15.3(RES SMD 0805)
Added Component: Designator=R15.4(RES SMD 0805)
Added Component: Designator=R15.5(RES SMD 0805)
Added Component: Designator=R15.6(RES SMD 0805)
Added Component: Designator=R15.7(RES SMD 0805)
Added Component: Designator=R15.8(RES SMD 0805)
Added Component: Designator=R15.9(RES SMD 0805)
Added Component: Designator=R15.10(RES SMD 0805)
Added Pin To Net: NetName=GND Pin=R11.1-1
Added Pin To Net: NetName=NetQ3.1_2 Pin=R11.1-2
Added Pin To Net: NetName=GND Pin=R11.2-1
Added Pin To Net: NetName=NetQ3.2_2 Pin=R11.2-2
Added Pin To Net: NetName=GND Pin=R11.3-1
Added Pin To Net: NetName=NetQ3.3_2 Pin=R11.3-2
Added Pin To Net: NetName=GND Pin=R11.4-1
Added Pin To Net: NetName=NetQ3.4_2 Pin=R11.4-2
Added Pin To Net: NetName=GND Pin=R11.5-1
Added Pin To Net: NetName=NetQ3.5_2 Pin=R11.5-2
Added Pin To Net: NetName=GND Pin=R11.6-1
Added Pin To Net: NetName=NetQ3.6_2 Pin=R11.6-2
Added Pin To Net: NetName=GND Pin=R11.7-1
Added Pin To Net: NetName=NetQ3.7_2 Pin=R11.7-2
Added Pin To Net: NetName=GND Pin=R11.8-1
Added Pin To Net: NetName=NetQ3.8_2 Pin=R11.8-2
Added Pin To Net: NetName=GND Pin=R11.9-1
Added Pin To Net: NetName=NetQ3.9_2 Pin=R11.9-2
Added Pin To Net: NetName=GND Pin=R11.10-1
Added Pin To Net: NetName=NetQ3.10_2 Pin=R11.10-2
Added Pin To Net: NetName=GND Pin=R12.1-1
Added Pin To Net: NetName=NetQ4.1_2 Pin=R12.1-2
Added Pin To Net: NetName=GND Pin=R12.2-1
Added Pin To Net: NetName=NetQ4.2_2 Pin=R12.2-2
Added Pin To Net: NetName=GND Pin=R12.3-1
Added Pin To Net: NetName=NetQ4.3_2 Pin=R12.3-2
Added Pin To Net: NetName=GND Pin=R12.4-1
Added Pin To Net: NetName=NetQ4.4_2 Pin=R12.4-2
Added Pin To Net: NetName=GND Pin=R12.5-1
Added Pin To Net: NetName=NetQ4.5_2 Pin=R12.5-2
Added Pin To Net: NetName=GND Pin=R12.6-1
Added Pin To Net: NetName=NetQ4.6_2 Pin=R12.6-2
Added Pin To Net: NetName=GND Pin=R12.7-1
Added Pin To Net: NetName=NetQ4.7_2 Pin=R12.7-2
Added Pin To Net: NetName=GND Pin=R12.8-1
Added Pin To Net: NetName=NetQ4.8_2 Pin=R12.8-2
Added Pin To Net: NetName=GND Pin=R12.9-1
Added Pin To Net: NetName=NetQ4.9_2 Pin=R12.9-2
Added Pin To Net: NetName=GND Pin=R12.10-1
Added Pin To Net: NetName=NetQ4.10_2 Pin=R12.10-2
Added Pin To Net: NetName=+12 Pin=R13.1-2
Added Pin To Net: NetName=+12 Pin=R13.2-2
Added Pin To Net: NetName=+12 Pin=R13.3-2
Added Pin To Net: NetName=+12 Pin=R13.4-2
Added Pin To Net: NetName=+12 Pin=R13.5-2
Added Pin To Net: NetName=+12 Pin=R13.6-2
Added Pin To Net: NetName=+12 Pin=R13.7-2
Added Pin To Net: NetName=+12 Pin=R13.8-2
Added Pin To Net: NetName=+12 Pin=R13.9-2
Added Pin To Net: NetName=+12 Pin=R13.10-2
Added Pin To Net: NetName=GND Pin=R14.1-1
Added Pin To Net: NetName=NetQ5.1_2 Pin=R14.1-2
Added Pin To Net: NetName=GND Pin=R14.2-1
Added Pin To Net: NetName=NetQ5.2_2 Pin=R14.2-2
Added Pin To Net: NetName=GND Pin=R14.3-1
Added Pin To Net: NetName=NetQ5.3_2 Pin=R14.3-2
Added Pin To Net: NetName=GND Pin=R14.4-1
Added Pin To Net: NetName=NetQ5.4_2 Pin=R14.4-2
Added Pin To Net: NetName=GND Pin=R14.5-1
Added Pin To Net: NetName=NetQ5.5_2 Pin=R14.5-2
Added Pin To Net: NetName=GND Pin=R14.6-1
Added Pin To Net: NetName=NetQ5.6_2 Pin=R14.6-2
Added Pin To Net: NetName=GND Pin=R14.7-1
Added Pin To Net: NetName=NetQ5.7_2 Pin=R14.7-2
Added Pin To Net: NetName=GND Pin=R14.8-1
Added Pin To Net: NetName=NetQ5.8_2 Pin=R14.8-2
Added Pin To Net: NetName=GND Pin=R14.9-1
Added Pin To Net: NetName=NetQ5.9_2 Pin=R14.9-2
Added Pin To Net: NetName=GND Pin=R14.10-1
Added Pin To Net: NetName=NetQ5.10_2 Pin=R14.10-2
Added Pin To Net: NetName=GND Pin=R15.1-1
Added Pin To Net: NetName=NetQ6.1_2 Pin=R15.1-2
Added Pin To Net: NetName=GND Pin=R15.2-1
Added Pin To Net: NetName=NetQ6.2_2 Pin=R15.2-2
Added Pin To Net: NetName=GND Pin=R15.3-1
Added Pin To Net: NetName=NetQ6.3_2 Pin=R15.3-2
Added Pin To Net: NetName=GND Pin=R15.4-1
Added Pin To Net: NetName=NetQ6.4_2 Pin=R15.4-2
Added Pin To Net: NetName=GND Pin=R15.5-1
Added Pin To Net: NetName=NetQ6.5_2 Pin=R15.5-2
Added Pin To Net: NetName=GND Pin=R15.6-1
Added Pin To Net: NetName=NetQ6.6_2 Pin=R15.6-2
Added Pin To Net: NetName=GND Pin=R15.7-1
Added Pin To Net: NetName=NetQ6.7_2 Pin=R15.7-2
Added Pin To Net: NetName=GND Pin=R15.8-1
Added Pin To Net: NetName=NetQ6.8_2 Pin=R15.8-2
Added Pin To Net: NetName=GND Pin=R15.9-1
Added Pin To Net: NetName=NetQ6.9_2 Pin=R15.9-2
Added Pin To Net: NetName=GND Pin=R15.10-1
Added Pin To Net: NetName=NetQ6.10_2 Pin=R15.10-2
Change Net Name : Old Net Name=NetC23_2 New Net Name=NetC24_2
Change Net Name : Old Net Name=NetC24_2 New Net Name=NetC25_2
Added Pin To Net: NetName=NetD7.1_2 Pin=D7.1-2
Added Pin To Net: NetName=NetD7.1_2 Pin=R13.1-1
Added Net: Name=NetD7.1_2
Added Pin To Net: NetName=NetD7.2_2 Pin=D7.2-2
Added Pin To Net: NetName=NetD7.2_2 Pin=R13.2-1
Added Net: Name=NetD7.2_2
Added Pin To Net: NetName=NetD7.3_2 Pin=D7.3-2
Added Pin To Net: NetName=NetD7.3_2 Pin=R13.3-1
Added Net: Name=NetD7.3_2
Added Pin To Net: NetName=NetD7.4_2 Pin=D7.4-2
Added Pin To Net: NetName=NetD7.4_2 Pin=R13.4-1
Added Net: Name=NetD7.4_2
Added Pin To Net: NetName=NetD7.5_2 Pin=D7.5-2
Added Pin To Net: NetName=NetD7.5_2 Pin=R13.5-1
Added Net: Name=NetD7.5_2
Added Pin To Net: NetName=NetD7.6_2 Pin=D7.6-2
Added Pin To Net: NetName=NetD7.6_2 Pin=R13.6-1
Added Net: Name=NetD7.6_2
Added Pin To Net: NetName=NetD7.7_2 Pin=D7.7-2
Added Pin To Net: NetName=NetD7.7_2 Pin=R13.7-1
Added Net: Name=NetD7.7_2
Added Pin To Net: NetName=NetD7.8_2 Pin=D7.8-2
Added Pin To Net: NetName=NetD7.8_2 Pin=R13.8-1
Added Net: Name=NetD7.8_2
Added Pin To Net: NetName=NetD7.9_2 Pin=D7.9-2
Added Pin To Net: NetName=NetD7.9_2 Pin=R13.9-1
Added Net: Name=NetD7.9_2
Added Pin To Net: NetName=NetD7.10_2 Pin=D7.10-2
Added Pin To Net: NetName=NetD7.10_2 Pin=R13.10-1
Added Net: Name=NetD7.10_2
Added Pin To Net: NetName=USB_DTR Pin=C22-2
Added Pin To Net: NetName=USB_DTR Pin=u5-4
Added Net: Name=USB_DTR
Added Member To Class: ClassName=U__LED_PORT01 Member=Component R11.1 (R11) 330R
Added Member To Class: ClassName=U__LED_PORT2 Member=Component R11.2 (R11) 330R
Added Member To Class: ClassName=U__LED_PORT3 Member=Component R11.3 (R11) 330R
Added Member To Class: ClassName=U__LED_PORT4 Member=Component R11.4 (R11) 330R
Added Member To Class: ClassName=U__LED_PORT5 Member=Component R11.5 (R11) 330R
Added Member To Class: ClassName=U__LED_PORT6 Member=Component R11.6 (R11) 330R
Added Member To Class: ClassName=U__LED_PORT7 Member=Component R11.7 (R11) 330R
Added Member To Class: ClassName=U__LED_PORT8 Member=Component R11.8 (R11) 330R
Added Member To Class: ClassName=U__LED_PORT9 Member=Component R11.9 (R11) 330R
Added Member To Class: ClassName=U__LED_PORT10 Member=Component R11.10 (R11) 330R
Added Member To Class: ClassName=U__LED_PORT01 Member=Component R12.1 (R12) 330R
Added Member To Class: ClassName=U__LED_PORT2 Member=Component R12.2 (R12) 330R
Added Member To Class: ClassName=U__LED_PORT3 Member=Component R12.3 (R12) 330R
Added Member To Class: ClassName=U__LED_PORT4 Member=Component R12.4 (R12) 330R
Added Member To Class: ClassName=U__LED_PORT5 Member=Component R12.5 (R12) 330R
Added Member To Class: ClassName=U__LED_PORT6 Member=Component R12.6 (R12) 330R
Added Member To Class: ClassName=U__LED_PORT7 Member=Component R12.7 (R12) 330R
Added Member To Class: ClassName=U__LED_PORT8 Member=Component R12.8 (R12) 330R
Added Member To Class: ClassName=U__LED_PORT9 Member=Component R12.9 (R12) 330R
Added Member To Class: ClassName=U__LED_PORT10 Member=Component R12.10 (R12) 330R
Added Member To Class: ClassName=U__LED_PORT01 Member=Component R13.1 (R13) 330R
Added Member To Class: ClassName=U__LED_PORT2 Member=Component R13.2 (R13) 330R
Added Member To Class: ClassName=U__LED_PORT3 Member=Component R13.3 (R13) 330R
Added Member To Class: ClassName=U__LED_PORT4 Member=Component R13.4 (R13) 330R
Added Member To Class: ClassName=U__LED_PORT5 Member=Component R13.5 (R13) 330R
Added Member To Class: ClassName=U__LED_PORT6 Member=Component R13.6 (R13) 330R
Added Member To Class: ClassName=U__LED_PORT7 Member=Component R13.7 (R13) 330R
Added Member To Class: ClassName=U__LED_PORT8 Member=Component R13.8 (R13) 330R
Added Member To Class: ClassName=U__LED_PORT9 Member=Component R13.9 (R13) 330R
Added Member To Class: ClassName=U__LED_PORT10 Member=Component R13.10 (R13) 330R
Added Member To Class: ClassName=U__LED_PORT01 Member=Component R14.1 (R14) 330R
Added Member To Class: ClassName=U__LED_PORT2 Member=Component R14.2 (R14) 330R
Added Member To Class: ClassName=U__LED_PORT3 Member=Component R14.3 (R14) 330R
Added Member To Class: ClassName=U__LED_PORT4 Member=Component R14.4 (R14) 330R
Added Member To Class: ClassName=U__LED_PORT5 Member=Component R14.5 (R14) 330R
Added Member To Class: ClassName=U__LED_PORT6 Member=Component R14.6 (R14) 330R
Added Member To Class: ClassName=U__LED_PORT7 Member=Component R14.7 (R14) 330R
Added Member To Class: ClassName=U__LED_PORT8 Member=Component R14.8 (R14) 330R
Added Member To Class: ClassName=U__LED_PORT9 Member=Component R14.9 (R14) 330R
Added Member To Class: ClassName=U__LED_PORT10 Member=Component R14.10 (R14) 330R
Added Member To Class: ClassName=U__LED_PORT01 Member=Component R15.1 (R15) 330R
Added Member To Class: ClassName=U__LED_PORT2 Member=Component R15.2 (R15) 330R
Added Member To Class: ClassName=U__LED_PORT3 Member=Component R15.3 (R15) 330R
Added Member To Class: ClassName=U__LED_PORT4 Member=Component R15.4 (R15) 330R
Added Member To Class: ClassName=U__LED_PORT5 Member=Component R15.5 (R15) 330R
Added Member To Class: ClassName=U__LED_PORT6 Member=Component R15.6 (R15) 330R
Added Member To Class: ClassName=U__LED_PORT7 Member=Component R15.7 (R15) 330R
Added Member To Class: ClassName=U__LED_PORT8 Member=Component R15.8 (R15) 330R
Added Member To Class: ClassName=U__LED_PORT9 Member=Component R15.9 (R15) 330R
Added Member To Class: ClassName=U__LED_PORT10 Member=Component R15.10 (R15) 330R
