Removed Pin From Net: NetName=LED_PIN_R6 Pin=U3-36
Removed Pin From Net: NetName=LED_PIN_G6 Pin=U3-37
Removed Pin From Net: NetName=LED_PIN_B6 Pin=U3-38
Removed Pin From Net: NetName=LED_PIN_W6 Pin=U3-39
Removed Pin From Net: NetName=LED_PIN_R5 Pin=U3-40
Removed Pin From Net: NetName=LED_PIN_G5 Pin=U3-41
Removed Pin From Net: NetName=LED_PIN_B5 Pin=U3-42
Removed Pin From Net: NetName=LED_PIN_W5 Pin=U3-43
Added Pin To Net: NetName=LED_PIN_R7 Pin=U3-22
Added Pin To Net: NetName=LED_PIN_G7 Pin=U3-23
Added Pin To Net: NetName=LED_PIN_B7 Pin=U3-24
Added Pin To Net: NetName=LED_PIN_W7 Pin=U3-25
Added Pin To Net: NetName=LED_PIN_R5 Pin=U3-36
Added Pin To Net: NetName=LED_PIN_G5 Pin=U3-37
Added Pin To Net: NetName=LED_PIN_B5 Pin=U3-38
Added Pin To Net: NetName=LED_PIN_W5 Pin=U3-39
Added Pin To Net: NetName=LED_PIN_R6 Pin=U3-40
Added Pin To Net: NetName=LED_PIN_G6 Pin=U3-41
Added Pin To Net: NetName=LED_PIN_B6 Pin=U3-42
Added Pin To Net: NetName=LED_PIN_W6 Pin=U3-43
