Removed Pin From Net: NetName=GND Pin=R11.1-1
Removed Pin From Net: NetName=NetQ3.1_2 Pin=R11.1-2
Removed Pin From Net: NetName=GND Pin=R11.2-1
Removed Pin From Net: NetName=NetQ3.2_2 Pin=R11.2-2
Removed Pin From Net: NetName=GND Pin=R11.3-1
Removed Pin From Net: NetName=NetQ3.3_2 Pin=R11.3-2
Removed Pin From Net: NetName=GND Pin=R11.4-1
Removed Pin From Net: NetName=NetQ3.4_2 Pin=R11.4-2
Removed Pin From Net: NetName=GND Pin=R11.5-1
Removed Pin From Net: NetName=NetQ3.5_2 Pin=R11.5-2
Removed Pin From Net: NetName=GND Pin=R11.6-1
Removed Pin From Net: NetName=NetQ3.6_2 Pin=R11.6-2
Removed Pin From Net: NetName=GND Pin=R11.7-1
Removed Pin From Net: NetName=NetQ3.7_2 Pin=R11.7-2
Removed Pin From Net: NetName=GND Pin=R11.8-1
Removed Pin From Net: NetName=NetQ3.8_2 Pin=R11.8-2
Removed Pin From Net: NetName=GND Pin=R11.9-1
Removed Pin From Net: NetName=NetQ3.9_2 Pin=R11.9-2
Removed Pin From Net: NetName=GND Pin=R11.10-1
Removed Pin From Net: NetName=NetQ3.10_2 Pin=R11.10-2
Removed Pin From Net: NetName=GND Pin=R12.1-1
Removed Pin From Net: NetName=NetQ4.1_2 Pin=R12.1-2
Removed Pin From Net: NetName=GND Pin=R12.2-1
Removed Pin From Net: NetName=NetQ4.2_2 Pin=R12.2-2
Removed Pin From Net: NetName=GND Pin=R12.3-1
Removed Pin From Net: NetName=NetQ4.3_2 Pin=R12.3-2
Removed Pin From Net: NetName=GND Pin=R12.4-1
Removed Pin From Net: NetName=NetQ4.4_2 Pin=R12.4-2
Removed Pin From Net: NetName=GND Pin=R12.5-1
Removed Pin From Net: NetName=NetQ4.5_2 Pin=R12.5-2
Removed Pin From Net: NetName=GND Pin=R12.6-1
Removed Pin From Net: NetName=NetQ4.6_2 Pin=R12.6-2
Removed Pin From Net: NetName=GND Pin=R12.7-1
Removed Pin From Net: NetName=NetQ4.7_2 Pin=R12.7-2
Removed Pin From Net: NetName=GND Pin=R12.8-1
Removed Pin From Net: NetName=NetQ4.8_2 Pin=R12.8-2
Removed Pin From Net: NetName=GND Pin=R12.9-1
Removed Pin From Net: NetName=NetQ4.9_2 Pin=R12.9-2
Removed Pin From Net: NetName=GND Pin=R12.10-1
Removed Pin From Net: NetName=NetQ4.10_2 Pin=R12.10-2
Removed Pin From Net: NetName=GND Pin=R14.1-1
Removed Pin From Net: NetName=NetQ5.1_2 Pin=R14.1-2
Removed Pin From Net: NetName=GND Pin=R14.2-1
Removed Pin From Net: NetName=NetQ5.2_2 Pin=R14.2-2
Removed Pin From Net: NetName=GND Pin=R14.3-1
Removed Pin From Net: NetName=NetQ5.3_2 Pin=R14.3-2
Removed Pin From Net: NetName=GND Pin=R14.4-1
Removed Pin From Net: NetName=NetQ5.4_2 Pin=R14.4-2
Removed Pin From Net: NetName=GND Pin=R14.5-1
Removed Pin From Net: NetName=NetQ5.5_2 Pin=R14.5-2
Removed Pin From Net: NetName=GND Pin=R14.6-1
Removed Pin From Net: NetName=NetQ5.6_2 Pin=R14.6-2
Removed Pin From Net: NetName=GND Pin=R14.7-1
Removed Pin From Net: NetName=NetQ5.7_2 Pin=R14.7-2
Removed Pin From Net: NetName=GND Pin=R14.8-1
Removed Pin From Net: NetName=NetQ5.8_2 Pin=R14.8-2
Removed Pin From Net: NetName=GND Pin=R14.9-1
Removed Pin From Net: NetName=NetQ5.9_2 Pin=R14.9-2
Removed Pin From Net: NetName=GND Pin=R14.10-1
Removed Pin From Net: NetName=NetQ5.10_2 Pin=R14.10-2
Removed Pin From Net: NetName=GND Pin=R15.1-1
Removed Pin From Net: NetName=NetQ6.1_2 Pin=R15.1-2
Removed Pin From Net: NetName=GND Pin=R15.2-1
Removed Pin From Net: NetName=NetQ6.2_2 Pin=R15.2-2
Removed Pin From Net: NetName=GND Pin=R15.3-1
Removed Pin From Net: NetName=NetQ6.3_2 Pin=R15.3-2
Removed Pin From Net: NetName=GND Pin=R15.4-1
Removed Pin From Net: NetName=NetQ6.4_2 Pin=R15.4-2
Removed Pin From Net: NetName=GND Pin=R15.5-1
Removed Pin From Net: NetName=NetQ6.5_2 Pin=R15.5-2
Removed Pin From Net: NetName=GND Pin=R15.6-1
Removed Pin From Net: NetName=NetQ6.6_2 Pin=R15.6-2
Removed Pin From Net: NetName=GND Pin=R15.7-1
Removed Pin From Net: NetName=NetQ6.7_2 Pin=R15.7-2
Removed Pin From Net: NetName=GND Pin=R15.8-1
Removed Pin From Net: NetName=NetQ6.8_2 Pin=R15.8-2
Removed Pin From Net: NetName=GND Pin=R15.9-1
Removed Pin From Net: NetName=NetQ6.9_2 Pin=R15.9-2
Removed Pin From Net: NetName=GND Pin=R15.10-1
Removed Pin From Net: NetName=NetQ6.10_2 Pin=R15.10-2
Removed Member From Class: ClassName=U__LED_PORT01 Member=R12.1
Removed Member From Class: ClassName=U__LED_PORT2 Member=R12.2
Removed Member From Class: ClassName=U__LED_PORT3 Member=R12.3
Removed Member From Class: ClassName=U__LED_PORT4 Member=R12.4
Removed Member From Class: ClassName=U__LED_PORT5 Member=R12.5
Removed Member From Class: ClassName=U__LED_PORT6 Member=R12.6
Removed Member From Class: ClassName=U__LED_PORT7 Member=R12.7
Removed Member From Class: ClassName=U__LED_PORT8 Member=R12.8
Removed Member From Class: ClassName=U__LED_PORT9 Member=R12.9
Removed Member From Class: ClassName=U__LED_PORT10 Member=R12.10
Removed Member From Class: ClassName=U__LED_PORT01 Member=R13.1
Removed Member From Class: ClassName=U__LED_PORT2 Member=R13.2
Removed Member From Class: ClassName=U__LED_PORT3 Member=R13.3
Removed Member From Class: ClassName=U__LED_PORT4 Member=R13.4
Removed Member From Class: ClassName=U__LED_PORT5 Member=R13.5
Removed Member From Class: ClassName=U__LED_PORT6 Member=R13.6
Removed Member From Class: ClassName=U__LED_PORT7 Member=R13.7
Removed Member From Class: ClassName=U__LED_PORT8 Member=R13.8
Removed Member From Class: ClassName=U__LED_PORT9 Member=R13.9
Removed Member From Class: ClassName=U__LED_PORT10 Member=R13.10
Removed Member From Class: ClassName=U__LED_PORT01 Member=R14.1
Removed Member From Class: ClassName=U__LED_PORT2 Member=R14.2
Removed Member From Class: ClassName=U__LED_PORT3 Member=R14.3
Removed Member From Class: ClassName=U__LED_PORT4 Member=R14.4
Removed Member From Class: ClassName=U__LED_PORT5 Member=R14.5
Removed Member From Class: ClassName=U__LED_PORT6 Member=R14.6
Removed Member From Class: ClassName=U__LED_PORT7 Member=R14.7
Removed Member From Class: ClassName=U__LED_PORT8 Member=R14.8
Removed Member From Class: ClassName=U__LED_PORT9 Member=R14.9
Removed Member From Class: ClassName=U__LED_PORT10 Member=R14.10
Removed Member From Class: ClassName=U__LED_PORT01 Member=R15.1
Removed Member From Class: ClassName=U__LED_PORT2 Member=R15.2
Removed Member From Class: ClassName=U__LED_PORT3 Member=R15.3
Removed Member From Class: ClassName=U__LED_PORT4 Member=R15.4
Removed Member From Class: ClassName=U__LED_PORT5 Member=R15.5
Removed Member From Class: ClassName=U__LED_PORT6 Member=R15.6
Removed Member From Class: ClassName=U__LED_PORT7 Member=R15.7
Removed Member From Class: ClassName=U__LED_PORT8 Member=R15.8
Removed Member From Class: ClassName=U__LED_PORT9 Member=R15.9
Removed Member From Class: ClassName=U__LED_PORT10 Member=R15.10
Change Component Comment : Designator=R13.1 Old Comment=330R New Comment=1k
Change Component Comment : Designator=R13.2 Old Comment=330R New Comment=1k
Change Component Comment : Designator=R13.3 Old Comment=330R New Comment=1k
Change Component Comment : Designator=R13.4 Old Comment=330R New Comment=1k
Change Component Comment : Designator=R13.5 Old Comment=330R New Comment=1k
Change Component Comment : Designator=R13.6 Old Comment=330R New Comment=1k
Change Component Comment : Designator=R13.7 Old Comment=330R New Comment=1k
Change Component Comment : Designator=R13.8 Old Comment=330R New Comment=1k
Change Component Comment : Designator=R13.9 Old Comment=330R New Comment=1k
Change Component Comment : Designator=R13.10 Old Comment=330R New Comment=1k
Change Component Designator: OldDesignator=R13.1 NewDesignator=R11.1
Change Component Designator: OldDesignator=R13.2 NewDesignator=R11.2
Change Component Designator: OldDesignator=R13.3 NewDesignator=R11.3
Change Component Designator: OldDesignator=R13.4 NewDesignator=R11.4
Change Component Designator: OldDesignator=R13.5 NewDesignator=R11.5
Change Component Designator: OldDesignator=R13.6 NewDesignator=R11.6
Change Component Designator: OldDesignator=R13.7 NewDesignator=R11.7
Change Component Designator: OldDesignator=R13.8 NewDesignator=R11.8
Change Component Designator: OldDesignator=R13.9 NewDesignator=R11.9
Change Component Designator: OldDesignator=R13.10 NewDesignator=R11.10
Change Component Description : Designator=R11.1 Old Description=RES SMD 330 OHM 1% 1/4W 0805 New Description=RES SMD 1k OHM 1% 1/4W 0805
Change Component Description : Designator=R11.2 Old Description=RES SMD 330 OHM 1% 1/4W 0805 New Description=RES SMD 1k OHM 1% 1/4W 0805
Change Component Description : Designator=R11.3 Old Description=RES SMD 330 OHM 1% 1/4W 0805 New Description=RES SMD 1k OHM 1% 1/4W 0805
Change Component Description : Designator=R11.4 Old Description=RES SMD 330 OHM 1% 1/4W 0805 New Description=RES SMD 1k OHM 1% 1/4W 0805
Change Component Description : Designator=R11.5 Old Description=RES SMD 330 OHM 1% 1/4W 0805 New Description=RES SMD 1k OHM 1% 1/4W 0805
Change Component Description : Designator=R11.6 Old Description=RES SMD 330 OHM 1% 1/4W 0805 New Description=RES SMD 1k OHM 1% 1/4W 0805
Change Component Description : Designator=R11.7 Old Description=RES SMD 330 OHM 1% 1/4W 0805 New Description=RES SMD 1k OHM 1% 1/4W 0805
Change Component Description : Designator=R11.8 Old Description=RES SMD 330 OHM 1% 1/4W 0805 New Description=RES SMD 1k OHM 1% 1/4W 0805
Change Component Description : Designator=R11.9 Old Description=RES SMD 330 OHM 1% 1/4W 0805 New Description=RES SMD 1k OHM 1% 1/4W 0805
Change Component Description : Designator=R11.10 Old Description=RES SMD 330 OHM 1% 1/4W 0805 New Description=RES SMD 1k OHM 1% 1/4W 0805
