Added Pin To Net: NetName=LED_PIN_OUT4_U__LED_PORT2 Pin=Q6.2-2
Added Pin To Net: NetName=LED_PIN_OUT4_U__LED_PORT3 Pin=Q6.3-2
Added Pin To Net: NetName=LED_PIN_OUT4_U__LED_PORT4 Pin=Q6.4-2
Added Pin To Net: NetName=LED_PIN_OUT4_U__LED_PORT5 Pin=Q6.5-2
Added Pin To Net: NetName=LED_PIN_OUT4_U__LED_PORT6 Pin=Q6.6-2
Added Pin To Net: NetName=LED_PIN_OUT4_U__LED_PORT7 Pin=Q6.7-2
Added Pin To Net: NetName=LED_PIN_OUT4_U__LED_PORT8 Pin=Q6.8-2
Added Pin To Net: NetName=LED_PIN_OUT4_U__LED_PORT9 Pin=Q6.9-2
Added Pin To Net: NetName=LED_PIN_OUT4_U__LED_PORT10 Pin=Q6.10-2
Added Pin To Net: NetName=LED_PIN_R1 Pin=U6.1-4
Added Pin To Net: NetName=LED_PIN_R2 Pin=U6.2-4
Added Pin To Net: NetName=LED_PIN_R3 Pin=U6.3-4
Added Pin To Net: NetName=LED_PIN_R4 Pin=U6.4-4
Added Pin To Net: NetName=LED_PIN_R5 Pin=U6.5-4
Added Pin To Net: NetName=LED_PIN_R6 Pin=U6.6-4
Added Pin To Net: NetName=LED_PIN_R7 Pin=U6.7-4
Added Pin To Net: NetName=LED_PIN_R8 Pin=U6.8-4
Added Pin To Net: NetName=LED_PIN_R9 Pin=U6.9-4
Added Pin To Net: NetName=LED_PIN_R10 Pin=U6.10-4
Added Pin To Net: NetName=LED_PIN_G1 Pin=U7.1-4
Added Pin To Net: NetName=LED_PIN_G2 Pin=U7.2-4
Added Pin To Net: NetName=LED_PIN_G3 Pin=U7.3-4
Added Pin To Net: NetName=LED_PIN_G4 Pin=U7.4-4
Added Pin To Net: NetName=LED_PIN_G5 Pin=U7.5-4
Added Pin To Net: NetName=LED_PIN_G6 Pin=U7.6-4
Added Pin To Net: NetName=LED_PIN_G7 Pin=U7.7-4
Added Pin To Net: NetName=LED_PIN_G8 Pin=U7.8-4
Added Pin To Net: NetName=LED_PIN_G9 Pin=U7.9-4
Added Pin To Net: NetName=LED_PIN_G10 Pin=U7.10-4
Added Pin To Net: NetName=LED_PIN_B1 Pin=U8.1-4
Added Pin To Net: NetName=LED_PIN_B2 Pin=U8.2-4
Added Pin To Net: NetName=LED_PIN_B3 Pin=U8.3-4
Added Pin To Net: NetName=LED_PIN_B4 Pin=U8.4-4
Added Pin To Net: NetName=LED_PIN_B5 Pin=U8.5-4
Added Pin To Net: NetName=LED_PIN_B6 Pin=U8.6-4
Added Pin To Net: NetName=LED_PIN_B7 Pin=U8.7-4
Added Pin To Net: NetName=LED_PIN_B8 Pin=U8.8-4
Added Pin To Net: NetName=LED_PIN_B9 Pin=U8.9-4
Added Pin To Net: NetName=LED_PIN_B10 Pin=U8.10-4
Added Pin To Net: NetName=LED_PIN_W1 Pin=U9.1-4
Added Pin To Net: NetName=LED_PIN_W2 Pin=U9.2-4
Added Pin To Net: NetName=LED_PIN_W3 Pin=U9.3-4
Added Pin To Net: NetName=LED_PIN_W4 Pin=U9.4-4
Added Pin To Net: NetName=LED_PIN_W5 Pin=U9.5-4
Added Pin To Net: NetName=LED_PIN_W6 Pin=U9.6-4
Added Pin To Net: NetName=LED_PIN_W7 Pin=U9.7-4
Added Pin To Net: NetName=LED_PIN_W8 Pin=U9.8-4
Added Pin To Net: NetName=LED_PIN_W9 Pin=U9.9-4
Added Pin To Net: NetName=LED_PIN_W10 Pin=U9.10-4
Change Net Name : Old Net Name=LED_PIN_OUT1_U__LED_PORT1 New Net Name=LED_PIN_OUT1_U__LED_PORT01
Change Net Name : Old Net Name=LED_PIN_OUT2_U__LED_PORT1 New Net Name=LED_PIN_OUT2_U__LED_PORT01
Change Net Name : Old Net Name=LED_PIN_OUT3_U__LED_PORT1 New Net Name=LED_PIN_OUT3_U__LED_PORT01
Added Pin To Net: NetName=LED_PIN_OUT4_U__LED_PORT01 Pin=D7.1-4
Added Pin To Net: NetName=LED_PIN_OUT4_U__LED_PORT01 Pin=J5.1-5
Added Pin To Net: NetName=LED_PIN_OUT4_U__LED_PORT01 Pin=Q6.1-2
Added Net: Name=LED_PIN_OUT4_U__LED_PORT01
Change Class Name : Old Net Name=U__LED_PORT1 New Net Name=U__LED_PORT01
Added Room: Name=U__LED_PORT01
