Removed Pin From Net: NetName=232TX Pin=J3-1
Removed Pin From Net: NetName=RXD Pin=J4-1
Removed Pin From Net: NetName=RXD3 Pin=J4-2
Removed Pin From Net: NetName=VCC Pin=J4-3
Removed Pin From Net: NetName=GND Pin=J4-4
Removed Pin From Net: NetName=EE_SDA Pin=J5-1
Removed Pin From Net: NetName=232RX Pin=J6-1
Removed Member From Class: ClassName=U_microcontroller Member=J3
Removed Member From Class: ClassName=U_microcontroller Member=J4
Removed Member From Class: ClassName=U_microcontroller Member=J5
Removed Member From Class: ClassName=U_microcontroller Member=J6
Removed Member From Class: ClassName=U_microcontroller Member=J7
Added Component: Designator=J1(PIN1)
Add component (AddParameter): Name = "LatestRevisionDate"; Value = "17-Jul-2002"; VariantName = "[No Variations]"
Add component (AddParameter): Name = "LatestRevisionNote"; Value = "Re-released for DXP Platform."; VariantName = "[No Variations]"
Add component (AddParameter): Name = "Publisher"; Value = "Altium Limited"; VariantName = "[No Variations]"
Added Component: Designator=J8(XH-Conn 1*4 straight)
Add component (AddParameter): Name = "ComponentLink1Description"; Value = "Datasheet"; VariantName = "[No Variations]"
Add component (AddParameter): Name = "ComponentLink1URL"; Value = "http://www.jst-mfg.com/product/pdf/eng/eXH.pdf"; VariantName = "[No Variations]"
Add component (AddParameter): Name = "ComponentLink2Description"; Value = "DigiKey Link"; VariantName = "[No Variations]"
Add component (AddParameter): Name = "ComponentLink2URL"; Value = "http://digikey.com/product-detail/en/jst-sales-america-inc/B4B-XH-A-LF-SN/455-2249-ND/1651047"; VariantName = "[No Variations]"
Add component (AddParameter): Name = "Connector Type"; Value = "Header"; VariantName = "[No Variations]"
Add component (AddParameter): Name = "Contact Finish - Mating"; Value = "Tin"; VariantName = "[No Variations]"
Add component (AddParameter): Name = "Contact Finish - Post"; Value = "Tin"; VariantName = "[No Variations]"
Add component (AddParameter): Name = "Contact Length - Post"; Value = "0.134" (3.40mm)"; VariantName = "[No Variations]"
Add component (AddParameter): Name = "Contact Material"; Value = "Brass"; VariantName = "[No Variations]"
Add component (AddParameter): Name = "Contact Shape"; Value = "Square"; VariantName = "[No Variations]"
Add component (AddParameter): Name = "Contact Type"; Value = "Male Pin"; VariantName = "[No Variations]"
Add component (AddParameter): Name = "Current Rating (Amps)"; Value = "3A"; VariantName = "[No Variations]"
Add component (AddParameter): Name = "Fastening Type"; Value = "Detent Lock"; VariantName = "[No Variations]"
Add component (AddParameter): Name = "Insulation Color"; Value = "Natural"; VariantName = "[No Variations]"
Add component (AddParameter): Name = "Insulation Height"; Value = "0.276" (7.00mm)"; VariantName = "[No Variations]"
Add component (AddParameter): Name = "Insulation Material"; Value = "Polyamide (PA66), Nylon 6/6"; VariantName = "[No Variations]"
Add component (AddParameter): Name = "LastUpdated"; Value = "1/12/2020 11:46:34 PM"; VariantName = "[No Variations]"
Add component (AddParameter): Name = "Lifecycle Status"; Value = "Active"; VariantName = "[No Variations]"
Add component (AddParameter): Name = "Manufacturer"; Value = "JST Sales America Inc."; VariantName = "[No Variations]"
Add component (AddParameter): Name = "Material Flammability Rating"; Value = "UL94 V-0"; VariantName = "[No Variations]"
Add component (AddParameter): Name = "Minimum Order"; Value = "1"; VariantName = "[No Variations]"
Add component (AddParameter): Name = "Mounting Type"; Value = "Through Hole"; VariantName = "[No Variations]"
Add component (AddParameter): Name = "Number of Positions"; Value = "4"; VariantName = "[No Variations]"
Add component (AddParameter): Name = "Number of Positions Loaded"; Value = "All"; VariantName = "[No Variations]"
Add component (AddParameter): Name = "Number of Rows"; Value = "1"; VariantName = "[No Variations]"
Add component (AddParameter): Name = "Operating Temperature"; Value = "-25°C ~ 85°C"; VariantName = "[No Variations]"
Add component (AddParameter): Name = "Packaging"; Value = "Bulk"; VariantName = "[No Variations]"
Add component (AddParameter): Name = "Part Number"; Value = "B4B-XH-A(LF)(SN)"; VariantName = "[No Variations]"
Add component (AddParameter): Name = "Part Status"; Value = "Active"; VariantName = "[No Variations]"
Add component (AddParameter): Name = "PartId"; Value = "69"; VariantName = "[No Variations]"
Add component (AddParameter): Name = "Pitch - Mating"; Value = "0.098" (2.50mm)"; VariantName = "[No Variations]"
Add component (AddParameter): Name = "Price"; Value = "0.21"; VariantName = "[No Variations]"
Add component (AddParameter): Name = "Series"; Value = "XH"; VariantName = "[No Variations]"
Add component (AddParameter): Name = "Shrouding"; Value = "Shrouded - 4 Wall"; VariantName = "[No Variations]"
Add component (AddParameter): Name = "Style"; Value = "Board to Cable/Wire"; VariantName = "[No Variations]"
Add component (AddParameter): Name = "Supplier 1"; Value = "DigiKey"; VariantName = "[No Variations]"
Add component (AddParameter): Name = "Supplier Part Number 1"; Value = "455-2249-ND"; VariantName = "[No Variations]"
Add component (AddParameter): Name = "Termination"; Value = "Press-Fit, Solder"; VariantName = "[No Variations]"
Add component (AddParameter): Name = "Voltage Rating"; Value = "250V"; VariantName = "[No Variations]"
Added Pin To Net: NetName=232TX Pin=J1-1
Added Pin To Net: NetName=232RX Pin=J3-1
Added Pin To Net: NetName=EE_SDA Pin=J6-1
Added Pin To Net: NetName=RXD3 Pin=J8-1
Added Pin To Net: NetName=RXD Pin=J8-2
Added Pin To Net: NetName=VCC Pin=J8-3
Added Pin To Net: NetName=GND Pin=J8-4
Added Member To Class: ClassName=U_Rs232 Member=Component J1 (J2) RS232
Added Member To Class: ClassName=U_Rs232 Member=Component J3 Socket
Added Member To Class: ClassName=U_EEPROM Member=Component J6 Socket
Added Member To Class: ClassName=U_EEPROM Member=Component J7 Socket
Added Member To Class: ClassName=U_USB_CH340G Member=Component J8 B4B-XH-A(LF)(SN)
Added Member To Class: ClassName=U__LED_PORT01 Member=Component R11.1 (R11) 1k
Added Member To Class: ClassName=U__LED_PORT2 Member=Component R11.2 (R11) 1k
Added Member To Class: ClassName=U__LED_PORT3 Member=Component R11.3 (R11) 1k
Added Member To Class: ClassName=U__LED_PORT4 Member=Component R11.4 (R11) 1k
Added Member To Class: ClassName=U__LED_PORT5 Member=Component R11.5 (R11) 1k
Added Member To Class: ClassName=U__LED_PORT6 Member=Component R11.6 (R11) 1k
Added Member To Class: ClassName=U__LED_PORT7 Member=Component R11.7 (R11) 1k
Added Member To Class: ClassName=U__LED_PORT8 Member=Component R11.8 (R11) 1k
Added Member To Class: ClassName=U__LED_PORT9 Member=Component R11.9 (R11) 1k
Added Member To Class: ClassName=U__LED_PORT10 Member=Component R11.10 (R11) 1k
