Reset Component Physical Designator: Old Designator=C1 New Designator=C?
Reset Component Physical Designator: Old Designator=C2 New Designator=C?
Reset Component Physical Designator: Old Designator=C3 New Designator=C?
Reset Component Physical Designator: Old Designator=C4 New Designator=C?
Reset Component Physical Designator: Old Designator=C5 New Designator=C?
Reset Component Physical Designator: Old Designator=C6 New Designator=C?
Reset Component Physical Designator: Old Designator=C7 New Designator=C?
Reset Component Physical Designator: Old Designator=C8 New Designator=C?
Reset Component Physical Designator: Old Designator=C9 New Designator=C?
Reset Component Physical Designator: Old Designator=C10 New Designator=C?
Reset Component Physical Designator: Old Designator=C11 New Designator=C?
Reset Component Physical Designator: Old Designator=C12 New Designator=C?
Reset Component Physical Designator: Old Designator=C13 New Designator=C?
Reset Component Physical Designator: Old Designator=C14 New Designator=C?
Reset Component Physical Designator: Old Designator=C15 New Designator=C?
Reset Component Physical Designator: Old Designator=C16 New Designator=C?
Reset Component Physical Designator: Old Designator=C17 New Designator=C?
Reset Component Physical Designator: Old Designator=C18 New Designator=C?
Reset Component Physical Designator: Old Designator=C19 New Designator=C?
Reset Component Physical Designator: Old Designator=C20 New Designator=C?
Reset Component Physical Designator: Old Designator=C21 New Designator=C?
Reset Component Physical Designator: Old Designator=C22 New Designator=C?
Reset Component Physical Designator: Old Designator=C23 New Designator=C?
Reset Component Physical Designator: Old Designator=C24 New Designator=C?
Reset Component Physical Designator: Old Designator=C25 New Designator=C?
Reset Component Physical Designator: Old Designator=C26 New Designator=C?
Reset Component Physical Designator: Old Designator=D1 New Designator=D?
Reset Component Physical Designator: Old Designator=D2 New Designator=D?
Reset Component Physical Designator: Old Designator=D3 New Designator=D?
Reset Component Physical Designator: Old Designator=D4 New Designator=D?
Reset Component Physical Designator: Old Designator=D5 New Designator=D?
Reset Component Physical Designator: Old Designator=D6 New Designator=D?
Reset Component Physical Designator: Old Designator=F1 New Designator=F?
Reset Component Physical Designator: Old Designator=J1 New Designator=J?
Reset Component Physical Designator: Old Designator=J2 New Designator=J?
Reset Component Physical Designator: Old Designator=J3 New Designator=J?
Reset Component Physical Designator: Old Designator=J4 New Designator=J?
Reset Component Physical Designator: Old Designator=Q1 New Designator=Q?
Reset Component Physical Designator: Old Designator=Q2 New Designator=Q?
Reset Component Physical Designator: Old Designator=R1 New Designator=R?
Reset Component Physical Designator: Old Designator=R2 New Designator=R?
Reset Component Physical Designator: Old Designator=R3 New Designator=R?
Reset Component Physical Designator: Old Designator=R4 New Designator=R?
Reset Component Physical Designator: Old Designator=R5 New Designator=R?
Reset Component Physical Designator: Old Designator=R6 New Designator=R?
Reset Component Physical Designator: Old Designator=R7 New Designator=R?
Reset Component Physical Designator: Old Designator=R8 New Designator=R?
Reset Component Physical Designator: Old Designator=R9 New Designator=R?
Reset Component Physical Designator: Old Designator=R10 New Designator=R?
Reset Component Physical Designator: Old Designator=S1 New Designator=S?
Reset Component Physical Designator: Old Designator=S2 New Designator=S?
Reset Component Physical Designator: Old Designator=U1 New Designator=U?
Reset Component Physical Designator: Old Designator=U2 New Designator=U?
Reset Component Physical Designator: Old Designator=U3 New Designator=U?
Reset Component Physical Designator: Old Designator=U3 New Designator=U?
Reset Component Physical Designator: Old Designator=U4 New Designator=U?
Reset Component Physical Designator: Old Designator=u5 New Designator=u?
Reset Component Physical Designator: Old Designator=Y1 New Designator=Y?
