Removed Pin From Net: NetName=LED_PIN_R7 Pin=U3-22
Removed Pin From Net: NetName=LED_PIN_G7 Pin=U3-23
Removed Pin From Net: NetName=LED_PIN_B7 Pin=U3-24
Removed Pin From Net: NetName=LED_PIN_W7 Pin=U3-25
Removed Pin From Net: NetName=LED_PIN_W3 Pin=U3-26
Removed Pin From Net: NetName=LED_PIN_B3 Pin=U3-27
Removed Pin From Net: NetName=LED_PIN_G3 Pin=U3-28
Removed Pin From Net: NetName=LED_PIN_R3 Pin=U3-29
Removed Pin From Net: NetName=LED_PIN_W4 Pin=U3-30
Removed Pin From Net: NetName=LED_PIN_B4 Pin=U3-31
Removed Pin From Net: NetName=LED_PIN_G4 Pin=U3-32
Removed Pin From Net: NetName=LED_PIN_R4 Pin=U3-33
Removed Pin From Net: NetName=LED_PIN_R5 Pin=U3-36
Removed Pin From Net: NetName=LED_PIN_G5 Pin=U3-37
Removed Pin From Net: NetName=LED_PIN_B5 Pin=U3-38
Removed Pin From Net: NetName=LED_PIN_W5 Pin=U3-39
Removed Pin From Net: NetName=LED_PIN_R6 Pin=U3-40
Removed Pin From Net: NetName=LED_PIN_G6 Pin=U3-41
Removed Pin From Net: NetName=LED_PIN_B6 Pin=U3-42
Removed Pin From Net: NetName=LED_PIN_W6 Pin=U3-43
Added Pin To Net: NetName=LED_PIN_R3 Pin=U3-22
Added Pin To Net: NetName=LED_PIN_G3 Pin=U3-23
Added Pin To Net: NetName=LED_PIN_B3 Pin=U3-24
Added Pin To Net: NetName=LED_PIN_W3 Pin=U3-25
Added Pin To Net: NetName=LED_PIN_W4 Pin=U3-26
Added Pin To Net: NetName=LED_PIN_B4 Pin=U3-27
Added Pin To Net: NetName=LED_PIN_G4 Pin=U3-28
Added Pin To Net: NetName=LED_PIN_R4 Pin=U3-29
Added Pin To Net: NetName=LED_PIN_W5 Pin=U3-30
Added Pin To Net: NetName=LED_PIN_B5 Pin=U3-31
Added Pin To Net: NetName=LED_PIN_G5 Pin=U3-32
Added Pin To Net: NetName=LED_PIN_R5 Pin=U3-33
Added Pin To Net: NetName=LED_PIN_R6 Pin=U3-36
Added Pin To Net: NetName=LED_PIN_G6 Pin=U3-37
Added Pin To Net: NetName=LED_PIN_B6 Pin=U3-38
Added Pin To Net: NetName=LED_PIN_W6 Pin=U3-39
Added Pin To Net: NetName=LED_PIN_R7 Pin=U3-40
Added Pin To Net: NetName=LED_PIN_G7 Pin=U3-41
Added Pin To Net: NetName=LED_PIN_B7 Pin=U3-42
Added Pin To Net: NetName=LED_PIN_W7 Pin=U3-43
