Removed Pin From Net: NetName=GND Pin=C25-2
Removed Pin From Net: NetName=GND Pin=C26-2
Removed Pin From Net: NetName=VCC Pin=C27-1
Removed Pin From Net: NetName=GND Pin=C27-2
Removed Pin From Net: NetName=GND Pin=C28-1
Removed Pin From Net: NetName=VCC Pin=C28-2
Removed Pin From Net: NetName=GND Pin=C29-1
Removed Pin From Net: NetName=+12 Pin=D5-2
Removed Pin From Net: NetName=GND Pin=D6-1
Removed Pin From Net: NetName=GND Pin=D7-1
Removed Pin From Net: NetName=NetF1_2 Pin=R10-2
Removed Pin From Net: NetName=VCC Pin=R11-2
Removed Pin From Net: NetName=GND Pin=R12-2
Removed Pin From Net: NetName=GND Pin=U9-1
Removed Pin From Net: NetName=VCC Pin=U9-2
Removed Pin From Net: NetName=NetF1_2 Pin=U9-3
Removed Pin From Net: NetName=VCC Pin=U9-4
Removed Member From Class: ClassName=U_microcontroller Member=D8
Removed Member From Class: ClassName=U_microcontroller Member=R12
Change Component Designator: OldDesignator=C1 NewDesignator=C6
Change Component Designator: OldDesignator=C2 NewDesignator=C7
Change Component Designator: OldDesignator=C3 NewDesignator=C8
Change Component Designator: OldDesignator=C4 NewDesignator=C9
Change Component Designator: OldDesignator=C5 NewDesignator=C10
Change Component Designator: OldDesignator=C6 NewDesignator=C11
Change Component Designator: OldDesignator=C7 NewDesignator=C12
Change Component Designator: OldDesignator=C8 NewDesignator=C13
Change Component Designator: OldDesignator=C9 NewDesignator=C14
Change Component Designator: OldDesignator=C10 NewDesignator=C15
Change Component Designator: OldDesignator=C11 NewDesignator=C16
Change Component Designator: OldDesignator=C12 NewDesignator=C17
Change Component Designator: OldDesignator=C13 NewDesignator=C18
Change Component Designator: OldDesignator=C14 NewDesignator=C19
Change Component Designator: OldDesignator=C15 NewDesignator=C20
Change Component Designator: OldDesignator=C16 NewDesignator=C21
Change Component Designator: OldDesignator=C17 NewDesignator=C22
Change Component Designator: OldDesignator=C18 NewDesignator=C23
Change Component Designator: OldDesignator=C19 NewDesignator=C24
Change Component Designator: OldDesignator=C20 NewDesignator=C25
Change Component Designator: OldDesignator=C21.1 NewDesignator=C26.1
Change Component Designator: OldDesignator=C21.2 NewDesignator=C26.2
Change Component Designator: OldDesignator=C21.3 NewDesignator=C26.3
Change Component Designator: OldDesignator=C21.4 NewDesignator=C26.4
Change Component Designator: OldDesignator=C21.5 NewDesignator=C26.5
Change Component Designator: OldDesignator=C21.6 NewDesignator=C26.6
Change Component Designator: OldDesignator=C21.7 NewDesignator=C26.7
Change Component Designator: OldDesignator=C21.8 NewDesignator=C26.8
Change Component Designator: OldDesignator=C21.9 NewDesignator=C26.9
Change Component Designator: OldDesignator=C21.10 NewDesignator=C26.10
Change Component Designator: OldDesignator=C22.1 NewDesignator=C27.1
Change Component Designator: OldDesignator=C22.2 NewDesignator=C27.2
Change Component Designator: OldDesignator=C22.3 NewDesignator=C27.3
Change Component Designator: OldDesignator=C22.4 NewDesignator=C27.4
Change Component Designator: OldDesignator=C22.5 NewDesignator=C27.5
Change Component Designator: OldDesignator=C22.6 NewDesignator=C27.6
Change Component Designator: OldDesignator=C22.7 NewDesignator=C27.7
Change Component Designator: OldDesignator=C22.8 NewDesignator=C27.8
Change Component Designator: OldDesignator=C22.9 NewDesignator=C27.9
Change Component Designator: OldDesignator=C22.10 NewDesignator=C27.10
Change Component Designator: OldDesignator=C23.1 NewDesignator=C28.1
Change Component Designator: OldDesignator=C23.2 NewDesignator=C28.2
Change Component Designator: OldDesignator=C23.3 NewDesignator=C28.3
Change Component Designator: OldDesignator=C23.4 NewDesignator=C28.4
Change Component Designator: OldDesignator=C23.5 NewDesignator=C28.5
Change Component Designator: OldDesignator=C23.6 NewDesignator=C28.6
Change Component Designator: OldDesignator=C23.7 NewDesignator=C28.7
Change Component Designator: OldDesignator=C23.8 NewDesignator=C28.8
Change Component Designator: OldDesignator=C23.9 NewDesignator=C28.9
Change Component Designator: OldDesignator=C23.10 NewDesignator=C28.10
Change Component Designator: OldDesignator=C24.1 NewDesignator=C29.1
Change Component Designator: OldDesignator=C24.2 NewDesignator=C29.2
Change Component Designator: OldDesignator=C24.3 NewDesignator=C29.3
Change Component Designator: OldDesignator=C24.4 NewDesignator=C29.4
Change Component Designator: OldDesignator=C24.5 NewDesignator=C29.5
Change Component Designator: OldDesignator=C24.6 NewDesignator=C29.6
Change Component Designator: OldDesignator=C24.7 NewDesignator=C29.7
Change Component Designator: OldDesignator=C24.8 NewDesignator=C29.8
Change Component Designator: OldDesignator=C24.9 NewDesignator=C29.9
Change Component Designator: OldDesignator=C24.10 NewDesignator=C29.10
Change Component Designator: OldDesignator=D1 NewDesignator=D5
Change Component Designator: OldDesignator=D2 NewDesignator=D6
Change Component Designator: OldDesignator=D3 NewDesignator=D7
Change Component Designator: OldDesignator=D4.1 NewDesignator=D8.1
Change Component Designator: OldDesignator=D4.2 NewDesignator=D8.2
Change Component Designator: OldDesignator=D4.3 NewDesignator=D8.3
Change Component Designator: OldDesignator=D4.4 NewDesignator=D8.4
Change Component Designator: OldDesignator=D4.5 NewDesignator=D8.5
Change Component Designator: OldDesignator=D4.6 NewDesignator=D8.6
Change Component Designator: OldDesignator=D4.7 NewDesignator=D8.7
Change Component Designator: OldDesignator=D4.8 NewDesignator=D8.8
Change Component Designator: OldDesignator=D4.9 NewDesignator=D8.9
Change Component Designator: OldDesignator=D4.10 NewDesignator=D8.10
Change Component Designator: OldDesignator=J1 NewDesignator=J2
Change Component Designator: OldDesignator=J2 NewDesignator=J3
Change Component Designator: OldDesignator=J3 NewDesignator=J4
Change Component Designator: OldDesignator=J4 NewDesignator=J5
Change Component Designator: OldDesignator=J5 NewDesignator=J6
Change Component Designator: OldDesignator=J6 NewDesignator=J7
Change Component Designator: OldDesignator=J7 NewDesignator=J8
Change Component Designator: OldDesignator=J8 NewDesignator=J9
Change Component Designator: OldDesignator=J9.1 NewDesignator=J10.1
Change Component Designator: OldDesignator=J9.2 NewDesignator=J10.2
Change Component Designator: OldDesignator=J9.3 NewDesignator=J10.3
Change Component Designator: OldDesignator=J9.4 NewDesignator=J10.4
Change Component Designator: OldDesignator=J9.5 NewDesignator=J10.5
Change Component Designator: OldDesignator=J9.6 NewDesignator=J10.6
Change Component Designator: OldDesignator=J9.7 NewDesignator=J10.7
Change Component Designator: OldDesignator=J9.8 NewDesignator=J10.8
Change Component Designator: OldDesignator=J9.9 NewDesignator=J10.9
Change Component Designator: OldDesignator=J9.10 NewDesignator=J10.10
Change Component Designator: OldDesignator=R1 NewDesignator=R4
Change Component Designator: OldDesignator=R2 NewDesignator=R5
Change Component Designator: OldDesignator=R3 NewDesignator=R6
Change Component Designator: OldDesignator=R4 NewDesignator=R7
Change Component Designator: OldDesignator=R5 NewDesignator=R8
Change Component Designator: OldDesignator=R6 NewDesignator=R9
Change Component Designator: OldDesignator=R7 NewDesignator=R10
Change Component Designator: OldDesignator=R8 NewDesignator=R11
Change Component Designator: OldDesignator=R9.1 NewDesignator=R12.1
Change Component Designator: OldDesignator=R9.2 NewDesignator=R12.2
Change Component Designator: OldDesignator=R9.3 NewDesignator=R12.3
Change Component Designator: OldDesignator=R9.4 NewDesignator=R12.4
Change Component Designator: OldDesignator=R9.5 NewDesignator=R12.5
Change Component Designator: OldDesignator=R9.6 NewDesignator=R12.6
Change Component Designator: OldDesignator=R9.7 NewDesignator=R12.7
Change Component Designator: OldDesignator=R9.8 NewDesignator=R12.8
Change Component Designator: OldDesignator=R9.9 NewDesignator=R12.9
Change Component Designator: OldDesignator=R9.10 NewDesignator=R12.10
Change Component Designator: OldDesignator=U1 NewDesignator=U2
Change Component Designator: OldDesignator=U2 NewDesignator=U3
Change Component Designator: OldDesignator=U3 NewDesignator=U4
Change Component Designator: OldDesignator=u4 NewDesignator=u5
Change Component Designator: OldDesignator=U5.1 NewDesignator=U6.1
Change Component Designator: OldDesignator=U5.2 NewDesignator=U6.2
Change Component Designator: OldDesignator=U5.3 NewDesignator=U6.3
Change Component Designator: OldDesignator=U5.4 NewDesignator=U6.4
Change Component Designator: OldDesignator=U5.5 NewDesignator=U6.5
Change Component Designator: OldDesignator=U5.6 NewDesignator=U6.6
Change Component Designator: OldDesignator=U5.7 NewDesignator=U6.7
Change Component Designator: OldDesignator=U5.8 NewDesignator=U6.8
Change Component Designator: OldDesignator=U5.9 NewDesignator=U6.9
Change Component Designator: OldDesignator=U5.10 NewDesignator=U6.10
Change Component Designator: OldDesignator=U6.1 NewDesignator=U7.1
Change Component Designator: OldDesignator=U6.2 NewDesignator=U7.2
Change Component Designator: OldDesignator=U6.3 NewDesignator=U7.3
Change Component Designator: OldDesignator=U6.4 NewDesignator=U7.4
Change Component Designator: OldDesignator=U6.5 NewDesignator=U7.5
Change Component Designator: OldDesignator=U6.6 NewDesignator=U7.6
Change Component Designator: OldDesignator=U6.7 NewDesignator=U7.7
Change Component Designator: OldDesignator=U6.8 NewDesignator=U7.8
Change Component Designator: OldDesignator=U6.9 NewDesignator=U7.9
Change Component Designator: OldDesignator=U6.10 NewDesignator=U7.10
Change Component Designator: OldDesignator=U7.1 NewDesignator=U8.1
Change Component Designator: OldDesignator=U7.2 NewDesignator=U8.2
Change Component Designator: OldDesignator=U7.3 NewDesignator=U8.3
Change Component Designator: OldDesignator=U7.4 NewDesignator=U8.4
Change Component Designator: OldDesignator=U7.5 NewDesignator=U8.5
Change Component Designator: OldDesignator=U7.6 NewDesignator=U8.6
Change Component Designator: OldDesignator=U7.7 NewDesignator=U8.7
Change Component Designator: OldDesignator=U7.8 NewDesignator=U8.8
Change Component Designator: OldDesignator=U7.9 NewDesignator=U8.9
Change Component Designator: OldDesignator=U7.10 NewDesignator=U8.10
Change Component Designator: OldDesignator=U8.1 NewDesignator=U9.1
Change Component Designator: OldDesignator=U8.2 NewDesignator=U9.2
Change Component Designator: OldDesignator=U8.3 NewDesignator=U9.3
Change Component Designator: OldDesignator=U8.4 NewDesignator=U9.4
Change Component Designator: OldDesignator=U8.5 NewDesignator=U9.5
Change Component Designator: OldDesignator=U8.6 NewDesignator=U9.6
Change Component Designator: OldDesignator=U8.7 NewDesignator=U9.7
Change Component Designator: OldDesignator=U8.8 NewDesignator=U9.8
Change Component Designator: OldDesignator=U8.9 NewDesignator=U9.9
Change Component Designator: OldDesignator=U8.10 NewDesignator=U9.10
Added Component: Designator=C1(Cap 6.3x11 THT)
Added Component: Designator=C2(Cap 6.3x11 THT)
Added Component: Designator=C3(CAP SMD 0805)
Added Component: Designator=C4(Cap 6.3x11 THT)
Added Component: Designator=C5(CAP SMD 0805)
Added Component: Designator=D1(LED 0805)
Added Component: Designator=D2(Diod DO-214AC)
Add component (AddParameter): Name = "Code_JEDEC"; Value = "DO-214-AB"; VariantName = "[No Variations]"
Add component (AddParameter): Name = "LatestRevisionDate"; Value = "17-Jul-2002"; VariantName = "[No Variations]"
Add component (AddParameter): Name = "LatestRevisionNote"; Value = "Re-released for DXP Platform."; VariantName = "[No Variations]"
Add component (AddParameter): Name = "PackageDescription"; Value = "DO-214-AB/SMC; 2 C-Bend Leads; Body 7.9 x 5.9 mm, inc. leads (LxW)"; VariantName = "[No Variations]"
Add component (AddParameter): Name = "PackageReference"; Value = "SMC"; VariantName = "[No Variations]"
Add component (AddParameter): Name = "PackageVersion"; Value = "Sep-1996"; VariantName = "[No Variations]"
Add component (AddParameter): Name = "Published"; Value = "8-Jun-2000"; VariantName = "[No Variations]"
Add component (AddParameter): Name = "Publisher"; Value = "Altium Limited"; VariantName = "[No Variations]"
Added Component: Designator=D3(LED 0805)
Added Component: Designator=D4(LED 0805)
Added Component: Designator=J1(PIN1)
Add component (AddParameter): Name = "LatestRevisionDate"; Value = "17-Jul-2002"; VariantName = "[No Variations]"
Add component (AddParameter): Name = "LatestRevisionNote"; Value = "Re-released for DXP Platform."; VariantName = "[No Variations]"
Add component (AddParameter): Name = "Publisher"; Value = "Altium Limited"; VariantName = "[No Variations]"
Added Component: Designator=R1(RES SMD 0805)
Added Component: Designator=R2(RES SMD 0805)
Added Component: Designator=R3(RES SMD 0805)
Added Component: Designator=U1(ON SEMI SOT-223 ST(318H))
Add component (AddParameter): Name = "Code_IPC"; Value = "SOT223-4"; VariantName = "[No Variations]"
Add component (AddParameter): Name = "Code_JEDEC"; Value = "TO-261-AA"; VariantName = "[No Variations]"
Add component (AddParameter): Name = "ComponentLink1Description"; Value = "Manufacturer URL"; VariantName = "[No Variations]"
Add component (AddParameter): Name = "ComponentLink1URL"; Value = "http://www.national.com/"; VariantName = "[No Variations]"
Add component (AddParameter): Name = "ComponentLink2Description"; Value = "LM1117 Datasheet"; VariantName = "[No Variations]"
Add component (AddParameter): Name = "ComponentLink2URL"; Value = "http://www.national.com/ds/LM/LM1117.pdf"; VariantName = "[No Variations]"
Add component (AddParameter): Name = "ComponentLink3Description"; Value = "LM1117 Web Page"; VariantName = "[No Variations]"
Add component (AddParameter): Name = "ComponentLink3URL"; Value = "http://www.national.com/pf/LM/LM1117.html"; VariantName = "[No Variations]"
Add component (AddParameter): Name = "ComponentLink4Description"; Value = "MP04A Package Page"; VariantName = "[No Variations]"
Add component (AddParameter): Name = "ComponentLink4URL"; Value = "http://www.national.com/packaging/folders/mp04a.html"; VariantName = "[No Variations]"
Add component (AddParameter): Name = "CompType"; Value = "LDO IC"; VariantName = "[No Variations]"
Add component (AddParameter): Name = "DatasheetVersion"; Value = "Apr-2006"; VariantName = "[No Variations]"
Add component (AddParameter): Name = "High-Reliability"; Value = "Y"; VariantName = "[No Variations]"
Add component (AddParameter): Name = "Manufacturer"; Value = "National Semiconductor"; VariantName = "[No Variations]"
Add component (AddParameter): Name = "PackageDescription"; Value = "Molded SOT-223, 6.50 x 3.56 x 1.6mm Body, 4 Lead, 2.3mm Pitch"; VariantName = "[No Variations]"
Add component (AddParameter): Name = "PackageReference"; Value = "MP04A"; VariantName = "[No Variations]"
Add component (AddParameter): Name = "PackageTopMarking"; Value = "XYTT*N06B"; VariantName = "[No Variations]"
Add component (AddParameter): Name = "PackageVersion"; Value = "revB, Apr-2003"; VariantName = "[No Variations]"
Add component (AddParameter): Name = "PartNumber"; Value = "LM1117IMP-5.0/NOPB"; VariantName = "[No Variations]"
Add component (AddParameter): Name = "PinCount"; Value = "4"; VariantName = "[No Variations]"
Add component (AddParameter): Name = "PowerWise"; Value = "N"; VariantName = "[No Variations]"
Add component (AddParameter): Name = "RoHS"; Value = "Y"; VariantName = "[No Variations]"
Added Pin To Net: NetName=GND Pin=C1-2
Added Pin To Net: NetName=GND Pin=C2-2
Added Pin To Net: NetName=GND Pin=C3-1
Added Pin To Net: NetName=VCC Pin=C4-1
Added Pin To Net: NetName=GND Pin=C4-2
Added Pin To Net: NetName=GND Pin=C5-1
Added Pin To Net: NetName=VCC Pin=C5-2
Added Pin To Net: NetName=+12 Pin=D2-2
Added Pin To Net: NetName=GND Pin=D3-1
Added Pin To Net: NetName=GND Pin=D4-1
Added Pin To Net: NetName=GND Pin=R1-2
Added Pin To Net: NetName=NetF1_2 Pin=R2-2
Added Pin To Net: NetName=VCC Pin=R3-2
Added Pin To Net: NetName=GND Pin=U1-1
Added Pin To Net: NetName=VCC Pin=U1-2
Added Pin To Net: NetName=NetF1_2 Pin=U1-3
Added Pin To Net: NetName=VCC Pin=U1-4
Change Net Name : Old Net Name=NetC1_1 New Net Name=NetC6_1
Change Net Name : Old Net Name=NetC1_2 New Net Name=NetC6_2
Change Net Name : Old Net Name=NetC2_1 New Net Name=NetC7_1
Change Net Name : Old Net Name=NetC2_2 New Net Name=NetC7_2
Change Net Name : Old Net Name=NetC3_2 New Net Name=NetC8_2
Change Net Name : Old Net Name=NetC4_1 New Net Name=NetC9_1
Change Net Name : Old Net Name=NetC6_2 New Net Name=NetC11_2
Change Net Name : Old Net Name=NetC19_2 New Net Name=NetC24_2
Change Net Name : Old Net Name=NetC20_2 New Net Name=NetC25_2
Change Net Name : Old Net Name=NetD1_2 New Net Name=NetD5_2
Change Net Name : Old Net Name=NetD2_2 New Net Name=NetD6_2
Change Net Name : Old Net Name=NetD4.1_2 New Net Name=NetD8.1_2
Change Net Name : Old Net Name=NetD4.2_2 New Net Name=NetD8.2_2
Change Net Name : Old Net Name=NetD4.3_2 New Net Name=NetD8.3_2
Change Net Name : Old Net Name=NetD4.4_2 New Net Name=NetD8.4_2
Change Net Name : Old Net Name=NetD4.5_2 New Net Name=NetD8.5_2
Change Net Name : Old Net Name=NetD4.6_2 New Net Name=NetD8.6_2
Change Net Name : Old Net Name=NetD4.7_2 New Net Name=NetD8.7_2
Change Net Name : Old Net Name=NetD4.8_2 New Net Name=NetD8.8_2
Change Net Name : Old Net Name=NetD4.9_2 New Net Name=NetD8.9_2
Change Net Name : Old Net Name=NetD4.10_2 New Net Name=NetD8.10_2
Change Net Name : Old Net Name=NetJ2_1 New Net Name=NetJ3_1
Change Net Name : Old Net Name=NetJ2_2 New Net Name=NetJ3_2
Change Net Name : Old Net Name=NetU2_4 New Net Name=NetU3_4
Change Net Name : Old Net Name=NetU2_48 New Net Name=NetU3_48
Change Net Name : Old Net Name=NetU2_49 New Net Name=NetU3_49
Added Pin To Net: NetName=NetC1_1 Pin=C1-1
Added Pin To Net: NetName=NetC1_1 Pin=C2-1
Added Pin To Net: NetName=NetC1_1 Pin=C3-2
Added Pin To Net: NetName=NetC1_1 Pin=D2-1
Added Pin To Net: NetName=NetC1_1 Pin=F1-1
Added Net: Name=NetC1_1
Added Pin To Net: NetName=NetD1_1 Pin=D1-1
Added Pin To Net: NetName=NetD1_1 Pin=R1-1
Added Net: Name=NetD1_1
Added Pin To Net: NetName=NetD1_2 Pin=D1-2
Added Pin To Net: NetName=NetD1_2 Pin=U3-5
Added Net: Name=NetD1_2
Added Pin To Net: NetName=NetD3_2 Pin=D3-2
Added Pin To Net: NetName=NetD3_2 Pin=R2-1
Added Net: Name=NetD3_2
Added Pin To Net: NetName=NetD4_2 Pin=D4-2
Added Pin To Net: NetName=NetD4_2 Pin=R3-1
Added Net: Name=NetD4_2
Added Pin To Net: NetName=NetJ1_1 Pin=J1-1
Added Pin To Net: NetName=NetJ1_1 Pin=S1-1B
Added Pin To Net: NetName=NetJ1_1 Pin=U3-62
Added Net: Name=NetJ1_1
Added Member To Class: ClassName=U_Rs232 Member=Component C6 C0805C105K5RACAUTO
Added Member To Class: ClassName=U_Rs232 Member=Component C7 C0805C105K5RACAUTO
Added Member To Class: ClassName=U_Rs232 Member=Component C8 C0805C105K5RACAUTO
Added Member To Class: ClassName=U_Rs232 Member=Component C9 C0805C105K5RACAUTO
Added Member To Class: ClassName=U_Rs232 Member=Component C10 C0805C104M5RAC7025
Added Member To Class: ClassName=DIY-USB Led Controller Member=Component D1 LY R976-PS-36
Added Member To Class: ClassName=U_Rs232 Member=Component D2 1KV_1A
Added Member To Class: ClassName=U_Rs232 Member=Component D3 LS R976-NR-1
Added Member To Class: ClassName=U_Rs232 Member=Component D4 LG R971-KN-1
Added Member To Class: ClassName=U_Rs232 Member=Component F1 Farnell no: 1861197
Added Member To Class: ClassName=DIY-USB Led Controller Member=Component J1 Socket
Added Member To Class: ClassName=DIY-USB Led Controller Member=Component R1 1K
Added Member To Class: ClassName=U_Rs232 Member=Component R2 10K
Added Member To Class: ClassName=U_Rs232 Member=Component R3 1K
Added Member To Class: ClassName=U_Rs232 Member=Component U2 MAX232DR
