Removed Pin From Net: NetName=232TX Pin=U3-2
Removed Pin From Net: NetName=232RX Pin=U3-3
Removed Pin From Net: NetName=RXD Pin=U3-8
Removed Pin From Net: NetName=RXD3 Pin=U3-9
Removed Pin From Net: NetName=EE_SDA Pin=U3-10
Removed Pin From Net: NetName=EE_SCL Pin=U3-11
Removed Pin From Net: NetName=LED_PIN_W1 Pin=U3-12
Removed Pin From Net: NetName=LED_PIN_B1 Pin=U3-13
Removed Pin From Net: NetName=LED_PIN_G1 Pin=U3-14
Removed Pin From Net: NetName=LED_PIN_R1 Pin=U3-15
Removed Pin From Net: NetName=LED_PIN_W2 Pin=U3-16
Removed Pin From Net: NetName=LED_PIN_B2 Pin=U3-17
Removed Pin From Net: NetName=LED_PIN_G2 Pin=U3-18
Removed Pin From Net: NetName=LED_PIN_R2 Pin=U3-19
Removed Pin From Net: NetName=LED_PIN_W3 Pin=U3-22
Removed Pin From Net: NetName=LED_PIN_B3 Pin=U3-23
Removed Pin From Net: NetName=LED_PIN_G3 Pin=U3-24
Removed Pin From Net: NetName=LED_PIN_R3 Pin=U3-25
Removed Pin From Net: NetName=LED_PIN_W4 Pin=U3-26
Removed Pin From Net: NetName=LED_PIN_B4 Pin=U3-27
Removed Pin From Net: NetName=LED_PIN_G4 Pin=U3-28
Removed Pin From Net: NetName=LED_PIN_R4 Pin=U3-29
Removed Pin From Net: NetName=LED_PIN_W5 Pin=U3-30
Removed Pin From Net: NetName=LED_PIN_B5 Pin=U3-31
Removed Pin From Net: NetName=LED_PIN_G5 Pin=U3-32
Removed Pin From Net: NetName=LED_PIN_R5 Pin=U3-33
Removed Pin From Net: NetName=LED_PIN_W6 Pin=U3-36
Removed Pin From Net: NetName=LED_PIN_B6 Pin=U3-37
Removed Pin From Net: NetName=LED_PIN_G6 Pin=U3-38
Removed Pin From Net: NetName=LED_PIN_R6 Pin=U3-39
Removed Pin From Net: NetName=LED_PIN_W7 Pin=U3-40
Removed Pin From Net: NetName=LED_PIN_B7 Pin=U3-41
Removed Pin From Net: NetName=LED_PIN_G7 Pin=U3-42
Removed Pin From Net: NetName=LED_PIN_R7 Pin=U3-43
Removed Pin From Net: NetName=LED_PIN_W8 Pin=U3-44
Removed Pin From Net: NetName=LED_PIN_B8 Pin=U3-45
Removed Pin From Net: NetName=LED_PIN_G8 Pin=U3-46
Removed Pin From Net: NetName=LED_PIN_R8 Pin=U3-47
Removed Pin From Net: NetName=NetC11_2 Pin=U3-50
Removed Pin From Net: NetName=UPDI Pin=U3-51
Removed Pin From Net: NetName=LED_PIN_W9 Pin=U3-52
Removed Pin From Net: NetName=LED_PIN_B9 Pin=U3-53
Removed Pin From Net: NetName=LED_PIN_G9 Pin=U3-54
Removed Pin From Net: NetName=LED_PIN_R9 Pin=U3-55
Removed Pin From Net: NetName=LED_PIN_W10 Pin=U3-58
Removed Pin From Net: NetName=LED_PIN_B10 Pin=U3-59
Removed Pin From Net: NetName=LED_PIN_G10 Pin=U3-60
Removed Pin From Net: NetName=LED_PIN_R10 Pin=U3-61
Removed Member From Class: ClassName=U_microcontroller Member=J8
Change Component Footprint: Designator=U3 Old Footprint=64-LQFP New Footprint=64-TQFP
Change Component Designator: OldDesignator=C1 NewDesignator=C?
Change Component Designator: OldDesignator=C2 NewDesignator=C?
Change Component Designator: OldDesignator=C3 NewDesignator=C?
Change Component Designator: OldDesignator=C4 NewDesignator=C?
Change Component Designator: OldDesignator=C5 NewDesignator=C?
Change Component Designator: OldDesignator=C6 NewDesignator=C?
Change Component Designator: OldDesignator=C7 NewDesignator=C?
Change Component Designator: OldDesignator=C8 NewDesignator=C?
Change Component Designator: OldDesignator=C9 NewDesignator=C?
Change Component Designator: OldDesignator=C10 NewDesignator=C?
Change Component Designator: OldDesignator=C11 NewDesignator=C?
Change Component Designator: OldDesignator=C12 NewDesignator=C?
Change Component Designator: OldDesignator=C13 NewDesignator=C?
Change Component Designator: OldDesignator=C14 NewDesignator=C?
Change Component Designator: OldDesignator=C15 NewDesignator=C?
Change Component Designator: OldDesignator=C16 NewDesignator=C?
Change Component Designator: OldDesignator=C17 NewDesignator=C?
Change Component Designator: OldDesignator=C18 NewDesignator=C?
Change Component Designator: OldDesignator=C19 NewDesignator=C?
Change Component Designator: OldDesignator=C20 NewDesignator=C?
Change Component Designator: OldDesignator=C21 NewDesignator=C?
Change Component Designator: OldDesignator=C22 NewDesignator=C?
Change Component Designator: OldDesignator=C23 NewDesignator=C?
Change Component Designator: OldDesignator=C24 NewDesignator=C?
Change Component Designator: OldDesignator=C25 NewDesignator=C?
Change Component Designator: OldDesignator=C26.1 NewDesignator=C?_U__LED_PORT01
Change Component Designator: OldDesignator=C26.2 NewDesignator=C?_U__LED_PORT2
Change Component Designator: OldDesignator=C26.3 NewDesignator=C?_U__LED_PORT3
Change Component Designator: OldDesignator=C26.4 NewDesignator=C?_U__LED_PORT4
Change Component Designator: OldDesignator=C26.5 NewDesignator=C?_U__LED_PORT5
Change Component Designator: OldDesignator=C26.6 NewDesignator=C?_U__LED_PORT6
Change Component Designator: OldDesignator=C26.7 NewDesignator=C?_U__LED_PORT7
Change Component Designator: OldDesignator=C26.8 NewDesignator=C?_U__LED_PORT8
Change Component Designator: OldDesignator=C26.9 NewDesignator=C?_U__LED_PORT9
Change Component Designator: OldDesignator=C26.10 NewDesignator=C?_U__LED_PORT10
Change Component Designator: OldDesignator=C27.1 NewDesignator=C?_U__LED_PORT01
Change Component Designator: OldDesignator=C27.2 NewDesignator=C?_U__LED_PORT2
Change Component Designator: OldDesignator=C27.3 NewDesignator=C?_U__LED_PORT3
Change Component Designator: OldDesignator=C27.4 NewDesignator=C?_U__LED_PORT4
Change Component Designator: OldDesignator=C27.5 NewDesignator=C?_U__LED_PORT5
Change Component Designator: OldDesignator=C27.6 NewDesignator=C?_U__LED_PORT6
Change Component Designator: OldDesignator=C27.7 NewDesignator=C?_U__LED_PORT7
Change Component Designator: OldDesignator=C27.8 NewDesignator=C?_U__LED_PORT8
Change Component Designator: OldDesignator=C27.9 NewDesignator=C?_U__LED_PORT9
Change Component Designator: OldDesignator=C27.10 NewDesignator=C?_U__LED_PORT10
Change Component Designator: OldDesignator=C28.1 NewDesignator=C?_U__LED_PORT01
Change Component Designator: OldDesignator=C28.2 NewDesignator=C?_U__LED_PORT2
Change Component Designator: OldDesignator=C28.3 NewDesignator=C?_U__LED_PORT3
Change Component Designator: OldDesignator=C28.4 NewDesignator=C?_U__LED_PORT4
Change Component Designator: OldDesignator=C28.5 NewDesignator=C?_U__LED_PORT5
Change Component Designator: OldDesignator=C28.6 NewDesignator=C?_U__LED_PORT6
Change Component Designator: OldDesignator=C28.7 NewDesignator=C?_U__LED_PORT7
Change Component Designator: OldDesignator=C28.8 NewDesignator=C?_U__LED_PORT8
Change Component Designator: OldDesignator=C28.9 NewDesignator=C?_U__LED_PORT9
Change Component Designator: OldDesignator=C28.10 NewDesignator=C?_U__LED_PORT10
Change Component Designator: OldDesignator=C29.1 NewDesignator=C?_U__LED_PORT01
Change Component Designator: OldDesignator=C29.2 NewDesignator=C?_U__LED_PORT2
Change Component Designator: OldDesignator=C29.3 NewDesignator=C?_U__LED_PORT3
Change Component Designator: OldDesignator=C29.4 NewDesignator=C?_U__LED_PORT4
Change Component Designator: OldDesignator=C29.5 NewDesignator=C?_U__LED_PORT5
Change Component Designator: OldDesignator=C29.6 NewDesignator=C?_U__LED_PORT6
Change Component Designator: OldDesignator=C29.7 NewDesignator=C?_U__LED_PORT7
Change Component Designator: OldDesignator=C29.8 NewDesignator=C?_U__LED_PORT8
Change Component Designator: OldDesignator=C29.9 NewDesignator=C?_U__LED_PORT9
Change Component Designator: OldDesignator=C29.10 NewDesignator=C?_U__LED_PORT10
Change Component Designator: OldDesignator=D1 NewDesignator=D?
Change Component Designator: OldDesignator=D2 NewDesignator=D?
Change Component Designator: OldDesignator=D3 NewDesignator=D?
Change Component Designator: OldDesignator=D4 NewDesignator=D?
Change Component Designator: OldDesignator=D5 NewDesignator=D?
Change Component Designator: OldDesignator=D6 NewDesignator=D?
Change Component Designator: OldDesignator=D7.1 NewDesignator=D?_U__LED_PORT01
Change Component Designator: OldDesignator=D7.2 NewDesignator=D?_U__LED_PORT2
Change Component Designator: OldDesignator=D7.3 NewDesignator=D?_U__LED_PORT3
Change Component Designator: OldDesignator=D7.4 NewDesignator=D?_U__LED_PORT4
Change Component Designator: OldDesignator=D7.5 NewDesignator=D?_U__LED_PORT5
Change Component Designator: OldDesignator=D7.6 NewDesignator=D?_U__LED_PORT6
Change Component Designator: OldDesignator=D7.7 NewDesignator=D?_U__LED_PORT7
Change Component Designator: OldDesignator=D7.8 NewDesignator=D?_U__LED_PORT8
Change Component Designator: OldDesignator=D7.9 NewDesignator=D?_U__LED_PORT9
Change Component Designator: OldDesignator=D7.10 NewDesignator=D?_U__LED_PORT10
Change Component Designator: OldDesignator=F1 NewDesignator=F?
Change Component Designator: OldDesignator=J1 NewDesignator=J?
Change Component Designator: OldDesignator=J1 NewDesignator=J?
Change Component Designator: OldDesignator=J2 NewDesignator=J?
Change Component Designator: OldDesignator=J3 NewDesignator=J?
Change Component Designator: OldDesignator=J6 NewDesignator=J?
Change Component Designator: OldDesignator=J7 NewDesignator=J?
Change Component Designator: OldDesignator=J8 NewDesignator=J?
Change Component Designator: OldDesignator=J8 NewDesignator=J?
Change Component Designator: OldDesignator=J9 NewDesignator=J?
Change Component Designator: OldDesignator=J10.1 NewDesignator=J?_U__LED_PORT01
Change Component Designator: OldDesignator=J10.2 NewDesignator=J?_U__LED_PORT2
Change Component Designator: OldDesignator=J10.3 NewDesignator=J?_U__LED_PORT3
Change Component Designator: OldDesignator=J10.4 NewDesignator=J?_U__LED_PORT4
Change Component Designator: OldDesignator=J10.5 NewDesignator=J?_U__LED_PORT5
Change Component Designator: OldDesignator=J10.6 NewDesignator=J?_U__LED_PORT6
Change Component Designator: OldDesignator=J10.7 NewDesignator=J?_U__LED_PORT7
Change Component Designator: OldDesignator=J10.8 NewDesignator=J?_U__LED_PORT8
Change Component Designator: OldDesignator=J10.9 NewDesignator=J?_U__LED_PORT9
Change Component Designator: OldDesignator=J10.10 NewDesignator=J?_U__LED_PORT10
Change Component Designator: OldDesignator=Q1 NewDesignator=Q?
Change Component Designator: OldDesignator=Q2 NewDesignator=Q?
Change Component Designator: OldDesignator=Q3.1 NewDesignator=Q?_U__LED_PORT01
Change Component Designator: OldDesignator=Q3.2 NewDesignator=Q?_U__LED_PORT2
Change Component Designator: OldDesignator=Q3.3 NewDesignator=Q?_U__LED_PORT3
Change Component Designator: OldDesignator=Q3.4 NewDesignator=Q?_U__LED_PORT4
Change Component Designator: OldDesignator=Q3.5 NewDesignator=Q?_U__LED_PORT5
Change Component Designator: OldDesignator=Q3.6 NewDesignator=Q?_U__LED_PORT6
Change Component Designator: OldDesignator=Q3.7 NewDesignator=Q?_U__LED_PORT7
Change Component Designator: OldDesignator=Q3.8 NewDesignator=Q?_U__LED_PORT8
Change Component Designator: OldDesignator=Q3.9 NewDesignator=Q?_U__LED_PORT9
Change Component Designator: OldDesignator=Q3.10 NewDesignator=Q?_U__LED_PORT10
Change Component Designator: OldDesignator=Q4.1 NewDesignator=Q?_U__LED_PORT01
Change Component Designator: OldDesignator=Q4.2 NewDesignator=Q?_U__LED_PORT2
Change Component Designator: OldDesignator=Q4.3 NewDesignator=Q?_U__LED_PORT3
Change Component Designator: OldDesignator=Q4.4 NewDesignator=Q?_U__LED_PORT4
Change Component Designator: OldDesignator=Q4.5 NewDesignator=Q?_U__LED_PORT5
Change Component Designator: OldDesignator=Q4.6 NewDesignator=Q?_U__LED_PORT6
Change Component Designator: OldDesignator=Q4.7 NewDesignator=Q?_U__LED_PORT7
Change Component Designator: OldDesignator=Q4.8 NewDesignator=Q?_U__LED_PORT8
Change Component Designator: OldDesignator=Q4.9 NewDesignator=Q?_U__LED_PORT9
Change Component Designator: OldDesignator=Q4.10 NewDesignator=Q?_U__LED_PORT10
Change Component Designator: OldDesignator=Q5.1 NewDesignator=Q?_U__LED_PORT01
Change Component Designator: OldDesignator=Q5.2 NewDesignator=Q?_U__LED_PORT2
Change Component Designator: OldDesignator=Q5.3 NewDesignator=Q?_U__LED_PORT3
Change Component Designator: OldDesignator=Q5.4 NewDesignator=Q?_U__LED_PORT4
Change Component Designator: OldDesignator=Q5.5 NewDesignator=Q?_U__LED_PORT5
Change Component Designator: OldDesignator=Q5.6 NewDesignator=Q?_U__LED_PORT6
Change Component Designator: OldDesignator=Q5.7 NewDesignator=Q?_U__LED_PORT7
Change Component Designator: OldDesignator=Q5.8 NewDesignator=Q?_U__LED_PORT8
Change Component Designator: OldDesignator=Q5.9 NewDesignator=Q?_U__LED_PORT9
Change Component Designator: OldDesignator=Q5.10 NewDesignator=Q?_U__LED_PORT10
Change Component Designator: OldDesignator=Q6.1 NewDesignator=Q?_U__LED_PORT01
Change Component Designator: OldDesignator=Q6.2 NewDesignator=Q?_U__LED_PORT2
Change Component Designator: OldDesignator=Q6.3 NewDesignator=Q?_U__LED_PORT3
Change Component Designator: OldDesignator=Q6.4 NewDesignator=Q?_U__LED_PORT4
Change Component Designator: OldDesignator=Q6.5 NewDesignator=Q?_U__LED_PORT5
Change Component Designator: OldDesignator=Q6.6 NewDesignator=Q?_U__LED_PORT6
Change Component Designator: OldDesignator=Q6.7 NewDesignator=Q?_U__LED_PORT7
Change Component Designator: OldDesignator=Q6.8 NewDesignator=Q?_U__LED_PORT8
Change Component Designator: OldDesignator=Q6.9 NewDesignator=Q?_U__LED_PORT9
Change Component Designator: OldDesignator=Q6.10 NewDesignator=Q?_U__LED_PORT10
Change Component Designator: OldDesignator=R1 NewDesignator=R?
Change Component Designator: OldDesignator=R2 NewDesignator=R?
Change Component Designator: OldDesignator=R3 NewDesignator=R?
Change Component Designator: OldDesignator=R4 NewDesignator=R?
Change Component Designator: OldDesignator=R5 NewDesignator=R?
Change Component Designator: OldDesignator=R6 NewDesignator=R?
Change Component Designator: OldDesignator=R7 NewDesignator=R?
Change Component Designator: OldDesignator=R8 NewDesignator=R?
Change Component Designator: OldDesignator=R9 NewDesignator=R?
Change Component Designator: OldDesignator=R10 NewDesignator=R?
Change Component Designator: OldDesignator=R11.1 NewDesignator=R?_U__LED_PORT01
Change Component Designator: OldDesignator=R11.2 NewDesignator=R?_U__LED_PORT2
Change Component Designator: OldDesignator=R11.3 NewDesignator=R?_U__LED_PORT3
Change Component Designator: OldDesignator=R11.4 NewDesignator=R?_U__LED_PORT4
Change Component Designator: OldDesignator=R11.5 NewDesignator=R?_U__LED_PORT5
Change Component Designator: OldDesignator=R11.6 NewDesignator=R?_U__LED_PORT6
Change Component Designator: OldDesignator=R11.7 NewDesignator=R?_U__LED_PORT7
Change Component Designator: OldDesignator=R11.8 NewDesignator=R?_U__LED_PORT8
Change Component Designator: OldDesignator=R11.9 NewDesignator=R?_U__LED_PORT9
Change Component Designator: OldDesignator=R11.10 NewDesignator=R?_U__LED_PORT10
Change Component Designator: OldDesignator=S1 NewDesignator=S?
Change Component Designator: OldDesignator=S2 NewDesignator=S?
Change Component Designator: OldDesignator=U1 NewDesignator=U?
Change Component Designator: OldDesignator=U2 NewDesignator=U?
Change Component Designator: OldDesignator=U3 NewDesignator=U?
Change Component Designator: OldDesignator=U4 NewDesignator=U?
Change Component Designator: OldDesignator=u5 NewDesignator=u?
Change Component Designator: OldDesignator=U6.1 NewDesignator=U?_U__LED_PORT01
Change Component Designator: OldDesignator=U6.2 NewDesignator=U?_U__LED_PORT2
Change Component Designator: OldDesignator=U6.3 NewDesignator=U?_U__LED_PORT3
Change Component Designator: OldDesignator=U6.4 NewDesignator=U?_U__LED_PORT4
Change Component Designator: OldDesignator=U6.5 NewDesignator=U?_U__LED_PORT5
Change Component Designator: OldDesignator=U6.6 NewDesignator=U?_U__LED_PORT6
Change Component Designator: OldDesignator=U6.7 NewDesignator=U?_U__LED_PORT7
Change Component Designator: OldDesignator=U6.8 NewDesignator=U?_U__LED_PORT8
Change Component Designator: OldDesignator=U6.9 NewDesignator=U?_U__LED_PORT9
Change Component Designator: OldDesignator=U6.10 NewDesignator=U?_U__LED_PORT10
Change Component Designator: OldDesignator=U7.1 NewDesignator=U?_U__LED_PORT01
Change Component Designator: OldDesignator=U7.2 NewDesignator=U?_U__LED_PORT2
Change Component Designator: OldDesignator=U7.3 NewDesignator=U?_U__LED_PORT3
Change Component Designator: OldDesignator=U7.4 NewDesignator=U?_U__LED_PORT4
Change Component Designator: OldDesignator=U7.5 NewDesignator=U?_U__LED_PORT5
Change Component Designator: OldDesignator=U7.6 NewDesignator=U?_U__LED_PORT6
Change Component Designator: OldDesignator=U7.7 NewDesignator=U?_U__LED_PORT7
Change Component Designator: OldDesignator=U7.8 NewDesignator=U?_U__LED_PORT8
Change Component Designator: OldDesignator=U7.9 NewDesignator=U?_U__LED_PORT9
Change Component Designator: OldDesignator=U7.10 NewDesignator=U?_U__LED_PORT10
Change Component Designator: OldDesignator=U8.1 NewDesignator=U?_U__LED_PORT01
Change Component Designator: OldDesignator=U8.2 NewDesignator=U?_U__LED_PORT2
Change Component Designator: OldDesignator=U8.3 NewDesignator=U?_U__LED_PORT3
Change Component Designator: OldDesignator=U8.4 NewDesignator=U?_U__LED_PORT4
Change Component Designator: OldDesignator=U8.5 NewDesignator=U?_U__LED_PORT5
Change Component Designator: OldDesignator=U8.6 NewDesignator=U?_U__LED_PORT6
Change Component Designator: OldDesignator=U8.7 NewDesignator=U?_U__LED_PORT7
Change Component Designator: OldDesignator=U8.8 NewDesignator=U?_U__LED_PORT8
Change Component Designator: OldDesignator=U8.9 NewDesignator=U?_U__LED_PORT9
Change Component Designator: OldDesignator=U8.10 NewDesignator=U?_U__LED_PORT10
Change Component Designator: OldDesignator=U9.1 NewDesignator=U?_U__LED_PORT01
Change Component Designator: OldDesignator=U9.2 NewDesignator=U?_U__LED_PORT2
Change Component Designator: OldDesignator=U9.3 NewDesignator=U?_U__LED_PORT3
Change Component Designator: OldDesignator=U9.4 NewDesignator=U?_U__LED_PORT4
Change Component Designator: OldDesignator=U9.5 NewDesignator=U?_U__LED_PORT5
Change Component Designator: OldDesignator=U9.6 NewDesignator=U?_U__LED_PORT6
Change Component Designator: OldDesignator=U9.7 NewDesignator=U?_U__LED_PORT7
Change Component Designator: OldDesignator=U9.8 NewDesignator=U?_U__LED_PORT8
Change Component Designator: OldDesignator=U9.9 NewDesignator=U?_U__LED_PORT9
Change Component Designator: OldDesignator=U9.10 NewDesignator=U?_U__LED_PORT10
Change Component Designator: OldDesignator=Y1 NewDesignator=Y?
Change Component Description : Designator=U? Old Description=AVR series Microcontroller IC 8-Bit 24MHz 64KB (64K x 8) FLASH 64-TQFP (10x10) New Description=No Description Available
Added Component: Designator=U?(64-LQFP)
Add component (AddParameter): Name = "Copyright"; Value = "Copyright (C) 2022 Ultra Librarian. All rights reserved."; VariantName = "[No Variations]"
Add component (AddParameter): Name = "Manufacturer_Part_Number"; Value = "AVR64DB64T-E/PT"; VariantName = "[No Variations]"
Add component (AddParameter): Name = "Mfr_Name"; Value = "Microchip"; VariantName = "[No Variations]"
Add component (AddParameter): Name = "RefDes"; Value = "RefDes"; VariantName = "[No Variations]"
Add component (AddParameter): Name = "Type"; Value = "DEV"; VariantName = "[No Variations]"
Added Pin To Net: NetName=232TX Pin=U?-2
Added Pin To Net: NetName=232TX Pin=U?-2
Added Pin To Net: NetName=232RX Pin=U?-3
Added Pin To Net: NetName=RXD Pin=U?-8
Added Pin To Net: NetName=RXD3 Pin=U?-9
Added Pin To Net: NetName=EE_SDA Pin=U?-10
Added Pin To Net: NetName=EE_SCL Pin=U?-11
Added Pin To Net: NetName=LED_PIN_W1 Pin=U?-12
Added Pin To Net: NetName=LED_PIN_B1 Pin=U?-13
Added Pin To Net: NetName=LED_PIN_G1 Pin=U?-14
Added Pin To Net: NetName=LED_PIN_R1 Pin=U?-15
Added Pin To Net: NetName=LED_PIN_W2 Pin=U?-16
Added Pin To Net: NetName=LED_PIN_B2 Pin=U?-17
Added Pin To Net: NetName=LED_PIN_G2 Pin=U?-18
Added Pin To Net: NetName=LED_PIN_R2 Pin=U?-19
Added Pin To Net: NetName=LED_PIN_W3 Pin=U?-22
Added Pin To Net: NetName=LED_PIN_B3 Pin=U?-23
Added Pin To Net: NetName=LED_PIN_G3 Pin=U?-24
Added Pin To Net: NetName=LED_PIN_R3 Pin=U?-25
Added Pin To Net: NetName=LED_PIN_W4 Pin=U?-26
Added Pin To Net: NetName=LED_PIN_B4 Pin=U?-27
Added Pin To Net: NetName=LED_PIN_G4 Pin=U?-28
Added Pin To Net: NetName=LED_PIN_R4 Pin=U?-29
Added Pin To Net: NetName=LED_PIN_W5 Pin=U?-30
Added Pin To Net: NetName=LED_PIN_B5 Pin=U?-31
Added Pin To Net: NetName=LED_PIN_G5 Pin=U?-32
Added Pin To Net: NetName=LED_PIN_R5 Pin=U?-33
Added Pin To Net: NetName=LED_PIN_W6 Pin=U?-36
Added Pin To Net: NetName=LED_PIN_B6 Pin=U?-37
Added Pin To Net: NetName=LED_PIN_G6 Pin=U?-38
Added Pin To Net: NetName=LED_PIN_R6 Pin=U?-39
Added Pin To Net: NetName=LED_PIN_W7 Pin=U?-40
Added Pin To Net: NetName=LED_PIN_B7 Pin=U?-41
Added Pin To Net: NetName=LED_PIN_G7 Pin=U?-42
Added Pin To Net: NetName=LED_PIN_R7 Pin=U?-43
Added Pin To Net: NetName=LED_PIN_W8 Pin=U?-44
Added Pin To Net: NetName=LED_PIN_B8 Pin=U?-45
Added Pin To Net: NetName=LED_PIN_G8 Pin=U?-46
Added Pin To Net: NetName=LED_PIN_R8 Pin=U?-47
Added Pin To Net: NetName=NetC11_2 Pin=U?-50
Added Pin To Net: NetName=UPDI Pin=U?-51
Added Pin To Net: NetName=LED_PIN_W9 Pin=U?-52
Added Pin To Net: NetName=LED_PIN_B9 Pin=U?-53
Added Pin To Net: NetName=LED_PIN_G9 Pin=U?-54
Added Pin To Net: NetName=LED_PIN_R9 Pin=U?-55
Added Pin To Net: NetName=LED_PIN_W10 Pin=U?-58
Added Pin To Net: NetName=LED_PIN_B10 Pin=U?-59
Added Pin To Net: NetName=LED_PIN_G10 Pin=U?-60
Added Pin To Net: NetName=LED_PIN_R10 Pin=U?-61
Change Net Name : Old Net Name=NetC1_1 New Net Name=NetC?_1
Change Net Name : Old Net Name=NetC1_2 New Net Name=NetC?_2
Change Net Name : Old Net Name=NetC2_1 New Net Name=NetC?_1
Change Net Name : Old Net Name=NetC2_2 New Net Name=NetC?_2
Change Net Name : Old Net Name=NetC3_2 New Net Name=NetC?_2
Change Net Name : Old Net Name=NetC4_1 New Net Name=NetC?_1
Change Net Name : Old Net Name=NetC6_1 New Net Name=NetC?_1
Change Net Name : Old Net Name=NetC11_2 New Net Name=NetC?_2
Change Net Name : Old Net Name=NetC24_2 New Net Name=NetC?_2
Change Net Name : Old Net Name=NetC25_2 New Net Name=NetC?_2
Change Net Name : Old Net Name=NetD2_2 New Net Name=NetD?_2
Change Net Name : Old Net Name=NetD3_2 New Net Name=NetD?_2
Change Net Name : Old Net Name=NetD4_2 New Net Name=NetD?_2
Change Net Name : Old Net Name=NetD5_2 New Net Name=NetD?_2
Change Net Name : Old Net Name=NetD7.1_2 New Net Name=NetD?_U__LED_PORT01_2
Change Net Name : Old Net Name=NetD7.2_2 New Net Name=NetD?_U__LED_PORT2_2
Change Net Name : Old Net Name=NetD7.3_2 New Net Name=NetD?_U__LED_PORT3_2
Change Net Name : Old Net Name=NetD7.4_2 New Net Name=NetD?_U__LED_PORT4_2
Change Net Name : Old Net Name=NetD7.5_2 New Net Name=NetD?_U__LED_PORT5_2
Change Net Name : Old Net Name=NetD7.6_2 New Net Name=NetD?_U__LED_PORT6_2
Change Net Name : Old Net Name=NetD7.7_2 New Net Name=NetD?_U__LED_PORT7_2
Change Net Name : Old Net Name=NetD7.8_2 New Net Name=NetD?_U__LED_PORT8_2
Change Net Name : Old Net Name=NetD7.9_2 New Net Name=NetD?_U__LED_PORT9_2
Change Net Name : Old Net Name=NetD7.10_2 New Net Name=NetD?_U__LED_PORT10_2
Change Net Name : Old Net Name=NetF1_2 New Net Name=NetF?_2
Change Net Name : Old Net Name=NetJ1_2 New Net Name=NetJ?_2
Change Net Name : Old Net Name=NetJ1_3 New Net Name=NetJ?_3
Change Net Name : Old Net Name=NetQ1_1 New Net Name=NetQ?_1
Change Net Name : Old Net Name=NetQ1_3 New Net Name=NetQ?_3
Change Net Name : Old Net Name=NetQ2_1 New Net Name=NetQ?_1
Change Net Name : Old Net Name=NetQ2_3 New Net Name=NetQ?_3
Change Net Name : Old Net Name=NetQ3.1_2 New Net Name=NetQ?_U__LED_PORT01_2
Change Net Name : Old Net Name=NetQ3.2_2 New Net Name=NetQ?_U__LED_PORT2_2
Change Net Name : Old Net Name=NetQ3.3_2 New Net Name=NetQ?_U__LED_PORT3_2
Change Net Name : Old Net Name=NetQ3.4_2 New Net Name=NetQ?_U__LED_PORT4_2
Change Net Name : Old Net Name=NetQ3.5_2 New Net Name=NetQ?_U__LED_PORT5_2
Change Net Name : Old Net Name=NetQ3.6_2 New Net Name=NetQ?_U__LED_PORT6_2
Change Net Name : Old Net Name=NetQ3.7_2 New Net Name=NetQ?_U__LED_PORT7_2
Change Net Name : Old Net Name=NetQ3.8_2 New Net Name=NetQ?_U__LED_PORT8_2
Change Net Name : Old Net Name=NetQ3.9_2 New Net Name=NetQ?_U__LED_PORT9_2
Change Net Name : Old Net Name=NetQ3.10_2 New Net Name=NetQ?_U__LED_PORT10_2
Change Net Name : Old Net Name=NetQ4.1_2 New Net Name=NetQ?_U__LED_PORT01_2
Change Net Name : Old Net Name=NetQ4.2_2 New Net Name=NetQ?_U__LED_PORT2_2
Change Net Name : Old Net Name=NetQ4.3_2 New Net Name=NetQ?_U__LED_PORT3_2
Change Net Name : Old Net Name=NetQ4.4_2 New Net Name=NetQ?_U__LED_PORT4_2
Change Net Name : Old Net Name=NetQ4.5_2 New Net Name=NetQ?_U__LED_PORT5_2
Change Net Name : Old Net Name=NetQ4.6_2 New Net Name=NetQ?_U__LED_PORT6_2
Change Net Name : Old Net Name=NetQ4.7_2 New Net Name=NetQ?_U__LED_PORT7_2
Change Net Name : Old Net Name=NetQ4.8_2 New Net Name=NetQ?_U__LED_PORT8_2
Change Net Name : Old Net Name=NetQ4.9_2 New Net Name=NetQ?_U__LED_PORT9_2
Change Net Name : Old Net Name=NetQ4.10_2 New Net Name=NetQ?_U__LED_PORT10_2
Change Net Name : Old Net Name=NetQ5.1_2 New Net Name=NetQ?_U__LED_PORT01_2
Change Net Name : Old Net Name=NetQ5.2_2 New Net Name=NetQ?_U__LED_PORT2_2
Change Net Name : Old Net Name=NetQ5.3_2 New Net Name=NetQ?_U__LED_PORT3_2
Change Net Name : Old Net Name=NetQ5.4_2 New Net Name=NetQ?_U__LED_PORT4_2
Change Net Name : Old Net Name=NetQ5.5_2 New Net Name=NetQ?_U__LED_PORT5_2
Change Net Name : Old Net Name=NetQ5.6_2 New Net Name=NetQ?_U__LED_PORT6_2
Change Net Name : Old Net Name=NetQ5.7_2 New Net Name=NetQ?_U__LED_PORT7_2
Change Net Name : Old Net Name=NetQ5.8_2 New Net Name=NetQ?_U__LED_PORT8_2
Change Net Name : Old Net Name=NetQ5.9_2 New Net Name=NetQ?_U__LED_PORT9_2
Change Net Name : Old Net Name=NetQ5.10_2 New Net Name=NetQ?_U__LED_PORT10_2
Change Net Name : Old Net Name=NetQ6.1_2 New Net Name=NetQ?_U__LED_PORT01_2
Change Net Name : Old Net Name=NetQ6.2_2 New Net Name=NetQ?_U__LED_PORT2_2
Change Net Name : Old Net Name=NetQ6.3_2 New Net Name=NetQ?_U__LED_PORT3_2
Change Net Name : Old Net Name=NetQ6.4_2 New Net Name=NetQ?_U__LED_PORT4_2
Change Net Name : Old Net Name=NetQ6.5_2 New Net Name=NetQ?_U__LED_PORT5_2
Change Net Name : Old Net Name=NetQ6.6_2 New Net Name=NetQ?_U__LED_PORT6_2
Change Net Name : Old Net Name=NetQ6.7_2 New Net Name=NetQ?_U__LED_PORT7_2
Change Net Name : Old Net Name=NetQ6.8_2 New Net Name=NetQ?_U__LED_PORT8_2
Change Net Name : Old Net Name=NetQ6.9_2 New Net Name=NetQ?_U__LED_PORT9_2
Change Net Name : Old Net Name=NetQ6.10_2 New Net Name=NetQ?_U__LED_PORT10_2
Added Pin To Net: NetName=NetS?_1B Pin=S?-1B
Added Pin To Net: NetName=NetS?_1B Pin=U?-62
Added Net: Name=NetS?_1B
Added Pin To Net: NetName=NetS?_2B Pin=S?-2B
Added Pin To Net: NetName=NetS?_2B Pin=U?-63
Added Net: Name=NetS?_2B
Added Pin To Net: NetName=NetS?_3B Pin=S?-3B
Added Pin To Net: NetName=NetS?_3B Pin=U?-64
Added Net: Name=NetS?_3B
Added Pin To Net: NetName=NetS?_4B Pin=S?-4B
Added Pin To Net: NetName=NetS?_4B Pin=U?-1
Added Pin To Net: NetName=NetS?_4B Pin=U?-1
Added Net: Name=NetS?_4B
Added Pin To Net: NetName=NetU?_4 Pin=U?-4
Added Net: Name=NetU?_4
Added Pin To Net: NetName=NetU?_5 Pin=U?-5
Added Net: Name=NetU?_5
Added Pin To Net: NetName=NetU?_48 Pin=U?-48
Added Net: Name=NetU?_48
Added Pin To Net: NetName=NetU?_49 Pin=U?-49
Added Net: Name=NetU?_49
Added Member To Class: ClassName=U_microcontroller Member=Component J? HEADER 2x3
Added Member To Class: ClassName=U_Rs232 Member=Component J? Socket
Added Member To Class: ClassName=U_microcontroller Member=Component U? AVR64DB64T-E/PT
