Removed Member From Class: ClassName=U_USB_CH340G Member=C13
Removed Member From Class: ClassName=U_USB_CH340G Member=C15
Removed Member From Class: ClassName=U_power supply Member=C20
Removed Member From Class: ClassName=U_USB_CH340G Member=J4
Removed Member From Class: ClassName=U_power supply Member=R8
Added Component: Designator=C11(CAP SMD 0805)
Added Component: Designator=C16(CAP SMD 0805)
Added Component: Designator=J5(PIN1)
Add component (AddParameter): Name = "LatestRevisionDate"; Value = "17-Jul-2002"; VariantName = "[No Variations]"
Add component (AddParameter): Name = "LatestRevisionNote"; Value = "Re-released for DXP Platform."; VariantName = "[No Variations]"
Add component (AddParameter): Name = "Publisher"; Value = "Altium Limited"; VariantName = "[No Variations]"
Added Component: Designator=J6(PIN1)
Add component (AddParameter): Name = "LatestRevisionDate"; Value = "17-Jul-2002"; VariantName = "[No Variations]"
Add component (AddParameter): Name = "LatestRevisionNote"; Value = "Re-released for DXP Platform."; VariantName = "[No Variations]"
Add component (AddParameter): Name = "Publisher"; Value = "Altium Limited"; VariantName = "[No Variations]"
Added Component: Designator=R3(RES SMD 0805)
Added Component: Designator=R4(RES SMD 0805)
Added Component: Designator=U3(21-0041B_8)
Added Pin To Net: NetName=GND Pin=C11-1
Added Pin To Net: NetName=VCC Pin=C11-2
Added Pin To Net: NetName=GND Pin=C16-1
Added Pin To Net: NetName=VCC Pin=C16-2
Added Pin To Net: NetName=EE_SDA Pin=J5-1
Added Pin To Net: NetName=EE_SCL Pin=J6-1
Added Pin To Net: NetName=EE_SDA Pin=R3-1
Added Pin To Net: NetName=VCC Pin=R3-2
Added Pin To Net: NetName=EE_SCL Pin=R4-1
Added Pin To Net: NetName=VCC Pin=R4-2
Added Pin To Net: NetName=GND Pin=U3-1
Added Pin To Net: NetName=GND Pin=U3-2
Added Pin To Net: NetName=GND Pin=U3-3
Added Pin To Net: NetName=GND Pin=U3-4
Added Pin To Net: NetName=EE_SDA Pin=U3-5
Added Pin To Net: NetName=EE_SCL Pin=U3-6
Added Pin To Net: NetName=GND Pin=U3-7
Added Pin To Net: NetName=VCC Pin=U3-8
Added Member To Class: ClassName=U_microcontroller Member=Component C6 C0805C104M5RAC7025
Added Member To Class: ClassName=U_microcontroller Member=Component C7 C0805C104M5RAC7025
Added Member To Class: ClassName=U_microcontroller Member=Component C8 C0805C104M5RAC7025
Added Member To Class: ClassName=U_microcontroller Member=Component C9 C0805C104M5RAC7025
Added Member To Class: ClassName=U_microcontroller Member=Component C10 C0805C104M5RAC7025
Added Member To Class: ClassName=U_microcontroller Member=Component C11 C0805C104M5RAC7025
Added Member To Class: ClassName=U_microcontroller Member=Component C12 C0805C475K9PAC7210
Added Member To Class: ClassName=U_microcontroller Member=Component C13 C0805C475K9PAC7210
Added Member To Class: ClassName=U_microcontroller Member=Component C14 C0805C475K9PAC7210
Added Member To Class: ClassName=U_microcontroller Member=Component C15 C0805C475K9PAC7210
Added Member To Class: ClassName=U_EEPROM Member=Component C16 C0805C104M5RAC7025
Added Member To Class: ClassName=U_USB_CH340G Member=Component C17 C0805C475K9PAC7210
Added Member To Class: ClassName=U_USB_CH340G Member=Component C18 C0805C104M5RAC7025
Added Member To Class: ClassName=U_USB_CH340G Member=Component C19 C0805C220M5HAC7800
Added Member To Class: ClassName=U_USB_CH340G Member=Component C20 C0805C220M5HAC7800
Added Member To Class: ClassName=U_power supply Member=Component C25 UVY1C471MPD
Added Member To Class: ClassName=U_USB_CH340G Member=Component D1 LY R976-PS-36
Added Member To Class: ClassName=U_USB_CH340G Member=Component D2 LY R976-PS-36
Added Member To Class: ClassName=U_USB_CH340G Member=Component D3 60V_1A
Added Member To Class: ClassName=U_power supply Member=Component D5 1KV_1A
Added Member To Class: ClassName=U_power supply Member=Component D6 LS R976-NR-1
Added Member To Class: ClassName=U_Rs232 Member=Component J1 Socket
Added Member To Class: ClassName=U_Rs232 Member=Component J2 RS232
Added Member To Class: ClassName=U_EEPROM Member=Component J5 Socket
Added Member To Class: ClassName=U_EEPROM Member=Component J6 Socket
Added Member To Class: ClassName=U_USB_CH340G Member=Component J7 B4B-XH-A(LF)(SN)
Added Member To Class: ClassName=U_USB_CH340G Member=Component J8 UJ2-BH-W1-TH
Added Member To Class: ClassName=U_microcontroller Member=Component R1 330R
Added Member To Class: ClassName=U_microcontroller Member=Component R2 10K
Added Member To Class: ClassName=U_EEPROM Member=Component R3 10K
Added Member To Class: ClassName=U_EEPROM Member=Component R4 10K
Added Member To Class: ClassName=U_USB_CH340G Member=Component R7 1K
Added Member To Class: ClassName=U_USB_CH340G Member=Component R8 1K
Added Member To Class: ClassName=U_power supply Member=Component R10 10K
Added Member To Class: ClassName=U_microcontroller Member=Component U2 AVR64DB64T-E/PT
Added Member To Class: ClassName=U_EEPROM Member=Component U3 24CS512-E/SM
Added Member To Class: ClassName=U__LED_PORT01 Member=Component U6.1 (U6) MIC4416YM4-TR
Added Member To Class: ClassName=U__LED_PORT3 Member=Component U6.3 (U6) MIC4416YM4-TR
Added Member To Class: ClassName=U__LED_PORT5 Member=Component U6.5 (U6) MIC4416YM4-TR
Added Member To Class: ClassName=U__LED_PORT7 Member=Component U6.7 (U6) MIC4416YM4-TR
Added Member To Class: ClassName=U__LED_PORT9 Member=Component U6.9 (U6) MIC4416YM4-TR
Added Member To Class: ClassName=U__LED_PORT2 Member=Component U7.2 (U7) MIC4416YM4-TR
Added Member To Class: ClassName=U__LED_PORT4 Member=Component U7.4 (U7) MIC4416YM4-TR
Added Member To Class: ClassName=U__LED_PORT6 Member=Component U7.6 (U7) MIC4416YM4-TR
Added Member To Class: ClassName=U__LED_PORT8 Member=Component U7.8 (U7) MIC4416YM4-TR
Added Member To Class: ClassName=U__LED_PORT10 Member=Component U7.10 (U7) MIC4416YM4-TR
Added Member To Class: ClassName=U__LED_PORT01 Member=Component U8.1 (U8) MIC4416YM4-TR
Added Member To Class: ClassName=U__LED_PORT2 Member=Component U8.2 (U8) MIC4416YM4-TR
Added Member To Class: ClassName=U__LED_PORT3 Member=Component U8.3 (U8) MIC4416YM4-TR
Added Member To Class: ClassName=U__LED_PORT4 Member=Component U8.4 (U8) MIC4416YM4-TR
Added Member To Class: ClassName=U__LED_PORT5 Member=Component U8.5 (U8) MIC4416YM4-TR
Added Member To Class: ClassName=U__LED_PORT6 Member=Component U8.6 (U8) MIC4416YM4-TR
Added Member To Class: ClassName=U__LED_PORT7 Member=Component U8.7 (U8) MIC4416YM4-TR
Added Member To Class: ClassName=U__LED_PORT8 Member=Component U8.8 (U8) MIC4416YM4-TR
Added Member To Class: ClassName=U__LED_PORT9 Member=Component U8.9 (U8) MIC4416YM4-TR
Added Member To Class: ClassName=U__LED_PORT10 Member=Component U8.10 (U8) MIC4416YM4-TR
Added Room: Name=U_EEPROM
