Removed Member From Class: ClassName=U_microcontroller Member=S1
Change Component Designator: OldDesignator=D1.1 NewDesignator=D3.1
Change Component Designator: OldDesignator=D1.2 NewDesignator=D3.2
Change Component Designator: OldDesignator=D1.3 NewDesignator=D3.3
Change Component Designator: OldDesignator=D1.4 NewDesignator=D3.4
Change Component Designator: OldDesignator=D1.5 NewDesignator=D3.5
Change Component Designator: OldDesignator=D1.6 NewDesignator=D3.6
Change Component Designator: OldDesignator=D1.7 NewDesignator=D3.7
Change Component Designator: OldDesignator=D1.8 NewDesignator=D3.8
Change Component Designator: OldDesignator=D1.9 NewDesignator=D3.9
Change Component Designator: OldDesignator=D1.10 NewDesignator=D3.10
Change Component Designator: OldDesignator=D1.11 NewDesignator=D3.11
Change Component Designator: OldDesignator=D1.12 NewDesignator=D3.12
Change Component Designator: OldDesignator=D1.13 NewDesignator=D3.13
Change Component Designator: OldDesignator=D1.14 NewDesignator=D3.14
Change Component Designator: OldDesignator=D1.15 NewDesignator=D3.15
Change Component Designator: OldDesignator=D1.16 NewDesignator=D3.16
Change Component Designator: OldDesignator=D1.17 NewDesignator=D3.17
Change Component Designator: OldDesignator=D1.18 NewDesignator=D3.18
Change Component Designator: OldDesignator=D1.19 NewDesignator=D3.19
Change Component Designator: OldDesignator=D1.20 NewDesignator=D3.20
Change Component Designator: OldDesignator=D1.21 NewDesignator=D3.21
Change Component Designator: OldDesignator=D1.22 NewDesignator=D3.22
Change Component Designator: OldDesignator=D1.23 NewDesignator=D3.23
Change Component Designator: OldDesignator=D1.24 NewDesignator=D3.24
Change Component Designator: OldDesignator=D1.25 NewDesignator=D3.25
Change Component Designator: OldDesignator=D1.26 NewDesignator=D3.26
Change Component Designator: OldDesignator=D1.27 NewDesignator=D3.27
Change Component Designator: OldDesignator=D1.28 NewDesignator=D3.28
Change Component Designator: OldDesignator=D1.29 NewDesignator=D3.29
Change Component Designator: OldDesignator=D1.30 NewDesignator=D3.30
Change Component Designator: OldDesignator=D1.31 NewDesignator=D3.31
Change Component Designator: OldDesignator=D1.32 NewDesignator=D3.32
Change Component Designator: OldDesignator=D1.33 NewDesignator=D3.33
Change Component Designator: OldDesignator=D1.34 NewDesignator=D3.34
Change Component Designator: OldDesignator=D1.35 NewDesignator=D3.35
Change Component Designator: OldDesignator=D1.36 NewDesignator=D3.36
Change Component Designator: OldDesignator=D1.37 NewDesignator=D3.37
Change Component Designator: OldDesignator=D1.38 NewDesignator=D3.38
Change Component Designator: OldDesignator=D1.39 NewDesignator=D3.39
Change Component Designator: OldDesignator=D1.40 NewDesignator=D3.40
Change Component Designator: OldDesignator=J4.1 NewDesignator=J5.1
Change Component Designator: OldDesignator=J4.2 NewDesignator=J5.2
Change Component Designator: OldDesignator=J4.3 NewDesignator=J5.3
Change Component Designator: OldDesignator=J4.4 NewDesignator=J5.4
Change Component Designator: OldDesignator=J4.5 NewDesignator=J5.5
Change Component Designator: OldDesignator=J4.6 NewDesignator=J5.6
Change Component Designator: OldDesignator=J4.7 NewDesignator=J5.7
Change Component Designator: OldDesignator=J4.8 NewDesignator=J5.8
Change Component Designator: OldDesignator=J4.9 NewDesignator=J5.9
Change Component Designator: OldDesignator=J4.10 NewDesignator=J5.10
Change Component Designator: OldDesignator=R3 NewDesignator=R4
Change Component Designator: OldDesignator=R4 NewDesignator=R5
Change Component Designator: OldDesignator=R5 NewDesignator=R6
Change Component Designator: OldDesignator=R6.1 NewDesignator=R11.1
Change Component Designator: OldDesignator=R6.2 NewDesignator=R11.2
Change Component Designator: OldDesignator=R6.3 NewDesignator=R11.3
Change Component Designator: OldDesignator=R6.4 NewDesignator=R11.4
Change Component Designator: OldDesignator=R6.5 NewDesignator=R11.5
Change Component Designator: OldDesignator=R6.6 NewDesignator=R11.6
Change Component Designator: OldDesignator=R6.7 NewDesignator=R11.7
Change Component Designator: OldDesignator=R6.8 NewDesignator=R11.8
Change Component Designator: OldDesignator=R6.9 NewDesignator=R11.9
Change Component Designator: OldDesignator=R6.10 NewDesignator=R11.10
Change Component Designator: OldDesignator=R6.11 NewDesignator=R11.11
Change Component Designator: OldDesignator=R6.12 NewDesignator=R11.12
Change Component Designator: OldDesignator=R6.13 NewDesignator=R11.13
Change Component Designator: OldDesignator=R6.14 NewDesignator=R11.14
Change Component Designator: OldDesignator=R6.15 NewDesignator=R11.15
Change Component Designator: OldDesignator=R6.16 NewDesignator=R11.16
Change Component Designator: OldDesignator=R6.17 NewDesignator=R11.17
Change Component Designator: OldDesignator=R6.18 NewDesignator=R11.18
Change Component Designator: OldDesignator=R6.19 NewDesignator=R11.19
Change Component Designator: OldDesignator=R6.20 NewDesignator=R11.20
Change Component Designator: OldDesignator=R6.21 NewDesignator=R11.21
Change Component Designator: OldDesignator=R6.22 NewDesignator=R11.22
Change Component Designator: OldDesignator=R6.23 NewDesignator=R11.23
Change Component Designator: OldDesignator=R6.24 NewDesignator=R11.24
Change Component Designator: OldDesignator=R6.25 NewDesignator=R11.25
Change Component Designator: OldDesignator=R6.26 NewDesignator=R11.26
Change Component Designator: OldDesignator=R6.27 NewDesignator=R11.27
Change Component Designator: OldDesignator=R6.28 NewDesignator=R11.28
Change Component Designator: OldDesignator=R6.29 NewDesignator=R11.29
Change Component Designator: OldDesignator=R6.30 NewDesignator=R11.30
Change Component Designator: OldDesignator=R6.31 NewDesignator=R11.31
Change Component Designator: OldDesignator=R6.32 NewDesignator=R11.32
Change Component Designator: OldDesignator=R6.33 NewDesignator=R11.33
Change Component Designator: OldDesignator=R6.34 NewDesignator=R11.34
Change Component Designator: OldDesignator=R6.35 NewDesignator=R11.35
Change Component Designator: OldDesignator=R6.36 NewDesignator=R11.36
Change Component Designator: OldDesignator=R6.37 NewDesignator=R11.37
Change Component Designator: OldDesignator=R6.38 NewDesignator=R11.38
Change Component Designator: OldDesignator=R6.39 NewDesignator=R11.39
Change Component Designator: OldDesignator=R6.40 NewDesignator=R11.40
Change Component Designator: OldDesignator=R7.1 NewDesignator=R12.1
Change Component Designator: OldDesignator=R7.2 NewDesignator=R12.2
Change Component Designator: OldDesignator=R7.3 NewDesignator=R12.3
Change Component Designator: OldDesignator=R7.4 NewDesignator=R12.4
Change Component Designator: OldDesignator=R7.5 NewDesignator=R12.5
Change Component Designator: OldDesignator=R7.6 NewDesignator=R12.6
Change Component Designator: OldDesignator=R7.7 NewDesignator=R12.7
Change Component Designator: OldDesignator=R7.8 NewDesignator=R12.8
Change Component Designator: OldDesignator=R7.9 NewDesignator=R12.9
Change Component Designator: OldDesignator=R7.10 NewDesignator=R12.10
Change Component Designator: OldDesignator=R7.11 NewDesignator=R12.11
Change Component Designator: OldDesignator=R7.12 NewDesignator=R12.12
Change Component Designator: OldDesignator=R7.13 NewDesignator=R12.13
Change Component Designator: OldDesignator=R7.14 NewDesignator=R12.14
Change Component Designator: OldDesignator=R7.15 NewDesignator=R12.15
Change Component Designator: OldDesignator=R7.16 NewDesignator=R12.16
Change Component Designator: OldDesignator=R7.17 NewDesignator=R12.17
Change Component Designator: OldDesignator=R7.18 NewDesignator=R12.18
Change Component Designator: OldDesignator=R7.19 NewDesignator=R12.19
Change Component Designator: OldDesignator=R7.20 NewDesignator=R12.20
Change Component Designator: OldDesignator=R7.21 NewDesignator=R12.21
Change Component Designator: OldDesignator=R7.22 NewDesignator=R12.22
Change Component Designator: OldDesignator=R7.23 NewDesignator=R12.23
Change Component Designator: OldDesignator=R7.24 NewDesignator=R12.24
Change Component Designator: OldDesignator=R7.25 NewDesignator=R12.25
Change Component Designator: OldDesignator=R7.26 NewDesignator=R12.26
Change Component Designator: OldDesignator=R7.27 NewDesignator=R12.27
Change Component Designator: OldDesignator=R7.28 NewDesignator=R12.28
Change Component Designator: OldDesignator=R7.29 NewDesignator=R12.29
Change Component Designator: OldDesignator=R7.30 NewDesignator=R12.30
Change Component Designator: OldDesignator=R7.31 NewDesignator=R12.31
Change Component Designator: OldDesignator=R7.32 NewDesignator=R12.32
Change Component Designator: OldDesignator=R7.33 NewDesignator=R12.33
Change Component Designator: OldDesignator=R7.34 NewDesignator=R12.34
Change Component Designator: OldDesignator=R7.35 NewDesignator=R12.35
Change Component Designator: OldDesignator=R7.36 NewDesignator=R12.36
Change Component Designator: OldDesignator=R7.37 NewDesignator=R12.37
Change Component Designator: OldDesignator=R7.38 NewDesignator=R12.38
Change Component Designator: OldDesignator=R7.39 NewDesignator=R12.39
Change Component Designator: OldDesignator=R7.40 NewDesignator=R12.40
Change Component Designator: OldDesignator=R8.1 NewDesignator=R13.1
Change Component Designator: OldDesignator=R8.2 NewDesignator=R13.2
Change Component Designator: OldDesignator=R8.3 NewDesignator=R13.3
Change Component Designator: OldDesignator=R8.4 NewDesignator=R13.4
Change Component Designator: OldDesignator=R8.5 NewDesignator=R13.5
Change Component Designator: OldDesignator=R8.6 NewDesignator=R13.6
Change Component Designator: OldDesignator=R8.7 NewDesignator=R13.7
Change Component Designator: OldDesignator=R8.8 NewDesignator=R13.8
Change Component Designator: OldDesignator=R8.9 NewDesignator=R13.9
Change Component Designator: OldDesignator=R8.10 NewDesignator=R13.10
Change Component Designator: OldDesignator=R8.11 NewDesignator=R13.11
Change Component Designator: OldDesignator=R8.12 NewDesignator=R13.12
Change Component Designator: OldDesignator=R8.13 NewDesignator=R13.13
Change Component Designator: OldDesignator=R8.14 NewDesignator=R13.14
Change Component Designator: OldDesignator=R8.15 NewDesignator=R13.15
Change Component Designator: OldDesignator=R8.16 NewDesignator=R13.16
Change Component Designator: OldDesignator=R8.17 NewDesignator=R13.17
Change Component Designator: OldDesignator=R8.18 NewDesignator=R13.18
Change Component Designator: OldDesignator=R8.19 NewDesignator=R13.19
Change Component Designator: OldDesignator=R8.20 NewDesignator=R13.20
Change Component Designator: OldDesignator=R8.21 NewDesignator=R13.21
Change Component Designator: OldDesignator=R8.22 NewDesignator=R13.22
Change Component Designator: OldDesignator=R8.23 NewDesignator=R13.23
Change Component Designator: OldDesignator=R8.24 NewDesignator=R13.24
Change Component Designator: OldDesignator=R8.25 NewDesignator=R13.25
Change Component Designator: OldDesignator=R8.26 NewDesignator=R13.26
Change Component Designator: OldDesignator=R8.27 NewDesignator=R13.27
Change Component Designator: OldDesignator=R8.28 NewDesignator=R13.28
Change Component Designator: OldDesignator=R8.29 NewDesignator=R13.29
Change Component Designator: OldDesignator=R8.30 NewDesignator=R13.30
Change Component Designator: OldDesignator=R8.31 NewDesignator=R13.31
Change Component Designator: OldDesignator=R8.32 NewDesignator=R13.32
Change Component Designator: OldDesignator=R8.33 NewDesignator=R13.33
Change Component Designator: OldDesignator=R8.34 NewDesignator=R13.34
Change Component Designator: OldDesignator=R8.35 NewDesignator=R13.35
Change Component Designator: OldDesignator=R8.36 NewDesignator=R13.36
Change Component Designator: OldDesignator=R8.37 NewDesignator=R13.37
Change Component Designator: OldDesignator=R8.38 NewDesignator=R13.38
Change Component Designator: OldDesignator=R8.39 NewDesignator=R13.39
Change Component Designator: OldDesignator=R8.40 NewDesignator=R13.40
Change Component Designator: OldDesignator=R9.1 NewDesignator=R14.1
Change Component Designator: OldDesignator=R9.2 NewDesignator=R14.2
Change Component Designator: OldDesignator=R9.3 NewDesignator=R14.3
Change Component Designator: OldDesignator=R9.4 NewDesignator=R14.4
Change Component Designator: OldDesignator=R9.5 NewDesignator=R14.5
Change Component Designator: OldDesignator=R9.6 NewDesignator=R14.6
Change Component Designator: OldDesignator=R9.7 NewDesignator=R14.7
Change Component Designator: OldDesignator=R9.8 NewDesignator=R14.8
Change Component Designator: OldDesignator=R9.9 NewDesignator=R14.9
Change Component Designator: OldDesignator=R9.10 NewDesignator=R14.10
Change Component Designator: OldDesignator=R9.11 NewDesignator=R14.11
Change Component Designator: OldDesignator=R9.12 NewDesignator=R14.12
Change Component Designator: OldDesignator=R9.13 NewDesignator=R14.13
Change Component Designator: OldDesignator=R9.14 NewDesignator=R14.14
Change Component Designator: OldDesignator=R9.15 NewDesignator=R14.15
Change Component Designator: OldDesignator=R9.16 NewDesignator=R14.16
Change Component Designator: OldDesignator=R9.17 NewDesignator=R14.17
Change Component Designator: OldDesignator=R9.18 NewDesignator=R14.18
Change Component Designator: OldDesignator=R9.19 NewDesignator=R14.19
Change Component Designator: OldDesignator=R9.20 NewDesignator=R14.20
Change Component Designator: OldDesignator=R9.21 NewDesignator=R14.21
Change Component Designator: OldDesignator=R9.22 NewDesignator=R14.22
Change Component Designator: OldDesignator=R9.23 NewDesignator=R14.23
Change Component Designator: OldDesignator=R9.24 NewDesignator=R14.24
Change Component Designator: OldDesignator=R9.25 NewDesignator=R14.25
Change Component Designator: OldDesignator=R9.26 NewDesignator=R14.26
Change Component Designator: OldDesignator=R9.27 NewDesignator=R14.27
Change Component Designator: OldDesignator=R9.28 NewDesignator=R14.28
Change Component Designator: OldDesignator=R9.29 NewDesignator=R14.29
Change Component Designator: OldDesignator=R9.30 NewDesignator=R14.30
Change Component Designator: OldDesignator=R9.31 NewDesignator=R14.31
Change Component Designator: OldDesignator=R9.32 NewDesignator=R14.32
Change Component Designator: OldDesignator=R9.33 NewDesignator=R14.33
Change Component Designator: OldDesignator=R9.34 NewDesignator=R14.34
Change Component Designator: OldDesignator=R9.35 NewDesignator=R14.35
Change Component Designator: OldDesignator=R9.36 NewDesignator=R14.36
Change Component Designator: OldDesignator=R9.37 NewDesignator=R14.37
Change Component Designator: OldDesignator=R9.38 NewDesignator=R14.38
Change Component Designator: OldDesignator=R9.39 NewDesignator=R14.39
Change Component Designator: OldDesignator=R9.40 NewDesignator=R14.40
Change Component Designator: OldDesignator=S1 NewDesignator=S2
Change Net Name : Old Net Name=NetD1.1_2 New Net Name=NetD3.1_2
Change Net Name : Old Net Name=NetD1.2_2 New Net Name=NetD3.2_2
Change Net Name : Old Net Name=NetD1.3_2 New Net Name=NetD3.3_2
Change Net Name : Old Net Name=NetD1.4_2 New Net Name=NetD3.4_2
Change Net Name : Old Net Name=NetD1.5_2 New Net Name=NetD3.5_2
Change Net Name : Old Net Name=NetD1.6_2 New Net Name=NetD3.6_2
Change Net Name : Old Net Name=NetD1.7_2 New Net Name=NetD3.7_2
Change Net Name : Old Net Name=NetD1.8_2 New Net Name=NetD3.8_2
Change Net Name : Old Net Name=NetD1.9_2 New Net Name=NetD3.9_2
Change Net Name : Old Net Name=NetD1.10_2 New Net Name=NetD3.10_2
Change Net Name : Old Net Name=NetD1.11_2 New Net Name=NetD3.11_2
Change Net Name : Old Net Name=NetD1.12_2 New Net Name=NetD3.12_2
Change Net Name : Old Net Name=NetD1.13_2 New Net Name=NetD3.13_2
Change Net Name : Old Net Name=NetD1.14_2 New Net Name=NetD3.14_2
Change Net Name : Old Net Name=NetD1.15_2 New Net Name=NetD3.15_2
Change Net Name : Old Net Name=NetD1.16_2 New Net Name=NetD3.16_2
Change Net Name : Old Net Name=NetD1.17_2 New Net Name=NetD3.17_2
Change Net Name : Old Net Name=NetD1.18_2 New Net Name=NetD3.18_2
Change Net Name : Old Net Name=NetD1.19_2 New Net Name=NetD3.19_2
Change Net Name : Old Net Name=NetD1.20_2 New Net Name=NetD3.20_2
Change Net Name : Old Net Name=NetD1.21_2 New Net Name=NetD3.21_2
Change Net Name : Old Net Name=NetD1.22_2 New Net Name=NetD3.22_2
Change Net Name : Old Net Name=NetD1.23_2 New Net Name=NetD3.23_2
Change Net Name : Old Net Name=NetD1.24_2 New Net Name=NetD3.24_2
Change Net Name : Old Net Name=NetD1.25_2 New Net Name=NetD3.25_2
Change Net Name : Old Net Name=NetD1.26_2 New Net Name=NetD3.26_2
Change Net Name : Old Net Name=NetD1.27_2 New Net Name=NetD3.27_2
Change Net Name : Old Net Name=NetD1.28_2 New Net Name=NetD3.28_2
Change Net Name : Old Net Name=NetD1.29_2 New Net Name=NetD3.29_2
Change Net Name : Old Net Name=NetD1.30_2 New Net Name=NetD3.30_2
Change Net Name : Old Net Name=NetD1.31_2 New Net Name=NetD3.31_2
Change Net Name : Old Net Name=NetD1.32_2 New Net Name=NetD3.32_2
Change Net Name : Old Net Name=NetD1.33_2 New Net Name=NetD3.33_2
Change Net Name : Old Net Name=NetD1.34_2 New Net Name=NetD3.34_2
Change Net Name : Old Net Name=NetD1.35_2 New Net Name=NetD3.35_2
Change Net Name : Old Net Name=NetD1.36_2 New Net Name=NetD3.36_2
Change Net Name : Old Net Name=NetD1.37_2 New Net Name=NetD3.37_2
Change Net Name : Old Net Name=NetD1.38_2 New Net Name=NetD3.38_2
Change Net Name : Old Net Name=NetD1.39_2 New Net Name=NetD3.39_2
Change Net Name : Old Net Name=NetD1.40_2 New Net Name=NetD3.40_2
Change Net Name : Old Net Name=NetR7.1_2 New Net Name=NetR12.1_2
Change Net Name : Old Net Name=NetR7.2_2 New Net Name=NetR12.2_2
Change Net Name : Old Net Name=NetR7.3_2 New Net Name=NetR12.3_2
Change Net Name : Old Net Name=NetR7.4_2 New Net Name=NetR12.4_2
Change Net Name : Old Net Name=NetR7.5_2 New Net Name=NetR12.5_2
Change Net Name : Old Net Name=NetR7.6_2 New Net Name=NetR12.6_2
Change Net Name : Old Net Name=NetR7.7_2 New Net Name=NetR12.7_2
Change Net Name : Old Net Name=NetR7.8_2 New Net Name=NetR12.8_2
Change Net Name : Old Net Name=NetR7.9_2 New Net Name=NetR12.9_2
Change Net Name : Old Net Name=NetR7.10_2 New Net Name=NetR12.10_2
Change Net Name : Old Net Name=NetR7.11_2 New Net Name=NetR12.11_2
Change Net Name : Old Net Name=NetR7.12_2 New Net Name=NetR12.12_2
Change Net Name : Old Net Name=NetR7.13_2 New Net Name=NetR12.13_2
Change Net Name : Old Net Name=NetR7.14_2 New Net Name=NetR12.14_2
Change Net Name : Old Net Name=NetR7.15_2 New Net Name=NetR12.15_2
Change Net Name : Old Net Name=NetR7.16_2 New Net Name=NetR12.16_2
Change Net Name : Old Net Name=NetR7.17_2 New Net Name=NetR12.17_2
Change Net Name : Old Net Name=NetR7.18_2 New Net Name=NetR12.18_2
Change Net Name : Old Net Name=NetR7.19_2 New Net Name=NetR12.19_2
Change Net Name : Old Net Name=NetR7.20_2 New Net Name=NetR12.20_2
Change Net Name : Old Net Name=NetR7.21_2 New Net Name=NetR12.21_2
Change Net Name : Old Net Name=NetR7.22_2 New Net Name=NetR12.22_2
Change Net Name : Old Net Name=NetR7.23_2 New Net Name=NetR12.23_2
Change Net Name : Old Net Name=NetR7.24_2 New Net Name=NetR12.24_2
Change Net Name : Old Net Name=NetR7.25_2 New Net Name=NetR12.25_2
Change Net Name : Old Net Name=NetR7.26_2 New Net Name=NetR12.26_2
Change Net Name : Old Net Name=NetR7.27_2 New Net Name=NetR12.27_2
Change Net Name : Old Net Name=NetR7.28_2 New Net Name=NetR12.28_2
Change Net Name : Old Net Name=NetR7.29_2 New Net Name=NetR12.29_2
Change Net Name : Old Net Name=NetR7.30_2 New Net Name=NetR12.30_2
Change Net Name : Old Net Name=NetR7.31_2 New Net Name=NetR12.31_2
Change Net Name : Old Net Name=NetR7.32_2 New Net Name=NetR12.32_2
Change Net Name : Old Net Name=NetR7.33_2 New Net Name=NetR12.33_2
Change Net Name : Old Net Name=NetR7.34_2 New Net Name=NetR12.34_2
Change Net Name : Old Net Name=NetR7.35_2 New Net Name=NetR12.35_2
Change Net Name : Old Net Name=NetR7.36_2 New Net Name=NetR12.36_2
Change Net Name : Old Net Name=NetR7.37_2 New Net Name=NetR12.37_2
Change Net Name : Old Net Name=NetR7.38_2 New Net Name=NetR12.38_2
Change Net Name : Old Net Name=NetR7.39_2 New Net Name=NetR12.39_2
Change Net Name : Old Net Name=NetR7.40_2 New Net Name=NetR12.40_2
Change Net Name : Old Net Name=NetR8.1_1 New Net Name=NetR13.1_1
Change Net Name : Old Net Name=NetR8.1_2 New Net Name=NetR13.1_2
Change Net Name : Old Net Name=NetR8.2_1 New Net Name=NetR13.2_1
Change Net Name : Old Net Name=NetR8.2_2 New Net Name=NetR13.2_2
Change Net Name : Old Net Name=NetR8.3_1 New Net Name=NetR13.3_1
Change Net Name : Old Net Name=NetR8.3_2 New Net Name=NetR13.3_2
Change Net Name : Old Net Name=NetR8.4_1 New Net Name=NetR13.4_1
Change Net Name : Old Net Name=NetR8.4_2 New Net Name=NetR13.4_2
Change Net Name : Old Net Name=NetR8.5_1 New Net Name=NetR13.5_1
Change Net Name : Old Net Name=NetR8.5_2 New Net Name=NetR13.5_2
Change Net Name : Old Net Name=NetR8.6_1 New Net Name=NetR13.6_1
Change Net Name : Old Net Name=NetR8.6_2 New Net Name=NetR13.6_2
Change Net Name : Old Net Name=NetR8.7_1 New Net Name=NetR13.7_1
Change Net Name : Old Net Name=NetR8.7_2 New Net Name=NetR13.7_2
Change Net Name : Old Net Name=NetR8.8_1 New Net Name=NetR13.8_1
Change Net Name : Old Net Name=NetR8.8_2 New Net Name=NetR13.8_2
Change Net Name : Old Net Name=NetR8.9_1 New Net Name=NetR13.9_1
Change Net Name : Old Net Name=NetR8.9_2 New Net Name=NetR13.9_2
Change Net Name : Old Net Name=NetR8.10_1 New Net Name=NetR13.10_1
Change Net Name : Old Net Name=NetR8.10_2 New Net Name=NetR13.10_2
Change Net Name : Old Net Name=NetR8.11_1 New Net Name=NetR13.11_1
Change Net Name : Old Net Name=NetR8.11_2 New Net Name=NetR13.11_2
Change Net Name : Old Net Name=NetR8.12_1 New Net Name=NetR13.12_1
Change Net Name : Old Net Name=NetR8.12_2 New Net Name=NetR13.12_2
Change Net Name : Old Net Name=NetR8.13_1 New Net Name=NetR13.13_1
Change Net Name : Old Net Name=NetR8.13_2 New Net Name=NetR13.13_2
Change Net Name : Old Net Name=NetR8.14_1 New Net Name=NetR13.14_1
Change Net Name : Old Net Name=NetR8.14_2 New Net Name=NetR13.14_2
Change Net Name : Old Net Name=NetR8.15_1 New Net Name=NetR13.15_1
Change Net Name : Old Net Name=NetR8.15_2 New Net Name=NetR13.15_2
Change Net Name : Old Net Name=NetR8.16_1 New Net Name=NetR13.16_1
Change Net Name : Old Net Name=NetR8.16_2 New Net Name=NetR13.16_2
Change Net Name : Old Net Name=NetR8.17_1 New Net Name=NetR13.17_1
Change Net Name : Old Net Name=NetR8.17_2 New Net Name=NetR13.17_2
Change Net Name : Old Net Name=NetR8.18_1 New Net Name=NetR13.18_1
Change Net Name : Old Net Name=NetR8.18_2 New Net Name=NetR13.18_2
Change Net Name : Old Net Name=NetR8.19_1 New Net Name=NetR13.19_1
Change Net Name : Old Net Name=NetR8.19_2 New Net Name=NetR13.19_2
Change Net Name : Old Net Name=NetR8.20_1 New Net Name=NetR13.20_1
Change Net Name : Old Net Name=NetR8.20_2 New Net Name=NetR13.20_2
Change Net Name : Old Net Name=NetR8.21_1 New Net Name=NetR13.21_1
Change Net Name : Old Net Name=NetR8.21_2 New Net Name=NetR13.21_2
Change Net Name : Old Net Name=NetR8.22_1 New Net Name=NetR13.22_1
Change Net Name : Old Net Name=NetR8.22_2 New Net Name=NetR13.22_2
Change Net Name : Old Net Name=NetR8.23_1 New Net Name=NetR13.23_1
Change Net Name : Old Net Name=NetR8.23_2 New Net Name=NetR13.23_2
Change Net Name : Old Net Name=NetR8.24_1 New Net Name=NetR13.24_1
Change Net Name : Old Net Name=NetR8.24_2 New Net Name=NetR13.24_2
Change Net Name : Old Net Name=NetR8.25_1 New Net Name=NetR13.25_1
Change Net Name : Old Net Name=NetR8.25_2 New Net Name=NetR13.25_2
Change Net Name : Old Net Name=NetR8.26_1 New Net Name=NetR13.26_1
Change Net Name : Old Net Name=NetR8.26_2 New Net Name=NetR13.26_2
Change Net Name : Old Net Name=NetR8.27_1 New Net Name=NetR13.27_1
Change Net Name : Old Net Name=NetR8.27_2 New Net Name=NetR13.27_2
Change Net Name : Old Net Name=NetR8.28_1 New Net Name=NetR13.28_1
Change Net Name : Old Net Name=NetR8.28_2 New Net Name=NetR13.28_2
Change Net Name : Old Net Name=NetR8.29_1 New Net Name=NetR13.29_1
Change Net Name : Old Net Name=NetR8.29_2 New Net Name=NetR13.29_2
Change Net Name : Old Net Name=NetR8.30_1 New Net Name=NetR13.30_1
Change Net Name : Old Net Name=NetR8.30_2 New Net Name=NetR13.30_2
Change Net Name : Old Net Name=NetR8.31_1 New Net Name=NetR13.31_1
Change Net Name : Old Net Name=NetR8.31_2 New Net Name=NetR13.31_2
Change Net Name : Old Net Name=NetR8.32_1 New Net Name=NetR13.32_1
Change Net Name : Old Net Name=NetR8.32_2 New Net Name=NetR13.32_2
Change Net Name : Old Net Name=NetR8.33_1 New Net Name=NetR13.33_1
Change Net Name : Old Net Name=NetR8.33_2 New Net Name=NetR13.33_2
Change Net Name : Old Net Name=NetR8.34_1 New Net Name=NetR13.34_1
Change Net Name : Old Net Name=NetR8.34_2 New Net Name=NetR13.34_2
Change Net Name : Old Net Name=NetR8.35_1 New Net Name=NetR13.35_1
Change Net Name : Old Net Name=NetR8.35_2 New Net Name=NetR13.35_2
Change Net Name : Old Net Name=NetR8.36_1 New Net Name=NetR13.36_1
Change Net Name : Old Net Name=NetR8.36_2 New Net Name=NetR13.36_2
Change Net Name : Old Net Name=NetR8.37_1 New Net Name=NetR13.37_1
Change Net Name : Old Net Name=NetR8.37_2 New Net Name=NetR13.37_2
Change Net Name : Old Net Name=NetR8.38_1 New Net Name=NetR13.38_1
Change Net Name : Old Net Name=NetR8.38_2 New Net Name=NetR13.38_2
Change Net Name : Old Net Name=NetR8.39_1 New Net Name=NetR13.39_1
Change Net Name : Old Net Name=NetR8.39_2 New Net Name=NetR13.39_2
Change Net Name : Old Net Name=NetR8.40_1 New Net Name=NetR13.40_1
Change Net Name : Old Net Name=NetR8.40_2 New Net Name=NetR13.40_2
Added Member To Class: ClassName=U_microcontroller Member=Component R4 10K
Added Member To Class: ClassName=U_microcontroller Member=Component S2 TL3301NF260QG
Added Room: Name=U_Sheet11
Added Room: Name=U_Sheet12
Added Room: Name=U_Sheet13
Added Room: Name=U_Sheet14
Added Room: Name=U_Sheet15
Added Room: Name=U_Sheet17
Added Room: Name=U_Sheet18
Added Room: Name=U_Sheet19
