Change Component Physical Designator: Old Designator=C26_U__LED_PORT01 New Designator=C26.1
Change Component Physical Designator: Old Designator=C26_U__LED_PORT2 New Designator=C26.2
Change Component Physical Designator: Old Designator=C26_U__LED_PORT3 New Designator=C26.3
Change Component Physical Designator: Old Designator=C26_U__LED_PORT4 New Designator=C26.4
Change Component Physical Designator: Old Designator=C26_U__LED_PORT5 New Designator=C26.5
Change Component Physical Designator: Old Designator=C26_U__LED_PORT6 New Designator=C26.6
Change Component Physical Designator: Old Designator=C26_U__LED_PORT7 New Designator=C26.7
Change Component Physical Designator: Old Designator=C26_U__LED_PORT8 New Designator=C26.8
Change Component Physical Designator: Old Designator=C26_U__LED_PORT9 New Designator=C26.9
Change Component Physical Designator: Old Designator=C26_U__LED_PORT10 New Designator=C26.10
Change Component Physical Designator: Old Designator=C27_U__LED_PORT01 New Designator=C27.1
Change Component Physical Designator: Old Designator=C27_U__LED_PORT2 New Designator=C27.2
Change Component Physical Designator: Old Designator=C27_U__LED_PORT3 New Designator=C27.3
Change Component Physical Designator: Old Designator=C27_U__LED_PORT4 New Designator=C27.4
Change Component Physical Designator: Old Designator=C27_U__LED_PORT5 New Designator=C27.5
Change Component Physical Designator: Old Designator=C27_U__LED_PORT6 New Designator=C27.6
Change Component Physical Designator: Old Designator=C27_U__LED_PORT7 New Designator=C27.7
Change Component Physical Designator: Old Designator=C27_U__LED_PORT8 New Designator=C27.8
Change Component Physical Designator: Old Designator=C27_U__LED_PORT9 New Designator=C27.9
Change Component Physical Designator: Old Designator=C27_U__LED_PORT10 New Designator=C27.10
Change Component Physical Designator: Old Designator=C28_U__LED_PORT01 New Designator=C28.1
Change Component Physical Designator: Old Designator=C28_U__LED_PORT2 New Designator=C28.2
Change Component Physical Designator: Old Designator=C28_U__LED_PORT3 New Designator=C28.3
Change Component Physical Designator: Old Designator=C28_U__LED_PORT4 New Designator=C28.4
Change Component Physical Designator: Old Designator=C28_U__LED_PORT5 New Designator=C28.5
Change Component Physical Designator: Old Designator=C28_U__LED_PORT6 New Designator=C28.6
Change Component Physical Designator: Old Designator=C28_U__LED_PORT7 New Designator=C28.7
Change Component Physical Designator: Old Designator=C28_U__LED_PORT8 New Designator=C28.8
Change Component Physical Designator: Old Designator=C28_U__LED_PORT9 New Designator=C28.9
Change Component Physical Designator: Old Designator=C28_U__LED_PORT10 New Designator=C28.10
Change Component Physical Designator: Old Designator=C29_U__LED_PORT01 New Designator=C29.1
Change Component Physical Designator: Old Designator=C29_U__LED_PORT2 New Designator=C29.2
Change Component Physical Designator: Old Designator=C29_U__LED_PORT3 New Designator=C29.3
Change Component Physical Designator: Old Designator=C29_U__LED_PORT4 New Designator=C29.4
Change Component Physical Designator: Old Designator=C29_U__LED_PORT5 New Designator=C29.5
Change Component Physical Designator: Old Designator=C29_U__LED_PORT6 New Designator=C29.6
Change Component Physical Designator: Old Designator=C29_U__LED_PORT7 New Designator=C29.7
Change Component Physical Designator: Old Designator=C29_U__LED_PORT8 New Designator=C29.8
Change Component Physical Designator: Old Designator=C29_U__LED_PORT9 New Designator=C29.9
Change Component Physical Designator: Old Designator=C29_U__LED_PORT10 New Designator=C29.10
Change Component Physical Designator: Old Designator=D7_U__LED_PORT01 New Designator=D7.1
Change Component Physical Designator: Old Designator=D7_U__LED_PORT2 New Designator=D7.2
Change Component Physical Designator: Old Designator=D7_U__LED_PORT3 New Designator=D7.3
Change Component Physical Designator: Old Designator=D7_U__LED_PORT4 New Designator=D7.4
Change Component Physical Designator: Old Designator=D7_U__LED_PORT5 New Designator=D7.5
Change Component Physical Designator: Old Designator=D7_U__LED_PORT6 New Designator=D7.6
Change Component Physical Designator: Old Designator=D7_U__LED_PORT7 New Designator=D7.7
Change Component Physical Designator: Old Designator=D7_U__LED_PORT8 New Designator=D7.8
Change Component Physical Designator: Old Designator=D7_U__LED_PORT9 New Designator=D7.9
Change Component Physical Designator: Old Designator=D7_U__LED_PORT10 New Designator=D7.10
Change Component Physical Designator: Old Designator=J10_U__LED_PORT01 New Designator=J10.1
Change Component Physical Designator: Old Designator=J10_U__LED_PORT2 New Designator=J10.2
Change Component Physical Designator: Old Designator=J10_U__LED_PORT3 New Designator=J10.3
Change Component Physical Designator: Old Designator=J10_U__LED_PORT4 New Designator=J10.4
Change Component Physical Designator: Old Designator=J10_U__LED_PORT5 New Designator=J10.5
Change Component Physical Designator: Old Designator=J10_U__LED_PORT6 New Designator=J10.6
Change Component Physical Designator: Old Designator=J10_U__LED_PORT7 New Designator=J10.7
Change Component Physical Designator: Old Designator=J10_U__LED_PORT8 New Designator=J10.8
Change Component Physical Designator: Old Designator=J10_U__LED_PORT9 New Designator=J10.9
Change Component Physical Designator: Old Designator=J10_U__LED_PORT10 New Designator=J10.10
Change Component Physical Designator: Old Designator=Q3_U__LED_PORT01 New Designator=Q3.1
Change Component Physical Designator: Old Designator=Q3_U__LED_PORT2 New Designator=Q3.2
Change Component Physical Designator: Old Designator=Q3_U__LED_PORT3 New Designator=Q3.3
Change Component Physical Designator: Old Designator=Q3_U__LED_PORT4 New Designator=Q3.4
Change Component Physical Designator: Old Designator=Q3_U__LED_PORT5 New Designator=Q3.5
Change Component Physical Designator: Old Designator=Q3_U__LED_PORT6 New Designator=Q3.6
Change Component Physical Designator: Old Designator=Q3_U__LED_PORT7 New Designator=Q3.7
Change Component Physical Designator: Old Designator=Q3_U__LED_PORT8 New Designator=Q3.8
Change Component Physical Designator: Old Designator=Q3_U__LED_PORT9 New Designator=Q3.9
Change Component Physical Designator: Old Designator=Q3_U__LED_PORT10 New Designator=Q3.10
Change Component Physical Designator: Old Designator=Q4_U__LED_PORT01 New Designator=Q4.1
Change Component Physical Designator: Old Designator=Q4_U__LED_PORT2 New Designator=Q4.2
Change Component Physical Designator: Old Designator=Q4_U__LED_PORT3 New Designator=Q4.3
Change Component Physical Designator: Old Designator=Q4_U__LED_PORT4 New Designator=Q4.4
Change Component Physical Designator: Old Designator=Q4_U__LED_PORT5 New Designator=Q4.5
Change Component Physical Designator: Old Designator=Q4_U__LED_PORT6 New Designator=Q4.6
Change Component Physical Designator: Old Designator=Q4_U__LED_PORT7 New Designator=Q4.7
Change Component Physical Designator: Old Designator=Q4_U__LED_PORT8 New Designator=Q4.8
Change Component Physical Designator: Old Designator=Q4_U__LED_PORT9 New Designator=Q4.9
Change Component Physical Designator: Old Designator=Q4_U__LED_PORT10 New Designator=Q4.10
Change Component Physical Designator: Old Designator=Q5_U__LED_PORT01 New Designator=Q5.1
Change Component Physical Designator: Old Designator=Q5_U__LED_PORT2 New Designator=Q5.2
Change Component Physical Designator: Old Designator=Q5_U__LED_PORT3 New Designator=Q5.3
Change Component Physical Designator: Old Designator=Q5_U__LED_PORT4 New Designator=Q5.4
Change Component Physical Designator: Old Designator=Q5_U__LED_PORT5 New Designator=Q5.5
Change Component Physical Designator: Old Designator=Q5_U__LED_PORT6 New Designator=Q5.6
Change Component Physical Designator: Old Designator=Q5_U__LED_PORT7 New Designator=Q5.7
Change Component Physical Designator: Old Designator=Q5_U__LED_PORT8 New Designator=Q5.8
Change Component Physical Designator: Old Designator=Q5_U__LED_PORT9 New Designator=Q5.9
Change Component Physical Designator: Old Designator=Q5_U__LED_PORT10 New Designator=Q5.10
Change Component Physical Designator: Old Designator=Q6_U__LED_PORT01 New Designator=Q6.1
Change Component Physical Designator: Old Designator=Q6_U__LED_PORT2 New Designator=Q6.2
Change Component Physical Designator: Old Designator=Q6_U__LED_PORT3 New Designator=Q6.3
Change Component Physical Designator: Old Designator=Q6_U__LED_PORT4 New Designator=Q6.4
Change Component Physical Designator: Old Designator=Q6_U__LED_PORT5 New Designator=Q6.5
Change Component Physical Designator: Old Designator=Q6_U__LED_PORT6 New Designator=Q6.6
Change Component Physical Designator: Old Designator=Q6_U__LED_PORT7 New Designator=Q6.7
Change Component Physical Designator: Old Designator=Q6_U__LED_PORT8 New Designator=Q6.8
Change Component Physical Designator: Old Designator=Q6_U__LED_PORT9 New Designator=Q6.9
Change Component Physical Designator: Old Designator=Q6_U__LED_PORT10 New Designator=Q6.10
Change Component Physical Designator: Old Designator=R11_U__LED_PORT01 New Designator=R11.1
Change Component Physical Designator: Old Designator=R11_U__LED_PORT2 New Designator=R11.2
Change Component Physical Designator: Old Designator=R11_U__LED_PORT3 New Designator=R11.3
Change Component Physical Designator: Old Designator=R11_U__LED_PORT4 New Designator=R11.4
Change Component Physical Designator: Old Designator=R11_U__LED_PORT5 New Designator=R11.5
Change Component Physical Designator: Old Designator=R11_U__LED_PORT6 New Designator=R11.6
Change Component Physical Designator: Old Designator=R11_U__LED_PORT7 New Designator=R11.7
Change Component Physical Designator: Old Designator=R11_U__LED_PORT8 New Designator=R11.8
Change Component Physical Designator: Old Designator=R11_U__LED_PORT9 New Designator=R11.9
Change Component Physical Designator: Old Designator=R11_U__LED_PORT10 New Designator=R11.10
Change Component Physical Designator: Old Designator=U6_U__LED_PORT01 New Designator=U6.1
Change Component Physical Designator: Old Designator=U6_U__LED_PORT2 New Designator=U6.2
Change Component Physical Designator: Old Designator=U6_U__LED_PORT3 New Designator=U6.3
Change Component Physical Designator: Old Designator=U6_U__LED_PORT4 New Designator=U6.4
Change Component Physical Designator: Old Designator=U6_U__LED_PORT5 New Designator=U6.5
Change Component Physical Designator: Old Designator=U6_U__LED_PORT6 New Designator=U6.6
Change Component Physical Designator: Old Designator=U6_U__LED_PORT7 New Designator=U6.7
Change Component Physical Designator: Old Designator=U6_U__LED_PORT8 New Designator=U6.8
Change Component Physical Designator: Old Designator=U6_U__LED_PORT9 New Designator=U6.9
Change Component Physical Designator: Old Designator=U6_U__LED_PORT10 New Designator=U6.10
Change Component Physical Designator: Old Designator=U7_U__LED_PORT01 New Designator=U7.1
Change Component Physical Designator: Old Designator=U7_U__LED_PORT2 New Designator=U7.2
Change Component Physical Designator: Old Designator=U7_U__LED_PORT3 New Designator=U7.3
Change Component Physical Designator: Old Designator=U7_U__LED_PORT4 New Designator=U7.4
Change Component Physical Designator: Old Designator=U7_U__LED_PORT5 New Designator=U7.5
Change Component Physical Designator: Old Designator=U7_U__LED_PORT6 New Designator=U7.6
Change Component Physical Designator: Old Designator=U7_U__LED_PORT7 New Designator=U7.7
Change Component Physical Designator: Old Designator=U7_U__LED_PORT8 New Designator=U7.8
Change Component Physical Designator: Old Designator=U7_U__LED_PORT9 New Designator=U7.9
Change Component Physical Designator: Old Designator=U7_U__LED_PORT10 New Designator=U7.10
Change Component Physical Designator: Old Designator=U8_U__LED_PORT01 New Designator=U8.1
Change Component Physical Designator: Old Designator=U8_U__LED_PORT2 New Designator=U8.2
Change Component Physical Designator: Old Designator=U8_U__LED_PORT3 New Designator=U8.3
Change Component Physical Designator: Old Designator=U8_U__LED_PORT4 New Designator=U8.4
Change Component Physical Designator: Old Designator=U8_U__LED_PORT5 New Designator=U8.5
Change Component Physical Designator: Old Designator=U8_U__LED_PORT6 New Designator=U8.6
Change Component Physical Designator: Old Designator=U8_U__LED_PORT7 New Designator=U8.7
Change Component Physical Designator: Old Designator=U8_U__LED_PORT8 New Designator=U8.8
Change Component Physical Designator: Old Designator=U8_U__LED_PORT9 New Designator=U8.9
Change Component Physical Designator: Old Designator=U8_U__LED_PORT10 New Designator=U8.10
Change Component Physical Designator: Old Designator=U9_U__LED_PORT01 New Designator=U9.1
Change Component Physical Designator: Old Designator=U9_U__LED_PORT2 New Designator=U9.2
Change Component Physical Designator: Old Designator=U9_U__LED_PORT3 New Designator=U9.3
Change Component Physical Designator: Old Designator=U9_U__LED_PORT4 New Designator=U9.4
Change Component Physical Designator: Old Designator=U9_U__LED_PORT5 New Designator=U9.5
Change Component Physical Designator: Old Designator=U9_U__LED_PORT6 New Designator=U9.6
Change Component Physical Designator: Old Designator=U9_U__LED_PORT7 New Designator=U9.7
Change Component Physical Designator: Old Designator=U9_U__LED_PORT8 New Designator=U9.8
Change Component Physical Designator: Old Designator=U9_U__LED_PORT9 New Designator=U9.9
Change Component Physical Designator: Old Designator=U9_U__LED_PORT10 New Designator=U9.10
