Removed Pin From Net: NetName=LED_PIN_W7 Pin=U3-12
Removed Pin From Net: NetName=LED_PIN_B7 Pin=U3-13
Removed Pin From Net: NetName=LED_PIN_G7 Pin=U3-14
Removed Pin From Net: NetName=LED_PIN_R7 Pin=U3-15
Removed Pin From Net: NetName=LED_PIN_R1 Pin=U3-16
Removed Pin From Net: NetName=LED_PIN_G1 Pin=U3-17
Removed Pin From Net: NetName=LED_PIN_B1 Pin=U3-18
Removed Pin From Net: NetName=LED_PIN_W1 Pin=U3-19
Removed Pin From Net: NetName=LED_PIN_R2 Pin=U3-22
Removed Pin From Net: NetName=LED_PIN_G2 Pin=U3-23
Removed Pin From Net: NetName=LED_PIN_B2 Pin=U3-24
Removed Pin From Net: NetName=LED_PIN_W2 Pin=U3-25
Removed Pin From Net: NetName=LED_PIN_W9 Pin=U3-26
Removed Pin From Net: NetName=LED_PIN_B9 Pin=U3-27
Removed Pin From Net: NetName=LED_PIN_G9 Pin=U3-28
Removed Pin From Net: NetName=LED_PIN_R9 Pin=U3-29
Removed Pin From Net: NetName=LED_PIN_R3 Pin=U3-36
Removed Pin From Net: NetName=LED_PIN_G3 Pin=U3-37
Removed Pin From Net: NetName=LED_PIN_B3 Pin=U3-38
Removed Pin From Net: NetName=LED_PIN_W3 Pin=U3-39
Removed Pin From Net: NetName=LED_PIN_R5 Pin=U3-52
Removed Pin From Net: NetName=LED_PIN_G5 Pin=U3-53
Removed Pin From Net: NetName=LED_PIN_B5 Pin=U3-54
Removed Pin From Net: NetName=LED_PIN_W5 Pin=U3-55
Removed Pin From Net: NetName=LED_PIN_R6 Pin=U3-58
Removed Pin From Net: NetName=LED_PIN_G6 Pin=U3-59
Removed Pin From Net: NetName=LED_PIN_B6 Pin=U3-60
Removed Pin From Net: NetName=LED_PIN_W6 Pin=U3-61
Added Pin To Net: NetName=LED_PIN_W1 Pin=U3-12
Added Pin To Net: NetName=LED_PIN_B1 Pin=U3-13
Added Pin To Net: NetName=LED_PIN_G1 Pin=U3-14
Added Pin To Net: NetName=LED_PIN_R1 Pin=U3-15
Added Pin To Net: NetName=LED_PIN_R2 Pin=U3-16
Added Pin To Net: NetName=LED_PIN_G2 Pin=U3-17
Added Pin To Net: NetName=LED_PIN_B2 Pin=U3-18
Added Pin To Net: NetName=LED_PIN_W2 Pin=U3-19
Added Pin To Net: NetName=LED_PIN_W3 Pin=U3-26
Added Pin To Net: NetName=LED_PIN_B3 Pin=U3-27
Added Pin To Net: NetName=LED_PIN_G3 Pin=U3-28
Added Pin To Net: NetName=LED_PIN_R3 Pin=U3-29
Added Pin To Net: NetName=LED_PIN_R5 Pin=U3-36
Added Pin To Net: NetName=LED_PIN_G5 Pin=U3-37
Added Pin To Net: NetName=LED_PIN_B5 Pin=U3-38
Added Pin To Net: NetName=LED_PIN_W5 Pin=U3-39
Added Pin To Net: NetName=LED_PIN_R6 Pin=U3-52
Added Pin To Net: NetName=LED_PIN_G6 Pin=U3-53
Added Pin To Net: NetName=LED_PIN_B6 Pin=U3-54
Added Pin To Net: NetName=LED_PIN_W6 Pin=U3-55
Added Pin To Net: NetName=LED_PIN_R7 Pin=U3-58
Added Pin To Net: NetName=LED_PIN_G7 Pin=U3-59
Added Pin To Net: NetName=LED_PIN_B7 Pin=U3-60
Added Pin To Net: NetName=LED_PIN_W7 Pin=U3-61
Added Pin To Net: NetName=NetU3_22 Pin=U3-22
Added Net: Name=NetU3_22
Added Pin To Net: NetName=NetU3_23 Pin=U3-23
Added Net: Name=NetU3_23
Added Pin To Net: NetName=NetU3_24 Pin=U3-24
Added Net: Name=NetU3_24
Added Pin To Net: NetName=NetU3_25 Pin=U3-25
Added Net: Name=NetU3_25
