Removed Pin From Net: NetName=LED_PIN_R7 Pin=U3-40
Removed Pin From Net: NetName=LED_PIN_G7 Pin=U3-41
Removed Pin From Net: NetName=LED_PIN_B7 Pin=U3-42
Removed Pin From Net: NetName=LED_PIN_W7 Pin=U3-43
Removed Pin From Net: NetName=LED_PIN_R9 Pin=U3-52
Removed Pin From Net: NetName=LED_PIN_G9 Pin=U3-53
Removed Pin From Net: NetName=LED_PIN_B9 Pin=U3-54
Removed Pin From Net: NetName=LED_PIN_W9 Pin=U3-55
Removed Pin From Net: NetName=LED_PIN_R10 Pin=U3-58
Removed Pin From Net: NetName=LED_PIN_G10 Pin=U3-59
Removed Pin From Net: NetName=LED_PIN_B10 Pin=U3-60
Removed Pin From Net: NetName=LED_PIN_W10 Pin=U3-61
Added Pin To Net: NetName=LED_PIN_W7 Pin=U3-40
Added Pin To Net: NetName=LED_PIN_B7 Pin=U3-41
Added Pin To Net: NetName=LED_PIN_G7 Pin=U3-42
Added Pin To Net: NetName=LED_PIN_R7 Pin=U3-43
Added Pin To Net: NetName=LED_PIN_W9 Pin=U3-52
Added Pin To Net: NetName=LED_PIN_B9 Pin=U3-53
Added Pin To Net: NetName=LED_PIN_G9 Pin=U3-54
Added Pin To Net: NetName=LED_PIN_R9 Pin=U3-55
Added Pin To Net: NetName=LED_PIN_W10 Pin=U3-58
Added Pin To Net: NetName=LED_PIN_B10 Pin=U3-59
Added Pin To Net: NetName=LED_PIN_G10 Pin=U3-60
Added Pin To Net: NetName=LED_PIN_R10 Pin=U3-61
