Reset Component Physical Designator: Old Designator=C1 New Designator=C?
Reset Component Physical Designator: Old Designator=C2 New Designator=C?
Reset Component Physical Designator: Old Designator=C3 New Designator=C?
Reset Component Physical Designator: Old Designator=C4 New Designator=C?
Reset Component Physical Designator: Old Designator=C5 New Designator=C?
Reset Component Physical Designator: Old Designator=C6 New Designator=C?
Reset Component Physical Designator: Old Designator=C7 New Designator=C?
Reset Component Physical Designator: Old Designator=C8 New Designator=C?
Reset Component Physical Designator: Old Designator=C9 New Designator=C?
Reset Component Physical Designator: Old Designator=C10 New Designator=C?
Reset Component Physical Designator: Old Designator=C11 New Designator=C?
Reset Component Physical Designator: Old Designator=C12 New Designator=C?
Reset Component Physical Designator: Old Designator=C13 New Designator=C?
Reset Component Physical Designator: Old Designator=C14 New Designator=C?
Reset Component Physical Designator: Old Designator=C15 New Designator=C?
Reset Component Physical Designator: Old Designator=C16 New Designator=C?
Reset Component Physical Designator: Old Designator=C17 New Designator=C?
Reset Component Physical Designator: Old Designator=C18 New Designator=C?
Reset Component Physical Designator: Old Designator=C19 New Designator=C?
Reset Component Physical Designator: Old Designator=C20 New Designator=C?
Reset Component Physical Designator: Old Designator=C21.1 New Designator=C?_U__LED_PORT01
Reset Component Physical Designator: Old Designator=C21.2 New Designator=C?_U__LED_PORT2
Reset Component Physical Designator: Old Designator=C21.3 New Designator=C?_U__LED_PORT3
Reset Component Physical Designator: Old Designator=C21.4 New Designator=C?_U__LED_PORT4
Reset Component Physical Designator: Old Designator=C21.5 New Designator=C?_U__LED_PORT5
Reset Component Physical Designator: Old Designator=C21.6 New Designator=C?_U__LED_PORT6
Reset Component Physical Designator: Old Designator=C21.7 New Designator=C?_U__LED_PORT7
Reset Component Physical Designator: Old Designator=C21.8 New Designator=C?_U__LED_PORT8
Reset Component Physical Designator: Old Designator=C21.9 New Designator=C?_U__LED_PORT9
Reset Component Physical Designator: Old Designator=C21.10 New Designator=C?_U__LED_PORT10
Reset Component Physical Designator: Old Designator=C22.1 New Designator=C?_U__LED_PORT01
Reset Component Physical Designator: Old Designator=C22.2 New Designator=C?_U__LED_PORT2
Reset Component Physical Designator: Old Designator=C22.3 New Designator=C?_U__LED_PORT3
Reset Component Physical Designator: Old Designator=C22.4 New Designator=C?_U__LED_PORT4
Reset Component Physical Designator: Old Designator=C22.5 New Designator=C?_U__LED_PORT5
Reset Component Physical Designator: Old Designator=C22.6 New Designator=C?_U__LED_PORT6
Reset Component Physical Designator: Old Designator=C22.7 New Designator=C?_U__LED_PORT7
Reset Component Physical Designator: Old Designator=C22.8 New Designator=C?_U__LED_PORT8
Reset Component Physical Designator: Old Designator=C22.9 New Designator=C?_U__LED_PORT9
Reset Component Physical Designator: Old Designator=C22.10 New Designator=C?_U__LED_PORT10
Reset Component Physical Designator: Old Designator=C23.1 New Designator=C?_U__LED_PORT01
Reset Component Physical Designator: Old Designator=C23.2 New Designator=C?_U__LED_PORT2
Reset Component Physical Designator: Old Designator=C23.3 New Designator=C?_U__LED_PORT3
Reset Component Physical Designator: Old Designator=C23.4 New Designator=C?_U__LED_PORT4
Reset Component Physical Designator: Old Designator=C23.5 New Designator=C?_U__LED_PORT5
Reset Component Physical Designator: Old Designator=C23.6 New Designator=C?_U__LED_PORT6
Reset Component Physical Designator: Old Designator=C23.7 New Designator=C?_U__LED_PORT7
Reset Component Physical Designator: Old Designator=C23.8 New Designator=C?_U__LED_PORT8
Reset Component Physical Designator: Old Designator=C23.9 New Designator=C?_U__LED_PORT9
Reset Component Physical Designator: Old Designator=C23.10 New Designator=C?_U__LED_PORT10
Reset Component Physical Designator: Old Designator=C24.1 New Designator=C?_U__LED_PORT01
Reset Component Physical Designator: Old Designator=C24.2 New Designator=C?_U__LED_PORT2
Reset Component Physical Designator: Old Designator=C24.3 New Designator=C?_U__LED_PORT3
Reset Component Physical Designator: Old Designator=C24.4 New Designator=C?_U__LED_PORT4
Reset Component Physical Designator: Old Designator=C24.5 New Designator=C?_U__LED_PORT5
Reset Component Physical Designator: Old Designator=C24.6 New Designator=C?_U__LED_PORT6
Reset Component Physical Designator: Old Designator=C24.7 New Designator=C?_U__LED_PORT7
Reset Component Physical Designator: Old Designator=C24.8 New Designator=C?_U__LED_PORT8
Reset Component Physical Designator: Old Designator=C24.9 New Designator=C?_U__LED_PORT9
Reset Component Physical Designator: Old Designator=C24.10 New Designator=C?_U__LED_PORT10
Reset Component Physical Designator: Old Designator=D1 New Designator=D?
Reset Component Physical Designator: Old Designator=D2 New Designator=D?
Reset Component Physical Designator: Old Designator=D3 New Designator=D?
Reset Component Physical Designator: Old Designator=D4.1 New Designator=D?_U__LED_PORT01
Reset Component Physical Designator: Old Designator=D4.2 New Designator=D?_U__LED_PORT2
Reset Component Physical Designator: Old Designator=D4.3 New Designator=D?_U__LED_PORT3
Reset Component Physical Designator: Old Designator=D4.4 New Designator=D?_U__LED_PORT4
Reset Component Physical Designator: Old Designator=D4.5 New Designator=D?_U__LED_PORT5
Reset Component Physical Designator: Old Designator=D4.6 New Designator=D?_U__LED_PORT6
Reset Component Physical Designator: Old Designator=D4.7 New Designator=D?_U__LED_PORT7
Reset Component Physical Designator: Old Designator=D4.8 New Designator=D?_U__LED_PORT8
Reset Component Physical Designator: Old Designator=D4.9 New Designator=D?_U__LED_PORT9
Reset Component Physical Designator: Old Designator=D4.10 New Designator=D?_U__LED_PORT10
Reset Component Physical Designator: Old Designator=J1 New Designator=J?
Reset Component Physical Designator: Old Designator=J3 New Designator=J?
Reset Component Physical Designator: Old Designator=J4 New Designator=J?
Reset Component Physical Designator: Old Designator=J5 New Designator=J?
Reset Component Physical Designator: Old Designator=J6 New Designator=J?
Reset Component Physical Designator: Old Designator=J7 New Designator=J?
Reset Component Physical Designator: Old Designator=J8 New Designator=J?
Reset Component Physical Designator: Old Designator=J9.1 New Designator=J?_U__LED_PORT01
Reset Component Physical Designator: Old Designator=J9.2 New Designator=J?_U__LED_PORT2
Reset Component Physical Designator: Old Designator=J9.3 New Designator=J?_U__LED_PORT3
Reset Component Physical Designator: Old Designator=J9.4 New Designator=J?_U__LED_PORT4
Reset Component Physical Designator: Old Designator=J9.5 New Designator=J?_U__LED_PORT5
Reset Component Physical Designator: Old Designator=J9.6 New Designator=J?_U__LED_PORT6
Reset Component Physical Designator: Old Designator=J9.7 New Designator=J?_U__LED_PORT7
Reset Component Physical Designator: Old Designator=J9.8 New Designator=J?_U__LED_PORT8
Reset Component Physical Designator: Old Designator=J9.9 New Designator=J?_U__LED_PORT9
Reset Component Physical Designator: Old Designator=J9.10 New Designator=J?_U__LED_PORT10
Reset Component Physical Designator: Old Designator=Q1 New Designator=Q?
Reset Component Physical Designator: Old Designator=Q2 New Designator=Q?
Reset Component Physical Designator: Old Designator=Q3.1 New Designator=Q?_U__LED_PORT01
Reset Component Physical Designator: Old Designator=Q3.2 New Designator=Q?_U__LED_PORT2
Reset Component Physical Designator: Old Designator=Q3.3 New Designator=Q?_U__LED_PORT3
Reset Component Physical Designator: Old Designator=Q3.4 New Designator=Q?_U__LED_PORT4
Reset Component Physical Designator: Old Designator=Q3.5 New Designator=Q?_U__LED_PORT5
Reset Component Physical Designator: Old Designator=Q3.6 New Designator=Q?_U__LED_PORT6
Reset Component Physical Designator: Old Designator=Q3.7 New Designator=Q?_U__LED_PORT7
Reset Component Physical Designator: Old Designator=Q3.8 New Designator=Q?_U__LED_PORT8
Reset Component Physical Designator: Old Designator=Q3.9 New Designator=Q?_U__LED_PORT9
Reset Component Physical Designator: Old Designator=Q3.10 New Designator=Q?_U__LED_PORT10
Reset Component Physical Designator: Old Designator=Q4.1 New Designator=Q?_U__LED_PORT01
Reset Component Physical Designator: Old Designator=Q4.2 New Designator=Q?_U__LED_PORT2
Reset Component Physical Designator: Old Designator=Q4.3 New Designator=Q?_U__LED_PORT3
Reset Component Physical Designator: Old Designator=Q4.4 New Designator=Q?_U__LED_PORT4
Reset Component Physical Designator: Old Designator=Q4.5 New Designator=Q?_U__LED_PORT5
Reset Component Physical Designator: Old Designator=Q4.6 New Designator=Q?_U__LED_PORT6
Reset Component Physical Designator: Old Designator=Q4.7 New Designator=Q?_U__LED_PORT7
Reset Component Physical Designator: Old Designator=Q4.8 New Designator=Q?_U__LED_PORT8
Reset Component Physical Designator: Old Designator=Q4.9 New Designator=Q?_U__LED_PORT9
Reset Component Physical Designator: Old Designator=Q4.10 New Designator=Q?_U__LED_PORT10
Reset Component Physical Designator: Old Designator=Q5.1 New Designator=Q?_U__LED_PORT01
Reset Component Physical Designator: Old Designator=Q5.2 New Designator=Q?_U__LED_PORT2
Reset Component Physical Designator: Old Designator=Q5.3 New Designator=Q?_U__LED_PORT3
Reset Component Physical Designator: Old Designator=Q5.4 New Designator=Q?_U__LED_PORT4
Reset Component Physical Designator: Old Designator=Q5.5 New Designator=Q?_U__LED_PORT5
Reset Component Physical Designator: Old Designator=Q5.6 New Designator=Q?_U__LED_PORT6
Reset Component Physical Designator: Old Designator=Q5.7 New Designator=Q?_U__LED_PORT7
Reset Component Physical Designator: Old Designator=Q5.8 New Designator=Q?_U__LED_PORT8
Reset Component Physical Designator: Old Designator=Q5.9 New Designator=Q?_U__LED_PORT9
Reset Component Physical Designator: Old Designator=Q5.10 New Designator=Q?_U__LED_PORT10
Reset Component Physical Designator: Old Designator=Q6.1 New Designator=Q?_U__LED_PORT01
Reset Component Physical Designator: Old Designator=Q6.2 New Designator=Q?_U__LED_PORT2
Reset Component Physical Designator: Old Designator=Q6.3 New Designator=Q?_U__LED_PORT3
Reset Component Physical Designator: Old Designator=Q6.4 New Designator=Q?_U__LED_PORT4
Reset Component Physical Designator: Old Designator=Q6.5 New Designator=Q?_U__LED_PORT5
Reset Component Physical Designator: Old Designator=Q6.6 New Designator=Q?_U__LED_PORT6
Reset Component Physical Designator: Old Designator=Q6.7 New Designator=Q?_U__LED_PORT7
Reset Component Physical Designator: Old Designator=Q6.8 New Designator=Q?_U__LED_PORT8
Reset Component Physical Designator: Old Designator=Q6.9 New Designator=Q?_U__LED_PORT9
Reset Component Physical Designator: Old Designator=Q6.10 New Designator=Q?_U__LED_PORT10
Reset Component Physical Designator: Old Designator=R1 New Designator=R?
Reset Component Physical Designator: Old Designator=R2 New Designator=R?
Reset Component Physical Designator: Old Designator=R3 New Designator=R?
Reset Component Physical Designator: Old Designator=R4 New Designator=R?
Reset Component Physical Designator: Old Designator=R5 New Designator=R?
Reset Component Physical Designator: Old Designator=R6 New Designator=R?
Reset Component Physical Designator: Old Designator=R7 New Designator=R?
Reset Component Physical Designator: Old Designator=R8 New Designator=R?
Reset Component Physical Designator: Old Designator=R9.1 New Designator=R?_U__LED_PORT01
Reset Component Physical Designator: Old Designator=R9.2 New Designator=R?_U__LED_PORT2
Reset Component Physical Designator: Old Designator=R9.3 New Designator=R?_U__LED_PORT3
Reset Component Physical Designator: Old Designator=R9.4 New Designator=R?_U__LED_PORT4
Reset Component Physical Designator: Old Designator=R9.5 New Designator=R?_U__LED_PORT5
Reset Component Physical Designator: Old Designator=R9.6 New Designator=R?_U__LED_PORT6
Reset Component Physical Designator: Old Designator=R9.7 New Designator=R?_U__LED_PORT7
Reset Component Physical Designator: Old Designator=R9.8 New Designator=R?_U__LED_PORT8
Reset Component Physical Designator: Old Designator=R9.9 New Designator=R?_U__LED_PORT9
Reset Component Physical Designator: Old Designator=R9.10 New Designator=R?_U__LED_PORT10
Reset Component Physical Designator: Old Designator=S1 New Designator=S?
Reset Component Physical Designator: Old Designator=S2 New Designator=S?
Reset Component Physical Designator: Old Designator=U1 New Designator=U?
Reset Component Physical Designator: Old Designator=U2 New Designator=U?
Reset Component Physical Designator: Old Designator=U2 New Designator=U?
Reset Component Physical Designator: Old Designator=U3 New Designator=U?
Reset Component Physical Designator: Old Designator=u4 New Designator=u?
Reset Component Physical Designator: Old Designator=U5.1 New Designator=U?_U__LED_PORT01
Reset Component Physical Designator: Old Designator=U5.2 New Designator=U?_U__LED_PORT2
Reset Component Physical Designator: Old Designator=U5.3 New Designator=U?_U__LED_PORT3
Reset Component Physical Designator: Old Designator=U5.4 New Designator=U?_U__LED_PORT4
Reset Component Physical Designator: Old Designator=U5.5 New Designator=U?_U__LED_PORT5
Reset Component Physical Designator: Old Designator=U5.6 New Designator=U?_U__LED_PORT6
Reset Component Physical Designator: Old Designator=U5.7 New Designator=U?_U__LED_PORT7
Reset Component Physical Designator: Old Designator=U5.8 New Designator=U?_U__LED_PORT8
Reset Component Physical Designator: Old Designator=U5.9 New Designator=U?_U__LED_PORT9
Reset Component Physical Designator: Old Designator=U5.10 New Designator=U?_U__LED_PORT10
Reset Component Physical Designator: Old Designator=U6.1 New Designator=U?_U__LED_PORT01
Reset Component Physical Designator: Old Designator=U6.2 New Designator=U?_U__LED_PORT2
Reset Component Physical Designator: Old Designator=U6.3 New Designator=U?_U__LED_PORT3
Reset Component Physical Designator: Old Designator=U6.4 New Designator=U?_U__LED_PORT4
Reset Component Physical Designator: Old Designator=U6.5 New Designator=U?_U__LED_PORT5
Reset Component Physical Designator: Old Designator=U6.6 New Designator=U?_U__LED_PORT6
Reset Component Physical Designator: Old Designator=U6.7 New Designator=U?_U__LED_PORT7
Reset Component Physical Designator: Old Designator=U6.8 New Designator=U?_U__LED_PORT8
Reset Component Physical Designator: Old Designator=U6.9 New Designator=U?_U__LED_PORT9
Reset Component Physical Designator: Old Designator=U6.10 New Designator=U?_U__LED_PORT10
Reset Component Physical Designator: Old Designator=U7.1 New Designator=U?_U__LED_PORT01
Reset Component Physical Designator: Old Designator=U7.2 New Designator=U?_U__LED_PORT2
Reset Component Physical Designator: Old Designator=U7.3 New Designator=U?_U__LED_PORT3
Reset Component Physical Designator: Old Designator=U7.4 New Designator=U?_U__LED_PORT4
Reset Component Physical Designator: Old Designator=U7.5 New Designator=U?_U__LED_PORT5
Reset Component Physical Designator: Old Designator=U7.6 New Designator=U?_U__LED_PORT6
Reset Component Physical Designator: Old Designator=U7.7 New Designator=U?_U__LED_PORT7
Reset Component Physical Designator: Old Designator=U7.8 New Designator=U?_U__LED_PORT8
Reset Component Physical Designator: Old Designator=U7.9 New Designator=U?_U__LED_PORT9
Reset Component Physical Designator: Old Designator=U7.10 New Designator=U?_U__LED_PORT10
Reset Component Physical Designator: Old Designator=U8.1 New Designator=U?_U__LED_PORT01
Reset Component Physical Designator: Old Designator=U8.2 New Designator=U?_U__LED_PORT2
Reset Component Physical Designator: Old Designator=U8.3 New Designator=U?_U__LED_PORT3
Reset Component Physical Designator: Old Designator=U8.4 New Designator=U?_U__LED_PORT4
Reset Component Physical Designator: Old Designator=U8.5 New Designator=U?_U__LED_PORT5
Reset Component Physical Designator: Old Designator=U8.6 New Designator=U?_U__LED_PORT6
Reset Component Physical Designator: Old Designator=U8.7 New Designator=U?_U__LED_PORT7
Reset Component Physical Designator: Old Designator=U8.8 New Designator=U?_U__LED_PORT8
Reset Component Physical Designator: Old Designator=U8.9 New Designator=U?_U__LED_PORT9
Reset Component Physical Designator: Old Designator=U8.10 New Designator=U?_U__LED_PORT10
Reset Component Physical Designator: Old Designator=Y1 New Designator=Y?
