Change Component Physical Designator: Old Designator=C?_U__LED_PORT01 New Designator=C?.1
Change Component Physical Designator: Old Designator=C?_U__LED_PORT01 New Designator=C?.1
Change Component Physical Designator: Old Designator=C?_U__LED_PORT01 New Designator=C?.1
Change Component Physical Designator: Old Designator=C?_U__LED_PORT01 New Designator=C?.1
Change Component Physical Designator: Old Designator=C?_U__LED_PORT2 New Designator=C?.2
Change Component Physical Designator: Old Designator=C?_U__LED_PORT2 New Designator=C?.2
Change Component Physical Designator: Old Designator=C?_U__LED_PORT2 New Designator=C?.2
Change Component Physical Designator: Old Designator=C?_U__LED_PORT2 New Designator=C?.2
Change Component Physical Designator: Old Designator=C?_U__LED_PORT3 New Designator=C?.3
Change Component Physical Designator: Old Designator=C?_U__LED_PORT3 New Designator=C?.3
Change Component Physical Designator: Old Designator=C?_U__LED_PORT3 New Designator=C?.3
Change Component Physical Designator: Old Designator=C?_U__LED_PORT3 New Designator=C?.3
Change Component Physical Designator: Old Designator=C?_U__LED_PORT4 New Designator=C?.4
Change Component Physical Designator: Old Designator=C?_U__LED_PORT4 New Designator=C?.4
Change Component Physical Designator: Old Designator=C?_U__LED_PORT4 New Designator=C?.4
Change Component Physical Designator: Old Designator=C?_U__LED_PORT4 New Designator=C?.4
Change Component Physical Designator: Old Designator=C?_U__LED_PORT5 New Designator=C?.5
Change Component Physical Designator: Old Designator=C?_U__LED_PORT5 New Designator=C?.5
Change Component Physical Designator: Old Designator=C?_U__LED_PORT5 New Designator=C?.5
Change Component Physical Designator: Old Designator=C?_U__LED_PORT5 New Designator=C?.5
Change Component Physical Designator: Old Designator=C?_U__LED_PORT6 New Designator=C?.6
Change Component Physical Designator: Old Designator=C?_U__LED_PORT6 New Designator=C?.6
Change Component Physical Designator: Old Designator=C?_U__LED_PORT6 New Designator=C?.6
Change Component Physical Designator: Old Designator=C?_U__LED_PORT6 New Designator=C?.6
Change Component Physical Designator: Old Designator=C?_U__LED_PORT7 New Designator=C?.7
Change Component Physical Designator: Old Designator=C?_U__LED_PORT7 New Designator=C?.7
Change Component Physical Designator: Old Designator=C?_U__LED_PORT7 New Designator=C?.7
Change Component Physical Designator: Old Designator=C?_U__LED_PORT7 New Designator=C?.7
Change Component Physical Designator: Old Designator=C?_U__LED_PORT8 New Designator=C?.8
Change Component Physical Designator: Old Designator=C?_U__LED_PORT8 New Designator=C?.8
Change Component Physical Designator: Old Designator=C?_U__LED_PORT8 New Designator=C?.8
Change Component Physical Designator: Old Designator=C?_U__LED_PORT8 New Designator=C?.8
Change Component Physical Designator: Old Designator=C?_U__LED_PORT9 New Designator=C?.9
Change Component Physical Designator: Old Designator=C?_U__LED_PORT9 New Designator=C?.9
Change Component Physical Designator: Old Designator=C?_U__LED_PORT9 New Designator=C?.9
Change Component Physical Designator: Old Designator=C?_U__LED_PORT9 New Designator=C?.9
Change Component Physical Designator: Old Designator=C?_U__LED_PORT10 New Designator=C?.10
Change Component Physical Designator: Old Designator=C?_U__LED_PORT10 New Designator=C?.10
Change Component Physical Designator: Old Designator=C?_U__LED_PORT10 New Designator=C?.10
Change Component Physical Designator: Old Designator=C?_U__LED_PORT10 New Designator=C?.10
Change Component Physical Designator: Old Designator=D?_U__LED_PORT01 New Designator=D?.1
Change Component Physical Designator: Old Designator=D?_U__LED_PORT2 New Designator=D?.2
Change Component Physical Designator: Old Designator=D?_U__LED_PORT3 New Designator=D?.3
Change Component Physical Designator: Old Designator=D?_U__LED_PORT4 New Designator=D?.4
Change Component Physical Designator: Old Designator=D?_U__LED_PORT5 New Designator=D?.5
Change Component Physical Designator: Old Designator=D?_U__LED_PORT6 New Designator=D?.6
Change Component Physical Designator: Old Designator=D?_U__LED_PORT7 New Designator=D?.7
Change Component Physical Designator: Old Designator=D?_U__LED_PORT8 New Designator=D?.8
Change Component Physical Designator: Old Designator=D?_U__LED_PORT9 New Designator=D?.9
Change Component Physical Designator: Old Designator=D?_U__LED_PORT10 New Designator=D?.10
Change Component Physical Designator: Old Designator=J?_U__LED_PORT01 New Designator=J?.1
Change Component Physical Designator: Old Designator=J?_U__LED_PORT2 New Designator=J?.2
Change Component Physical Designator: Old Designator=J?_U__LED_PORT3 New Designator=J?.3
Change Component Physical Designator: Old Designator=J?_U__LED_PORT4 New Designator=J?.4
Change Component Physical Designator: Old Designator=J?_U__LED_PORT5 New Designator=J?.5
Change Component Physical Designator: Old Designator=J?_U__LED_PORT6 New Designator=J?.6
Change Component Physical Designator: Old Designator=J?_U__LED_PORT7 New Designator=J?.7
Change Component Physical Designator: Old Designator=J?_U__LED_PORT8 New Designator=J?.8
Change Component Physical Designator: Old Designator=J?_U__LED_PORT9 New Designator=J?.9
Change Component Physical Designator: Old Designator=J?_U__LED_PORT10 New Designator=J?.10
Change Component Physical Designator: Old Designator=Q?_U__LED_PORT01 New Designator=Q?.1
Change Component Physical Designator: Old Designator=Q?_U__LED_PORT01 New Designator=Q?.1
Change Component Physical Designator: Old Designator=Q?_U__LED_PORT01 New Designator=Q?.1
Change Component Physical Designator: Old Designator=Q?_U__LED_PORT01 New Designator=Q?.1
Change Component Physical Designator: Old Designator=Q?_U__LED_PORT2 New Designator=Q?.2
Change Component Physical Designator: Old Designator=Q?_U__LED_PORT2 New Designator=Q?.2
Change Component Physical Designator: Old Designator=Q?_U__LED_PORT2 New Designator=Q?.2
Change Component Physical Designator: Old Designator=Q?_U__LED_PORT2 New Designator=Q?.2
Change Component Physical Designator: Old Designator=Q?_U__LED_PORT3 New Designator=Q?.3
Change Component Physical Designator: Old Designator=Q?_U__LED_PORT3 New Designator=Q?.3
Change Component Physical Designator: Old Designator=Q?_U__LED_PORT3 New Designator=Q?.3
Change Component Physical Designator: Old Designator=Q?_U__LED_PORT3 New Designator=Q?.3
Change Component Physical Designator: Old Designator=Q?_U__LED_PORT4 New Designator=Q?.4
Change Component Physical Designator: Old Designator=Q?_U__LED_PORT4 New Designator=Q?.4
Change Component Physical Designator: Old Designator=Q?_U__LED_PORT4 New Designator=Q?.4
Change Component Physical Designator: Old Designator=Q?_U__LED_PORT4 New Designator=Q?.4
Change Component Physical Designator: Old Designator=Q?_U__LED_PORT5 New Designator=Q?.5
Change Component Physical Designator: Old Designator=Q?_U__LED_PORT5 New Designator=Q?.5
Change Component Physical Designator: Old Designator=Q?_U__LED_PORT5 New Designator=Q?.5
Change Component Physical Designator: Old Designator=Q?_U__LED_PORT5 New Designator=Q?.5
Change Component Physical Designator: Old Designator=Q?_U__LED_PORT6 New Designator=Q?.6
Change Component Physical Designator: Old Designator=Q?_U__LED_PORT6 New Designator=Q?.6
Change Component Physical Designator: Old Designator=Q?_U__LED_PORT6 New Designator=Q?.6
Change Component Physical Designator: Old Designator=Q?_U__LED_PORT6 New Designator=Q?.6
Change Component Physical Designator: Old Designator=Q?_U__LED_PORT7 New Designator=Q?.7
Change Component Physical Designator: Old Designator=Q?_U__LED_PORT7 New Designator=Q?.7
Change Component Physical Designator: Old Designator=Q?_U__LED_PORT7 New Designator=Q?.7
Change Component Physical Designator: Old Designator=Q?_U__LED_PORT7 New Designator=Q?.7
Change Component Physical Designator: Old Designator=Q?_U__LED_PORT8 New Designator=Q?.8
Change Component Physical Designator: Old Designator=Q?_U__LED_PORT8 New Designator=Q?.8
Change Component Physical Designator: Old Designator=Q?_U__LED_PORT8 New Designator=Q?.8
Change Component Physical Designator: Old Designator=Q?_U__LED_PORT8 New Designator=Q?.8
Change Component Physical Designator: Old Designator=Q?_U__LED_PORT9 New Designator=Q?.9
Change Component Physical Designator: Old Designator=Q?_U__LED_PORT9 New Designator=Q?.9
Change Component Physical Designator: Old Designator=Q?_U__LED_PORT9 New Designator=Q?.9
Change Component Physical Designator: Old Designator=Q?_U__LED_PORT9 New Designator=Q?.9
Change Component Physical Designator: Old Designator=Q?_U__LED_PORT10 New Designator=Q?.10
Change Component Physical Designator: Old Designator=Q?_U__LED_PORT10 New Designator=Q?.10
Change Component Physical Designator: Old Designator=Q?_U__LED_PORT10 New Designator=Q?.10
Change Component Physical Designator: Old Designator=Q?_U__LED_PORT10 New Designator=Q?.10
Change Component Physical Designator: Old Designator=R?_U__LED_PORT01 New Designator=R?.1
Change Component Physical Designator: Old Designator=R?_U__LED_PORT2 New Designator=R?.2
Change Component Physical Designator: Old Designator=R?_U__LED_PORT3 New Designator=R?.3
Change Component Physical Designator: Old Designator=R?_U__LED_PORT4 New Designator=R?.4
Change Component Physical Designator: Old Designator=R?_U__LED_PORT5 New Designator=R?.5
Change Component Physical Designator: Old Designator=R?_U__LED_PORT6 New Designator=R?.6
Change Component Physical Designator: Old Designator=R?_U__LED_PORT7 New Designator=R?.7
Change Component Physical Designator: Old Designator=R?_U__LED_PORT8 New Designator=R?.8
Change Component Physical Designator: Old Designator=R?_U__LED_PORT9 New Designator=R?.9
Change Component Physical Designator: Old Designator=R?_U__LED_PORT10 New Designator=R?.10
Change Component Physical Designator: Old Designator=U?_U__LED_PORT01 New Designator=U?.1
Change Component Physical Designator: Old Designator=U?_U__LED_PORT01 New Designator=U?.1
Change Component Physical Designator: Old Designator=U?_U__LED_PORT01 New Designator=U?.1
Change Component Physical Designator: Old Designator=U?_U__LED_PORT01 New Designator=U?.1
Change Component Physical Designator: Old Designator=U?_U__LED_PORT2 New Designator=U?.2
Change Component Physical Designator: Old Designator=U?_U__LED_PORT2 New Designator=U?.2
Change Component Physical Designator: Old Designator=U?_U__LED_PORT2 New Designator=U?.2
Change Component Physical Designator: Old Designator=U?_U__LED_PORT2 New Designator=U?.2
Change Component Physical Designator: Old Designator=U?_U__LED_PORT3 New Designator=U?.3
Change Component Physical Designator: Old Designator=U?_U__LED_PORT3 New Designator=U?.3
Change Component Physical Designator: Old Designator=U?_U__LED_PORT3 New Designator=U?.3
Change Component Physical Designator: Old Designator=U?_U__LED_PORT3 New Designator=U?.3
Change Component Physical Designator: Old Designator=U?_U__LED_PORT4 New Designator=U?.4
Change Component Physical Designator: Old Designator=U?_U__LED_PORT4 New Designator=U?.4
Change Component Physical Designator: Old Designator=U?_U__LED_PORT4 New Designator=U?.4
Change Component Physical Designator: Old Designator=U?_U__LED_PORT4 New Designator=U?.4
Change Component Physical Designator: Old Designator=U?_U__LED_PORT5 New Designator=U?.5
Change Component Physical Designator: Old Designator=U?_U__LED_PORT5 New Designator=U?.5
Change Component Physical Designator: Old Designator=U?_U__LED_PORT5 New Designator=U?.5
Change Component Physical Designator: Old Designator=U?_U__LED_PORT5 New Designator=U?.5
Change Component Physical Designator: Old Designator=U?_U__LED_PORT6 New Designator=U?.6
Change Component Physical Designator: Old Designator=U?_U__LED_PORT6 New Designator=U?.6
Change Component Physical Designator: Old Designator=U?_U__LED_PORT6 New Designator=U?.6
Change Component Physical Designator: Old Designator=U?_U__LED_PORT6 New Designator=U?.6
Change Component Physical Designator: Old Designator=U?_U__LED_PORT7 New Designator=U?.7
Change Component Physical Designator: Old Designator=U?_U__LED_PORT7 New Designator=U?.7
Change Component Physical Designator: Old Designator=U?_U__LED_PORT7 New Designator=U?.7
Change Component Physical Designator: Old Designator=U?_U__LED_PORT7 New Designator=U?.7
Change Component Physical Designator: Old Designator=U?_U__LED_PORT8 New Designator=U?.8
Change Component Physical Designator: Old Designator=U?_U__LED_PORT8 New Designator=U?.8
Change Component Physical Designator: Old Designator=U?_U__LED_PORT8 New Designator=U?.8
Change Component Physical Designator: Old Designator=U?_U__LED_PORT8 New Designator=U?.8
Change Component Physical Designator: Old Designator=U?_U__LED_PORT9 New Designator=U?.9
Change Component Physical Designator: Old Designator=U?_U__LED_PORT9 New Designator=U?.9
Change Component Physical Designator: Old Designator=U?_U__LED_PORT9 New Designator=U?.9
Change Component Physical Designator: Old Designator=U?_U__LED_PORT9 New Designator=U?.9
Change Component Physical Designator: Old Designator=U?_U__LED_PORT10 New Designator=U?.10
Change Component Physical Designator: Old Designator=U?_U__LED_PORT10 New Designator=U?.10
Change Component Physical Designator: Old Designator=U?_U__LED_PORT10 New Designator=U?.10
Change Component Physical Designator: Old Designator=U?_U__LED_PORT10 New Designator=U?.10
