Reset Component Physical Designator: Old Designator=C? New Designator=C?
Reset Component Physical Designator: Old Designator=C? New Designator=C?
Reset Component Physical Designator: Old Designator=C? New Designator=C?
Reset Component Physical Designator: Old Designator=C? New Designator=C?
Reset Component Physical Designator: Old Designator=C? New Designator=C?
Reset Component Physical Designator: Old Designator=C? New Designator=C?
Reset Component Physical Designator: Old Designator=C? New Designator=C?
Reset Component Physical Designator: Old Designator=C? New Designator=C?
Reset Component Physical Designator: Old Designator=C? New Designator=C?
Reset Component Physical Designator: Old Designator=C? New Designator=C?
Reset Component Physical Designator: Old Designator=C? New Designator=C?
Reset Component Physical Designator: Old Designator=C? New Designator=C?
Reset Component Physical Designator: Old Designator=C? New Designator=C?
Reset Component Physical Designator: Old Designator=C? New Designator=C?
Reset Component Physical Designator: Old Designator=C? New Designator=C?
Reset Component Physical Designator: Old Designator=C? New Designator=C?
Reset Component Physical Designator: Old Designator=C? New Designator=C?
Reset Component Physical Designator: Old Designator=C? New Designator=C?
Reset Component Physical Designator: Old Designator=C? New Designator=C?
Reset Component Physical Designator: Old Designator=C? New Designator=C?
Reset Component Physical Designator: Old Designator=C? New Designator=C?
Reset Component Physical Designator: Old Designator=C? New Designator=C?
Reset Component Physical Designator: Old Designator=C? New Designator=C?
Reset Component Physical Designator: Old Designator=C? New Designator=C?
Reset Component Physical Designator: Old Designator=C? New Designator=C?
Reset Component Physical Designator: Old Designator=C?.1 New Designator=C?_U__LED_PORT01
Reset Component Physical Designator: Old Designator=C?.1 New Designator=C?_U__LED_PORT01
Reset Component Physical Designator: Old Designator=C?.1 New Designator=C?_U__LED_PORT01
Reset Component Physical Designator: Old Designator=C?.1 New Designator=C?_U__LED_PORT01
Reset Component Physical Designator: Old Designator=C?.2 New Designator=C?_U__LED_PORT2
Reset Component Physical Designator: Old Designator=C?.2 New Designator=C?_U__LED_PORT2
Reset Component Physical Designator: Old Designator=C?.2 New Designator=C?_U__LED_PORT2
Reset Component Physical Designator: Old Designator=C?.2 New Designator=C?_U__LED_PORT2
Reset Component Physical Designator: Old Designator=C?.3 New Designator=C?_U__LED_PORT3
Reset Component Physical Designator: Old Designator=C?.3 New Designator=C?_U__LED_PORT3
Reset Component Physical Designator: Old Designator=C?.3 New Designator=C?_U__LED_PORT3
Reset Component Physical Designator: Old Designator=C?.3 New Designator=C?_U__LED_PORT3
Reset Component Physical Designator: Old Designator=C?.4 New Designator=C?_U__LED_PORT4
Reset Component Physical Designator: Old Designator=C?.4 New Designator=C?_U__LED_PORT4
Reset Component Physical Designator: Old Designator=C?.4 New Designator=C?_U__LED_PORT4
Reset Component Physical Designator: Old Designator=C?.4 New Designator=C?_U__LED_PORT4
Reset Component Physical Designator: Old Designator=C?.5 New Designator=C?_U__LED_PORT5
Reset Component Physical Designator: Old Designator=C?.5 New Designator=C?_U__LED_PORT5
Reset Component Physical Designator: Old Designator=C?.5 New Designator=C?_U__LED_PORT5
Reset Component Physical Designator: Old Designator=C?.5 New Designator=C?_U__LED_PORT5
Reset Component Physical Designator: Old Designator=C?.6 New Designator=C?_U__LED_PORT6
Reset Component Physical Designator: Old Designator=C?.6 New Designator=C?_U__LED_PORT6
Reset Component Physical Designator: Old Designator=C?.6 New Designator=C?_U__LED_PORT6
Reset Component Physical Designator: Old Designator=C?.6 New Designator=C?_U__LED_PORT6
Reset Component Physical Designator: Old Designator=C?.7 New Designator=C?_U__LED_PORT7
Reset Component Physical Designator: Old Designator=C?.7 New Designator=C?_U__LED_PORT7
Reset Component Physical Designator: Old Designator=C?.7 New Designator=C?_U__LED_PORT7
Reset Component Physical Designator: Old Designator=C?.7 New Designator=C?_U__LED_PORT7
Reset Component Physical Designator: Old Designator=C?.8 New Designator=C?_U__LED_PORT8
Reset Component Physical Designator: Old Designator=C?.8 New Designator=C?_U__LED_PORT8
Reset Component Physical Designator: Old Designator=C?.8 New Designator=C?_U__LED_PORT8
Reset Component Physical Designator: Old Designator=C?.8 New Designator=C?_U__LED_PORT8
Reset Component Physical Designator: Old Designator=C?.9 New Designator=C?_U__LED_PORT9
Reset Component Physical Designator: Old Designator=C?.9 New Designator=C?_U__LED_PORT9
Reset Component Physical Designator: Old Designator=C?.9 New Designator=C?_U__LED_PORT9
Reset Component Physical Designator: Old Designator=C?.9 New Designator=C?_U__LED_PORT9
Reset Component Physical Designator: Old Designator=C?.10 New Designator=C?_U__LED_PORT10
Reset Component Physical Designator: Old Designator=C?.10 New Designator=C?_U__LED_PORT10
Reset Component Physical Designator: Old Designator=C?.10 New Designator=C?_U__LED_PORT10
Reset Component Physical Designator: Old Designator=C?.10 New Designator=C?_U__LED_PORT10
Reset Component Physical Designator: Old Designator=D? New Designator=D?
Reset Component Physical Designator: Old Designator=D? New Designator=D?
Reset Component Physical Designator: Old Designator=D? New Designator=D?
Reset Component Physical Designator: Old Designator=D? New Designator=D?
Reset Component Physical Designator: Old Designator=D? New Designator=D?
Reset Component Physical Designator: Old Designator=D? New Designator=D?
Reset Component Physical Designator: Old Designator=D?.1 New Designator=D?_U__LED_PORT01
Reset Component Physical Designator: Old Designator=D?.2 New Designator=D?_U__LED_PORT2
Reset Component Physical Designator: Old Designator=D?.3 New Designator=D?_U__LED_PORT3
Reset Component Physical Designator: Old Designator=D?.4 New Designator=D?_U__LED_PORT4
Reset Component Physical Designator: Old Designator=D?.5 New Designator=D?_U__LED_PORT5
Reset Component Physical Designator: Old Designator=D?.6 New Designator=D?_U__LED_PORT6
Reset Component Physical Designator: Old Designator=D?.7 New Designator=D?_U__LED_PORT7
Reset Component Physical Designator: Old Designator=D?.8 New Designator=D?_U__LED_PORT8
Reset Component Physical Designator: Old Designator=D?.9 New Designator=D?_U__LED_PORT9
Reset Component Physical Designator: Old Designator=D?.10 New Designator=D?_U__LED_PORT10
Reset Component Physical Designator: Old Designator=F? New Designator=F?
Reset Component Physical Designator: Old Designator=J? New Designator=J?
Reset Component Physical Designator: Old Designator=J? New Designator=J?
Reset Component Physical Designator: Old Designator=J? New Designator=J?
Reset Component Physical Designator: Old Designator=J? New Designator=J?
Reset Component Physical Designator: Old Designator=J? New Designator=J?
Reset Component Physical Designator: Old Designator=J? New Designator=J?
Reset Component Physical Designator: Old Designator=J? New Designator=J?
Reset Component Physical Designator: Old Designator=J? New Designator=J?
Reset Component Physical Designator: Old Designator=J? New Designator=J?
Reset Component Physical Designator: Old Designator=J?.1 New Designator=J?_U__LED_PORT01
Reset Component Physical Designator: Old Designator=J?.2 New Designator=J?_U__LED_PORT2
Reset Component Physical Designator: Old Designator=J?.3 New Designator=J?_U__LED_PORT3
Reset Component Physical Designator: Old Designator=J?.4 New Designator=J?_U__LED_PORT4
Reset Component Physical Designator: Old Designator=J?.5 New Designator=J?_U__LED_PORT5
Reset Component Physical Designator: Old Designator=J?.6 New Designator=J?_U__LED_PORT6
Reset Component Physical Designator: Old Designator=J?.7 New Designator=J?_U__LED_PORT7
Reset Component Physical Designator: Old Designator=J?.8 New Designator=J?_U__LED_PORT8
Reset Component Physical Designator: Old Designator=J?.9 New Designator=J?_U__LED_PORT9
Reset Component Physical Designator: Old Designator=J?.10 New Designator=J?_U__LED_PORT10
Reset Component Physical Designator: Old Designator=Q? New Designator=Q?
Reset Component Physical Designator: Old Designator=Q? New Designator=Q?
Reset Component Physical Designator: Old Designator=Q?.1 New Designator=Q?_U__LED_PORT01
Reset Component Physical Designator: Old Designator=Q?.1 New Designator=Q?_U__LED_PORT01
Reset Component Physical Designator: Old Designator=Q?.1 New Designator=Q?_U__LED_PORT01
Reset Component Physical Designator: Old Designator=Q?.1 New Designator=Q?_U__LED_PORT01
Reset Component Physical Designator: Old Designator=Q?.2 New Designator=Q?_U__LED_PORT2
Reset Component Physical Designator: Old Designator=Q?.2 New Designator=Q?_U__LED_PORT2
Reset Component Physical Designator: Old Designator=Q?.2 New Designator=Q?_U__LED_PORT2
Reset Component Physical Designator: Old Designator=Q?.2 New Designator=Q?_U__LED_PORT2
Reset Component Physical Designator: Old Designator=Q?.3 New Designator=Q?_U__LED_PORT3
Reset Component Physical Designator: Old Designator=Q?.3 New Designator=Q?_U__LED_PORT3
Reset Component Physical Designator: Old Designator=Q?.3 New Designator=Q?_U__LED_PORT3
Reset Component Physical Designator: Old Designator=Q?.3 New Designator=Q?_U__LED_PORT3
Reset Component Physical Designator: Old Designator=Q?.4 New Designator=Q?_U__LED_PORT4
Reset Component Physical Designator: Old Designator=Q?.4 New Designator=Q?_U__LED_PORT4
Reset Component Physical Designator: Old Designator=Q?.4 New Designator=Q?_U__LED_PORT4
Reset Component Physical Designator: Old Designator=Q?.4 New Designator=Q?_U__LED_PORT4
Reset Component Physical Designator: Old Designator=Q?.5 New Designator=Q?_U__LED_PORT5
Reset Component Physical Designator: Old Designator=Q?.5 New Designator=Q?_U__LED_PORT5
Reset Component Physical Designator: Old Designator=Q?.5 New Designator=Q?_U__LED_PORT5
Reset Component Physical Designator: Old Designator=Q?.5 New Designator=Q?_U__LED_PORT5
Reset Component Physical Designator: Old Designator=Q?.6 New Designator=Q?_U__LED_PORT6
Reset Component Physical Designator: Old Designator=Q?.6 New Designator=Q?_U__LED_PORT6
Reset Component Physical Designator: Old Designator=Q?.6 New Designator=Q?_U__LED_PORT6
Reset Component Physical Designator: Old Designator=Q?.6 New Designator=Q?_U__LED_PORT6
Reset Component Physical Designator: Old Designator=Q?.7 New Designator=Q?_U__LED_PORT7
Reset Component Physical Designator: Old Designator=Q?.7 New Designator=Q?_U__LED_PORT7
Reset Component Physical Designator: Old Designator=Q?.7 New Designator=Q?_U__LED_PORT7
Reset Component Physical Designator: Old Designator=Q?.7 New Designator=Q?_U__LED_PORT7
Reset Component Physical Designator: Old Designator=Q?.8 New Designator=Q?_U__LED_PORT8
Reset Component Physical Designator: Old Designator=Q?.8 New Designator=Q?_U__LED_PORT8
Reset Component Physical Designator: Old Designator=Q?.8 New Designator=Q?_U__LED_PORT8
Reset Component Physical Designator: Old Designator=Q?.8 New Designator=Q?_U__LED_PORT8
Reset Component Physical Designator: Old Designator=Q?.9 New Designator=Q?_U__LED_PORT9
Reset Component Physical Designator: Old Designator=Q?.9 New Designator=Q?_U__LED_PORT9
Reset Component Physical Designator: Old Designator=Q?.9 New Designator=Q?_U__LED_PORT9
Reset Component Physical Designator: Old Designator=Q?.9 New Designator=Q?_U__LED_PORT9
Reset Component Physical Designator: Old Designator=Q?.10 New Designator=Q?_U__LED_PORT10
Reset Component Physical Designator: Old Designator=Q?.10 New Designator=Q?_U__LED_PORT10
Reset Component Physical Designator: Old Designator=Q?.10 New Designator=Q?_U__LED_PORT10
Reset Component Physical Designator: Old Designator=Q?.10 New Designator=Q?_U__LED_PORT10
Reset Component Physical Designator: Old Designator=R? New Designator=R?
Reset Component Physical Designator: Old Designator=R? New Designator=R?
Reset Component Physical Designator: Old Designator=R? New Designator=R?
Reset Component Physical Designator: Old Designator=R? New Designator=R?
Reset Component Physical Designator: Old Designator=R? New Designator=R?
Reset Component Physical Designator: Old Designator=R? New Designator=R?
Reset Component Physical Designator: Old Designator=R? New Designator=R?
Reset Component Physical Designator: Old Designator=R? New Designator=R?
Reset Component Physical Designator: Old Designator=R? New Designator=R?
Reset Component Physical Designator: Old Designator=R? New Designator=R?
Reset Component Physical Designator: Old Designator=R?.1 New Designator=R?_U__LED_PORT01
Reset Component Physical Designator: Old Designator=R?.2 New Designator=R?_U__LED_PORT2
Reset Component Physical Designator: Old Designator=R?.3 New Designator=R?_U__LED_PORT3
Reset Component Physical Designator: Old Designator=R?.4 New Designator=R?_U__LED_PORT4
Reset Component Physical Designator: Old Designator=R?.5 New Designator=R?_U__LED_PORT5
Reset Component Physical Designator: Old Designator=R?.6 New Designator=R?_U__LED_PORT6
Reset Component Physical Designator: Old Designator=R?.7 New Designator=R?_U__LED_PORT7
Reset Component Physical Designator: Old Designator=R?.8 New Designator=R?_U__LED_PORT8
Reset Component Physical Designator: Old Designator=R?.9 New Designator=R?_U__LED_PORT9
Reset Component Physical Designator: Old Designator=R?.10 New Designator=R?_U__LED_PORT10
Reset Component Physical Designator: Old Designator=S? New Designator=S?
Reset Component Physical Designator: Old Designator=S? New Designator=S?
Reset Component Physical Designator: Old Designator=u? New Designator=u?
Reset Component Physical Designator: Old Designator=U? New Designator=U?
Reset Component Physical Designator: Old Designator=U? New Designator=U?
Reset Component Physical Designator: Old Designator=U? New Designator=U?
Reset Component Physical Designator: Old Designator=U? New Designator=U?
Reset Component Physical Designator: Old Designator=U? New Designator=U?
Reset Component Physical Designator: Old Designator=U?.1 New Designator=U?_U__LED_PORT01
Reset Component Physical Designator: Old Designator=U?.1 New Designator=U?_U__LED_PORT01
Reset Component Physical Designator: Old Designator=U?.1 New Designator=U?_U__LED_PORT01
Reset Component Physical Designator: Old Designator=U?.1 New Designator=U?_U__LED_PORT01
Reset Component Physical Designator: Old Designator=U?.2 New Designator=U?_U__LED_PORT2
Reset Component Physical Designator: Old Designator=U?.2 New Designator=U?_U__LED_PORT2
Reset Component Physical Designator: Old Designator=U?.2 New Designator=U?_U__LED_PORT2
Reset Component Physical Designator: Old Designator=U?.2 New Designator=U?_U__LED_PORT2
Reset Component Physical Designator: Old Designator=U?.3 New Designator=U?_U__LED_PORT3
Reset Component Physical Designator: Old Designator=U?.3 New Designator=U?_U__LED_PORT3
Reset Component Physical Designator: Old Designator=U?.3 New Designator=U?_U__LED_PORT3
Reset Component Physical Designator: Old Designator=U?.3 New Designator=U?_U__LED_PORT3
Reset Component Physical Designator: Old Designator=U?.4 New Designator=U?_U__LED_PORT4
Reset Component Physical Designator: Old Designator=U?.4 New Designator=U?_U__LED_PORT4
Reset Component Physical Designator: Old Designator=U?.4 New Designator=U?_U__LED_PORT4
Reset Component Physical Designator: Old Designator=U?.4 New Designator=U?_U__LED_PORT4
Reset Component Physical Designator: Old Designator=U?.5 New Designator=U?_U__LED_PORT5
Reset Component Physical Designator: Old Designator=U?.5 New Designator=U?_U__LED_PORT5
Reset Component Physical Designator: Old Designator=U?.5 New Designator=U?_U__LED_PORT5
Reset Component Physical Designator: Old Designator=U?.5 New Designator=U?_U__LED_PORT5
Reset Component Physical Designator: Old Designator=U?.6 New Designator=U?_U__LED_PORT6
Reset Component Physical Designator: Old Designator=U?.6 New Designator=U?_U__LED_PORT6
Reset Component Physical Designator: Old Designator=U?.6 New Designator=U?_U__LED_PORT6
Reset Component Physical Designator: Old Designator=U?.6 New Designator=U?_U__LED_PORT6
Reset Component Physical Designator: Old Designator=U?.7 New Designator=U?_U__LED_PORT7
Reset Component Physical Designator: Old Designator=U?.7 New Designator=U?_U__LED_PORT7
Reset Component Physical Designator: Old Designator=U?.7 New Designator=U?_U__LED_PORT7
Reset Component Physical Designator: Old Designator=U?.7 New Designator=U?_U__LED_PORT7
Reset Component Physical Designator: Old Designator=U?.8 New Designator=U?_U__LED_PORT8
Reset Component Physical Designator: Old Designator=U?.8 New Designator=U?_U__LED_PORT8
Reset Component Physical Designator: Old Designator=U?.8 New Designator=U?_U__LED_PORT8
Reset Component Physical Designator: Old Designator=U?.8 New Designator=U?_U__LED_PORT8
Reset Component Physical Designator: Old Designator=U?.9 New Designator=U?_U__LED_PORT9
Reset Component Physical Designator: Old Designator=U?.9 New Designator=U?_U__LED_PORT9
Reset Component Physical Designator: Old Designator=U?.9 New Designator=U?_U__LED_PORT9
Reset Component Physical Designator: Old Designator=U?.9 New Designator=U?_U__LED_PORT9
Reset Component Physical Designator: Old Designator=U?.10 New Designator=U?_U__LED_PORT10
Reset Component Physical Designator: Old Designator=U?.10 New Designator=U?_U__LED_PORT10
Reset Component Physical Designator: Old Designator=U?.10 New Designator=U?_U__LED_PORT10
Reset Component Physical Designator: Old Designator=U?.10 New Designator=U?_U__LED_PORT10
Reset Component Physical Designator: Old Designator=Y? New Designator=Y?
