Removed Member From Class: ClassName=U_Rs232 Member=C11
Removed Member From Class: ClassName=U_Rs232 Member=C17
Removed Member From Class: ClassName=U_Rs232 Member=C18
Removed Member From Class: ClassName=U_Rs232 Member=C19
Removed Member From Class: ClassName=U_Rs232 Member=C20
Removed Member From Class: ClassName=U_Rs232 Member=U3
Added Component: Designator=J2(PIN1)
Add component (AddParameter): Name = "LatestRevisionDate"; Value = "17-Jul-2002"; VariantName = "[No Variations]"
Add component (AddParameter): Name = "LatestRevisionNote"; Value = "Re-released for DXP Platform."; VariantName = "[No Variations]"
Add component (AddParameter): Name = "Publisher"; Value = "Altium Limited"; VariantName = "[No Variations]"
Added Component: Designator=J6(PIN1)
Add component (AddParameter): Name = "LatestRevisionDate"; Value = "17-Jul-2002"; VariantName = "[No Variations]"
Add component (AddParameter): Name = "LatestRevisionNote"; Value = "Re-released for DXP Platform."; VariantName = "[No Variations]"
Add component (AddParameter): Name = "Publisher"; Value = "Altium Limited"; VariantName = "[No Variations]"
Added Component: Designator=J8(XH-Conn 1*4 straight)
Add component (AddParameter): Name = "ComponentLink1Description"; Value = "Datasheet"; VariantName = "[No Variations]"
Add component (AddParameter): Name = "ComponentLink1URL"; Value = "http://www.jst-mfg.com/product/pdf/eng/eXH.pdf"; VariantName = "[No Variations]"
Add component (AddParameter): Name = "ComponentLink2Description"; Value = "DigiKey Link"; VariantName = "[No Variations]"
Add component (AddParameter): Name = "ComponentLink2URL"; Value = "http://digikey.com/product-detail/en/jst-sales-america-inc/B4B-XH-A-LF-SN/455-2249-ND/1651047"; VariantName = "[No Variations]"
Add component (AddParameter): Name = "Connector Type"; Value = "Header"; VariantName = "[No Variations]"
Add component (AddParameter): Name = "Contact Finish - Mating"; Value = "Tin"; VariantName = "[No Variations]"
Add component (AddParameter): Name = "Contact Finish - Post"; Value = "Tin"; VariantName = "[No Variations]"
Add component (AddParameter): Name = "Contact Length - Post"; Value = "0.134" (3.40mm)"; VariantName = "[No Variations]"
Add component (AddParameter): Name = "Contact Material"; Value = "Brass"; VariantName = "[No Variations]"
Add component (AddParameter): Name = "Contact Shape"; Value = "Square"; VariantName = "[No Variations]"
Add component (AddParameter): Name = "Contact Type"; Value = "Male Pin"; VariantName = "[No Variations]"
Add component (AddParameter): Name = "Current Rating (Amps)"; Value = "3A"; VariantName = "[No Variations]"
Add component (AddParameter): Name = "Fastening Type"; Value = "Detent Lock"; VariantName = "[No Variations]"
Add component (AddParameter): Name = "Insulation Color"; Value = "Natural"; VariantName = "[No Variations]"
Add component (AddParameter): Name = "Insulation Height"; Value = "0.276" (7.00mm)"; VariantName = "[No Variations]"
Add component (AddParameter): Name = "Insulation Material"; Value = "Polyamide (PA66), Nylon 6/6"; VariantName = "[No Variations]"
Add component (AddParameter): Name = "LastUpdated"; Value = "1/12/2020 11:46:34 PM"; VariantName = "[No Variations]"
Add component (AddParameter): Name = "Lifecycle Status"; Value = "Active"; VariantName = "[No Variations]"
Add component (AddParameter): Name = "Manufacturer"; Value = "JST Sales America Inc."; VariantName = "[No Variations]"
Add component (AddParameter): Name = "Material Flammability Rating"; Value = "UL94 V-0"; VariantName = "[No Variations]"
Add component (AddParameter): Name = "Minimum Order"; Value = "1"; VariantName = "[No Variations]"
Add component (AddParameter): Name = "Mounting Type"; Value = "Through Hole"; VariantName = "[No Variations]"
Add component (AddParameter): Name = "Number of Positions"; Value = "4"; VariantName = "[No Variations]"
Add component (AddParameter): Name = "Number of Positions Loaded"; Value = "All"; VariantName = "[No Variations]"
Add component (AddParameter): Name = "Number of Rows"; Value = "1"; VariantName = "[No Variations]"
Add component (AddParameter): Name = "Operating Temperature"; Value = "-25°C ~ 85°C"; VariantName = "[No Variations]"
Add component (AddParameter): Name = "Packaging"; Value = "Bulk"; VariantName = "[No Variations]"
Add component (AddParameter): Name = "Part Number"; Value = "B4B-XH-A(LF)(SN)"; VariantName = "[No Variations]"
Add component (AddParameter): Name = "Part Status"; Value = "Active"; VariantName = "[No Variations]"
Add component (AddParameter): Name = "PartId"; Value = "69"; VariantName = "[No Variations]"
Add component (AddParameter): Name = "Pitch - Mating"; Value = "0.098" (2.50mm)"; VariantName = "[No Variations]"
Add component (AddParameter): Name = "Price"; Value = "0.21"; VariantName = "[No Variations]"
Add component (AddParameter): Name = "Series"; Value = "XH"; VariantName = "[No Variations]"
Add component (AddParameter): Name = "Shrouding"; Value = "Shrouded - 4 Wall"; VariantName = "[No Variations]"
Add component (AddParameter): Name = "Style"; Value = "Board to Cable/Wire"; VariantName = "[No Variations]"
Add component (AddParameter): Name = "Supplier 1"; Value = "DigiKey"; VariantName = "[No Variations]"
Add component (AddParameter): Name = "Supplier Part Number 1"; Value = "455-2249-ND"; VariantName = "[No Variations]"
Add component (AddParameter): Name = "Termination"; Value = "Press-Fit, Solder"; VariantName = "[No Variations]"
Add component (AddParameter): Name = "Voltage Rating"; Value = "250V"; VariantName = "[No Variations]"
Added Component: Designator=R6(RES SMD 0805)
Added Component: Designator=R7(RES SMD 0805)
Added Component: Designator=R8(RES SMD 0805)
Added Pin To Net: NetName=232TX Pin=J2-1
Added Pin To Net: NetName=EE_SDA Pin=J6-1
Added Pin To Net: NetName=RXD3 Pin=J8-1
Added Pin To Net: NetName=RXD Pin=J8-2
Added Pin To Net: NetName=VCC Pin=J8-3
Added Pin To Net: NetName=GND Pin=J8-4
Added Pin To Net: NetName=EE_SDA Pin=R6-1
Added Pin To Net: NetName=VCC Pin=R6-2
Added Pin To Net: NetName=EE_SCL Pin=R7-1
Added Pin To Net: NetName=VCC Pin=R7-2
Added Pin To Net: NetName=RXD3 Pin=R8-1
Added Pin To Net: NetName=NetQ1_1 Pin=R8-2
Added Member To Class: ClassName=U_Rs232 Member=Component C1 UVY1C471MPD
Added Member To Class: ClassName=U_Rs232 Member=Component C2 UVY1C471MPD
Added Member To Class: ClassName=U_Rs232 Member=Component C3 C0805C475K9PAC7210
Added Member To Class: ClassName=U_Rs232 Member=Component C4 UVY1C471MPD
Added Member To Class: ClassName=U_Rs232 Member=Component C5 C0805C475K9PAC7210
Added Member To Class: ClassName=U_Rs232 Member=Component C6 C0805C105K5RACAUTO
Added Member To Class: ClassName=U_Rs232 Member=Component C8 C0805C105K5RACAUTO
Added Member To Class: ClassName=U_Rs232 Member=Component C10 C0805C104M5RAC7025
Added Member To Class: ClassName=U_microcontroller Member=Component C12 C0805C104M5RAC7025
Added Member To Class: ClassName=U_microcontroller Member=Component C13 C0805C104M5RAC7025
Added Member To Class: ClassName=U_microcontroller Member=Component C14 C0805C104M5RAC7025
Added Member To Class: ClassName=U_microcontroller Member=Component C15 C0805C104M5RAC7025
Added Member To Class: ClassName=U_USB_CH340G Member=Component C25 C0805C220M5HAC7800
Added Member To Class: ClassName=DIY-USB Led Controller Member=Component D1 LY R976-PS-36
Added Member To Class: ClassName=U_Rs232 Member=Component D2 1KV_1A
Added Member To Class: ClassName=U_Rs232 Member=Component D3 LS R976-NR-1
Added Member To Class: ClassName=U_USB_CH340G Member=Component D5 LY R976-PS-36
Added Member To Class: ClassName=U_USB_CH340G Member=Component D6 LY R976-PS-36
Added Member To Class: ClassName=U_USB_CH340G Member=Component D7 60V_1A
Added Member To Class: ClassName=DIY-USB Led Controller Member=Component J1 Socket
Added Member To Class: ClassName=U_Rs232 Member=Component J2 Socket
Added Member To Class: ClassName=U_Rs232 Member=Component J4 Socket
Added Member To Class: ClassName=U_microcontroller Member=Component J5 HEADER 2x3
Added Member To Class: ClassName=U_EEPROM Member=Component J6 Socket
Added Member To Class: ClassName=U_EEPROM Member=Component J7 Socket
Added Member To Class: ClassName=U_USB_CH340G Member=Component J8 B4B-XH-A(LF)(SN)
Added Member To Class: ClassName=DIY-USB Led Controller Member=Component R1 1K
Added Member To Class: ClassName=U_Rs232 Member=Component R2 10K
Added Member To Class: ClassName=U_Rs232 Member=Component R3 1K
Added Member To Class: ClassName=U_microcontroller Member=Component R4 330R
Added Member To Class: ClassName=U_microcontroller Member=Component R5 10K
Added Member To Class: ClassName=U_EEPROM Member=Component R6 10K
Added Member To Class: ClassName=U_EEPROM Member=Component R7 10K
Added Member To Class: ClassName=U_USB_CH340G Member=Component R8 1K
Added Member To Class: ClassName=U_USB_CH340G Member=Component R10 1K
Added Member To Class: ClassName=U_USB_CH340G Member=Component R11 1K
Added Member To Class: ClassName=U_Rs232 Member=Component U1 LM1117IMP-5.0/NOPB
Added Member To Class: ClassName=U_Rs232 Member=Component U2 MAX232DR
Added Member To Class: ClassName=U__LED_PORT01 Member=Component U6.1 (U6) MIC4416YM4-TR
Added Member To Class: ClassName=U__LED_PORT3 Member=Component U6.3 (U6) MIC4416YM4-TR
Added Member To Class: ClassName=U__LED_PORT5 Member=Component U6.5 (U6) MIC4416YM4-TR
Added Member To Class: ClassName=U__LED_PORT7 Member=Component U6.7 (U6) MIC4416YM4-TR
Added Member To Class: ClassName=U__LED_PORT9 Member=Component U6.9 (U6) MIC4416YM4-TR
Added Member To Class: ClassName=U__LED_PORT2 Member=Component U7.2 (U7) MIC4416YM4-TR
Added Member To Class: ClassName=U__LED_PORT4 Member=Component U7.4 (U7) MIC4416YM4-TR
Added Member To Class: ClassName=U__LED_PORT6 Member=Component U7.6 (U7) MIC4416YM4-TR
Added Member To Class: ClassName=U__LED_PORT8 Member=Component U7.8 (U7) MIC4416YM4-TR
Added Member To Class: ClassName=U__LED_PORT10 Member=Component U7.10 (U7) MIC4416YM4-TR
Added Member To Class: ClassName=U__LED_PORT01 Member=Component U8.1 (U8) MIC4416YM4-TR
Added Member To Class: ClassName=U__LED_PORT3 Member=Component U8.3 (U8) MIC4416YM4-TR
Added Member To Class: ClassName=U__LED_PORT5 Member=Component U8.5 (U8) MIC4416YM4-TR
Added Member To Class: ClassName=U__LED_PORT7 Member=Component U8.7 (U8) MIC4416YM4-TR
Added Member To Class: ClassName=U__LED_PORT9 Member=Component U8.9 (U8) MIC4416YM4-TR
