Removed Member From Class: ClassName=U_Sheet11 Member=J4.1
Removed Member From Class: ClassName=U_Sheet12 Member=J4.2
Removed Member From Class: ClassName=U_Sheet13 Member=J4.3
Removed Member From Class: ClassName=U_Sheet14 Member=J4.4
Removed Member From Class: ClassName=U_Sheet15 Member=J4.5
Removed Member From Class: ClassName=U_Sheet16 Member=J4.6
Removed Member From Class: ClassName=U_Sheet17 Member=J4.7
Removed Member From Class: ClassName=U_Sheet18 Member=J4.8
Removed Member From Class: ClassName=U_Sheet19 Member=J4.9
Change Component Comment : Designator=R4 Old Comment=1K New Comment=10K
Change Component Comment : Designator=R5 Old Comment=1K New Comment=10K
Change Component Comment : Designator=R6.1 Old Comment=1K New Comment=10K
Change Component Comment : Designator=R6.2 Old Comment=1K New Comment=10K
Change Component Comment : Designator=R6.3 Old Comment=1K New Comment=10K
Change Component Comment : Designator=R6.4 Old Comment=1K New Comment=10K
Change Component Comment : Designator=R6.5 Old Comment=1K New Comment=10K
Change Component Comment : Designator=R6.6 Old Comment=1K New Comment=10K
Change Component Comment : Designator=R6.7 Old Comment=1K New Comment=10K
Change Component Comment : Designator=R6.8 Old Comment=1K New Comment=10K
Change Component Comment : Designator=R6.9 Old Comment=1K New Comment=10K
Change Component Comment : Designator=R6.10 Old Comment=1K New Comment=10K
Change Component Comment : Designator=R6.11 Old Comment=1K New Comment=10K
Change Component Comment : Designator=R6.12 Old Comment=1K New Comment=10K
Change Component Comment : Designator=R6.13 Old Comment=1K New Comment=10K
Change Component Comment : Designator=R6.14 Old Comment=1K New Comment=10K
Change Component Comment : Designator=R6.15 Old Comment=1K New Comment=10K
Change Component Comment : Designator=R6.16 Old Comment=1K New Comment=10K
Change Component Comment : Designator=R6.17 Old Comment=1K New Comment=10K
Change Component Comment : Designator=R6.18 Old Comment=1K New Comment=10K
Change Component Comment : Designator=R6.19 Old Comment=1K New Comment=10K
Change Component Comment : Designator=R6.20 Old Comment=1K New Comment=10K
Change Component Comment : Designator=R6.21 Old Comment=1K New Comment=10K
Change Component Comment : Designator=R6.22 Old Comment=1K New Comment=10K
Change Component Comment : Designator=R6.23 Old Comment=1K New Comment=10K
Change Component Comment : Designator=R6.24 Old Comment=1K New Comment=10K
Change Component Comment : Designator=R6.25 Old Comment=1K New Comment=10K
Change Component Comment : Designator=R6.26 Old Comment=1K New Comment=10K
Change Component Comment : Designator=R6.27 Old Comment=1K New Comment=10K
Change Component Comment : Designator=R6.28 Old Comment=1K New Comment=10K
Change Component Comment : Designator=R6.29 Old Comment=1K New Comment=10K
Change Component Comment : Designator=R6.30 Old Comment=1K New Comment=10K
Change Component Comment : Designator=R6.31 Old Comment=1K New Comment=10K
Change Component Comment : Designator=R6.32 Old Comment=1K New Comment=10K
Change Component Comment : Designator=R6.33 Old Comment=1K New Comment=10K
Change Component Comment : Designator=R6.34 Old Comment=1K New Comment=10K
Change Component Comment : Designator=R6.35 Old Comment=1K New Comment=10K
Change Component Comment : Designator=R6.36 Old Comment=1K New Comment=10K
Change Component Comment : Designator=R6.37 Old Comment=1K New Comment=10K
Change Component Comment : Designator=R6.38 Old Comment=1K New Comment=10K
Change Component Comment : Designator=R6.39 Old Comment=1K New Comment=10K
Change Component Comment : Designator=R6.40 Old Comment=1K New Comment=10K
Change Component Comment : Designator=R9.1 Old Comment=1K New Comment=10K
Change Component Comment : Designator=R9.2 Old Comment=1K New Comment=10K
Change Component Comment : Designator=R9.3 Old Comment=1K New Comment=10K
Change Component Comment : Designator=R9.4 Old Comment=1K New Comment=10K
Change Component Comment : Designator=R9.5 Old Comment=1K New Comment=10K
Change Component Comment : Designator=R9.6 Old Comment=1K New Comment=10K
Change Component Comment : Designator=R9.7 Old Comment=1K New Comment=10K
Change Component Comment : Designator=R9.8 Old Comment=1K New Comment=10K
Change Component Comment : Designator=R9.9 Old Comment=1K New Comment=10K
Change Component Comment : Designator=R9.10 Old Comment=1K New Comment=10K
Change Component Comment : Designator=R9.11 Old Comment=1K New Comment=10K
Change Component Comment : Designator=R9.12 Old Comment=1K New Comment=10K
Change Component Comment : Designator=R9.13 Old Comment=1K New Comment=10K
Change Component Comment : Designator=R9.14 Old Comment=1K New Comment=10K
Change Component Comment : Designator=R9.15 Old Comment=1K New Comment=10K
Change Component Comment : Designator=R9.16 Old Comment=1K New Comment=10K
Change Component Comment : Designator=R9.17 Old Comment=1K New Comment=10K
Change Component Comment : Designator=R9.18 Old Comment=1K New Comment=10K
Change Component Comment : Designator=R9.19 Old Comment=1K New Comment=10K
Change Component Comment : Designator=R9.20 Old Comment=1K New Comment=10K
Change Component Comment : Designator=R9.21 Old Comment=1K New Comment=10K
Change Component Comment : Designator=R9.22 Old Comment=1K New Comment=10K
Change Component Comment : Designator=R9.23 Old Comment=1K New Comment=10K
Change Component Comment : Designator=R9.24 Old Comment=1K New Comment=10K
Change Component Comment : Designator=R9.25 Old Comment=1K New Comment=10K
Change Component Comment : Designator=R9.26 Old Comment=1K New Comment=10K
Change Component Comment : Designator=R9.27 Old Comment=1K New Comment=10K
Change Component Comment : Designator=R9.28 Old Comment=1K New Comment=10K
Change Component Comment : Designator=R9.29 Old Comment=1K New Comment=10K
Change Component Comment : Designator=R9.30 Old Comment=1K New Comment=10K
Change Component Comment : Designator=R9.31 Old Comment=1K New Comment=10K
Change Component Comment : Designator=R9.32 Old Comment=1K New Comment=10K
Change Component Comment : Designator=R9.33 Old Comment=1K New Comment=10K
Change Component Comment : Designator=R9.34 Old Comment=1K New Comment=10K
Change Component Comment : Designator=R9.35 Old Comment=1K New Comment=10K
Change Component Comment : Designator=R9.36 Old Comment=1K New Comment=10K
Change Component Comment : Designator=R9.37 Old Comment=1K New Comment=10K
Change Component Comment : Designator=R9.38 Old Comment=1K New Comment=10K
Change Component Comment : Designator=R9.39 Old Comment=1K New Comment=10K
Change Component Comment : Designator=R9.40 Old Comment=1K New Comment=10K
Change Component Comment : Designator=R8.1 Old Comment=1K New Comment=48R
Change Component Comment : Designator=R8.2 Old Comment=1K New Comment=48R
Change Component Comment : Designator=R8.3 Old Comment=1K New Comment=48R
Change Component Comment : Designator=R8.4 Old Comment=1K New Comment=48R
Change Component Comment : Designator=R8.5 Old Comment=1K New Comment=48R
Change Component Comment : Designator=R8.6 Old Comment=1K New Comment=48R
Change Component Comment : Designator=R8.7 Old Comment=1K New Comment=48R
Change Component Comment : Designator=R8.8 Old Comment=1K New Comment=48R
Change Component Comment : Designator=R8.9 Old Comment=1K New Comment=48R
Change Component Comment : Designator=R8.10 Old Comment=1K New Comment=48R
Change Component Comment : Designator=R8.11 Old Comment=1K New Comment=48R
Change Component Comment : Designator=R8.12 Old Comment=1K New Comment=48R
Change Component Comment : Designator=R8.13 Old Comment=1K New Comment=48R
Change Component Comment : Designator=R8.14 Old Comment=1K New Comment=48R
Change Component Comment : Designator=R8.15 Old Comment=1K New Comment=48R
Change Component Comment : Designator=R8.16 Old Comment=1K New Comment=48R
Change Component Comment : Designator=R8.17 Old Comment=1K New Comment=48R
Change Component Comment : Designator=R8.18 Old Comment=1K New Comment=48R
Change Component Comment : Designator=R8.19 Old Comment=1K New Comment=48R
Change Component Comment : Designator=R8.20 Old Comment=1K New Comment=48R
Change Component Comment : Designator=R8.21 Old Comment=1K New Comment=48R
Change Component Comment : Designator=R8.22 Old Comment=1K New Comment=48R
Change Component Comment : Designator=R8.23 Old Comment=1K New Comment=48R
Change Component Comment : Designator=R8.24 Old Comment=1K New Comment=48R
Change Component Comment : Designator=R8.25 Old Comment=1K New Comment=48R
Change Component Comment : Designator=R8.26 Old Comment=1K New Comment=48R
Change Component Comment : Designator=R8.27 Old Comment=1K New Comment=48R
Change Component Comment : Designator=R8.28 Old Comment=1K New Comment=48R
Change Component Comment : Designator=R8.29 Old Comment=1K New Comment=48R
Change Component Comment : Designator=R8.30 Old Comment=1K New Comment=48R
Change Component Comment : Designator=R8.31 Old Comment=1K New Comment=48R
Change Component Comment : Designator=R8.32 Old Comment=1K New Comment=48R
Change Component Comment : Designator=R8.33 Old Comment=1K New Comment=48R
Change Component Comment : Designator=R8.34 Old Comment=1K New Comment=48R
Change Component Comment : Designator=R8.35 Old Comment=1K New Comment=48R
Change Component Comment : Designator=R8.36 Old Comment=1K New Comment=48R
Change Component Comment : Designator=R8.37 Old Comment=1K New Comment=48R
Change Component Comment : Designator=R8.38 Old Comment=1K New Comment=48R
Change Component Comment : Designator=R8.39 Old Comment=1K New Comment=48R
Change Component Comment : Designator=R8.40 Old Comment=1K New Comment=48R
Change Component Comment : Designator=U6.1 Old Comment=PC817 New Comment=EL8817
Change Component Comment : Designator=U6.2 Old Comment=PC817 New Comment=EL8817
Change Component Comment : Designator=U6.3 Old Comment=PC817 New Comment=EL8817
Change Component Comment : Designator=U6.4 Old Comment=PC817 New Comment=EL8817
Change Component Comment : Designator=U6.5 Old Comment=PC817 New Comment=EL8817
Change Component Comment : Designator=U6.6 Old Comment=PC817 New Comment=EL8817
Change Component Comment : Designator=U6.7 Old Comment=PC817 New Comment=EL8817
Change Component Comment : Designator=U6.8 Old Comment=PC817 New Comment=EL8817
Change Component Comment : Designator=U6.9 Old Comment=PC817 New Comment=EL8817
Change Component Comment : Designator=U6.10 Old Comment=PC817 New Comment=EL8817
Change Component Comment : Designator=U6.11 Old Comment=PC817 New Comment=EL8817
Change Component Comment : Designator=U6.12 Old Comment=PC817 New Comment=EL8817
Change Component Comment : Designator=U6.13 Old Comment=PC817 New Comment=EL8817
Change Component Comment : Designator=U6.14 Old Comment=PC817 New Comment=EL8817
Change Component Comment : Designator=U6.15 Old Comment=PC817 New Comment=EL8817
Change Component Comment : Designator=U6.16 Old Comment=PC817 New Comment=EL8817
Change Component Comment : Designator=U6.17 Old Comment=PC817 New Comment=EL8817
Change Component Comment : Designator=U6.18 Old Comment=PC817 New Comment=EL8817
Change Component Comment : Designator=U6.19 Old Comment=PC817 New Comment=EL8817
Change Component Comment : Designator=U6.20 Old Comment=PC817 New Comment=EL8817
Change Component Comment : Designator=U6.21 Old Comment=PC817 New Comment=EL8817
Change Component Comment : Designator=U6.22 Old Comment=PC817 New Comment=EL8817
Change Component Comment : Designator=U6.23 Old Comment=PC817 New Comment=EL8817
Change Component Comment : Designator=U6.24 Old Comment=PC817 New Comment=EL8817
Change Component Comment : Designator=U6.25 Old Comment=PC817 New Comment=EL8817
Change Component Comment : Designator=U6.26 Old Comment=PC817 New Comment=EL8817
Change Component Comment : Designator=U6.27 Old Comment=PC817 New Comment=EL8817
Change Component Comment : Designator=U6.28 Old Comment=PC817 New Comment=EL8817
Change Component Comment : Designator=U6.29 Old Comment=PC817 New Comment=EL8817
Change Component Comment : Designator=U6.30 Old Comment=PC817 New Comment=EL8817
Change Component Comment : Designator=U6.31 Old Comment=PC817 New Comment=EL8817
Change Component Comment : Designator=U6.32 Old Comment=PC817 New Comment=EL8817
Change Component Comment : Designator=U6.33 Old Comment=PC817 New Comment=EL8817
Change Component Comment : Designator=U6.34 Old Comment=PC817 New Comment=EL8817
Change Component Comment : Designator=U6.35 Old Comment=PC817 New Comment=EL8817
Change Component Comment : Designator=U6.36 Old Comment=PC817 New Comment=EL8817
Change Component Comment : Designator=U6.37 Old Comment=PC817 New Comment=EL8817
Change Component Comment : Designator=U6.38 Old Comment=PC817 New Comment=EL8817
Change Component Comment : Designator=U6.39 Old Comment=PC817 New Comment=EL8817
Change Component Comment : Designator=U6.40 Old Comment=PC817 New Comment=EL8817
Change Component Comment : Designator=R2 Old Comment=RESISTOR New Comment=1K
Change Component Comment : Designator=R1 Old Comment=RESISTOR New Comment=10K
Change Component Description : Designator=U7.1 Old Description= New Description=N-Channel 60 V 20A (Ta) 1.88W (Ta) Surface Mount DPAK
Change Component Description : Designator=U7.2 Old Description= New Description=N-Channel 60 V 20A (Ta) 1.88W (Ta) Surface Mount DPAK
Change Component Description : Designator=U7.3 Old Description= New Description=N-Channel 60 V 20A (Ta) 1.88W (Ta) Surface Mount DPAK
Change Component Description : Designator=U7.4 Old Description= New Description=N-Channel 60 V 20A (Ta) 1.88W (Ta) Surface Mount DPAK
Change Component Description : Designator=U7.5 Old Description= New Description=N-Channel 60 V 20A (Ta) 1.88W (Ta) Surface Mount DPAK
Change Component Description : Designator=U7.6 Old Description= New Description=N-Channel 60 V 20A (Ta) 1.88W (Ta) Surface Mount DPAK
Change Component Description : Designator=U7.7 Old Description= New Description=N-Channel 60 V 20A (Ta) 1.88W (Ta) Surface Mount DPAK
Change Component Description : Designator=U7.8 Old Description= New Description=N-Channel 60 V 20A (Ta) 1.88W (Ta) Surface Mount DPAK
Change Component Description : Designator=U7.9 Old Description= New Description=N-Channel 60 V 20A (Ta) 1.88W (Ta) Surface Mount DPAK
Change Component Description : Designator=U7.10 Old Description= New Description=N-Channel 60 V 20A (Ta) 1.88W (Ta) Surface Mount DPAK
Change Component Description : Designator=U7.11 Old Description= New Description=N-Channel 60 V 20A (Ta) 1.88W (Ta) Surface Mount DPAK
Change Component Description : Designator=U7.12 Old Description= New Description=N-Channel 60 V 20A (Ta) 1.88W (Ta) Surface Mount DPAK
Change Component Description : Designator=U7.13 Old Description= New Description=N-Channel 60 V 20A (Ta) 1.88W (Ta) Surface Mount DPAK
Change Component Description : Designator=U7.14 Old Description= New Description=N-Channel 60 V 20A (Ta) 1.88W (Ta) Surface Mount DPAK
Change Component Description : Designator=U7.15 Old Description= New Description=N-Channel 60 V 20A (Ta) 1.88W (Ta) Surface Mount DPAK
Change Component Description : Designator=U7.16 Old Description= New Description=N-Channel 60 V 20A (Ta) 1.88W (Ta) Surface Mount DPAK
Change Component Description : Designator=U7.17 Old Description= New Description=N-Channel 60 V 20A (Ta) 1.88W (Ta) Surface Mount DPAK
Change Component Description : Designator=U7.18 Old Description= New Description=N-Channel 60 V 20A (Ta) 1.88W (Ta) Surface Mount DPAK
Change Component Description : Designator=U7.19 Old Description= New Description=N-Channel 60 V 20A (Ta) 1.88W (Ta) Surface Mount DPAK
Change Component Description : Designator=U7.20 Old Description= New Description=N-Channel 60 V 20A (Ta) 1.88W (Ta) Surface Mount DPAK
Change Component Description : Designator=U7.21 Old Description= New Description=N-Channel 60 V 20A (Ta) 1.88W (Ta) Surface Mount DPAK
Change Component Description : Designator=U7.22 Old Description= New Description=N-Channel 60 V 20A (Ta) 1.88W (Ta) Surface Mount DPAK
Change Component Description : Designator=U7.23 Old Description= New Description=N-Channel 60 V 20A (Ta) 1.88W (Ta) Surface Mount DPAK
Change Component Description : Designator=U7.24 Old Description= New Description=N-Channel 60 V 20A (Ta) 1.88W (Ta) Surface Mount DPAK
Change Component Description : Designator=U7.25 Old Description= New Description=N-Channel 60 V 20A (Ta) 1.88W (Ta) Surface Mount DPAK
Change Component Description : Designator=U7.26 Old Description= New Description=N-Channel 60 V 20A (Ta) 1.88W (Ta) Surface Mount DPAK
Change Component Description : Designator=U7.27 Old Description= New Description=N-Channel 60 V 20A (Ta) 1.88W (Ta) Surface Mount DPAK
Change Component Description : Designator=U7.28 Old Description= New Description=N-Channel 60 V 20A (Ta) 1.88W (Ta) Surface Mount DPAK
Change Component Description : Designator=U7.29 Old Description= New Description=N-Channel 60 V 20A (Ta) 1.88W (Ta) Surface Mount DPAK
Change Component Description : Designator=U7.30 Old Description= New Description=N-Channel 60 V 20A (Ta) 1.88W (Ta) Surface Mount DPAK
Change Component Description : Designator=U7.31 Old Description= New Description=N-Channel 60 V 20A (Ta) 1.88W (Ta) Surface Mount DPAK
Change Component Description : Designator=U7.32 Old Description= New Description=N-Channel 60 V 20A (Ta) 1.88W (Ta) Surface Mount DPAK
Change Component Description : Designator=U7.33 Old Description= New Description=N-Channel 60 V 20A (Ta) 1.88W (Ta) Surface Mount DPAK
Change Component Description : Designator=U7.34 Old Description= New Description=N-Channel 60 V 20A (Ta) 1.88W (Ta) Surface Mount DPAK
Change Component Description : Designator=U7.35 Old Description= New Description=N-Channel 60 V 20A (Ta) 1.88W (Ta) Surface Mount DPAK
Change Component Description : Designator=U7.36 Old Description= New Description=N-Channel 60 V 20A (Ta) 1.88W (Ta) Surface Mount DPAK
Change Component Description : Designator=U7.37 Old Description= New Description=N-Channel 60 V 20A (Ta) 1.88W (Ta) Surface Mount DPAK
Change Component Description : Designator=U7.38 Old Description= New Description=N-Channel 60 V 20A (Ta) 1.88W (Ta) Surface Mount DPAK
Change Component Description : Designator=U7.39 Old Description= New Description=N-Channel 60 V 20A (Ta) 1.88W (Ta) Surface Mount DPAK
Change Component Description : Designator=U7.40 Old Description= New Description=N-Channel 60 V 20A (Ta) 1.88W (Ta) Surface Mount DPAK
Change Component Description : Designator=U6.1 Old Description= New Description=Optoisolator Transistor Output 5000Vrms 1 Channel 4-SMD
Change Component Description : Designator=U6.2 Old Description= New Description=Optoisolator Transistor Output 5000Vrms 1 Channel 4-SMD
Change Component Description : Designator=U6.3 Old Description= New Description=Optoisolator Transistor Output 5000Vrms 1 Channel 4-SMD
Change Component Description : Designator=U6.4 Old Description= New Description=Optoisolator Transistor Output 5000Vrms 1 Channel 4-SMD
Change Component Description : Designator=U6.5 Old Description= New Description=Optoisolator Transistor Output 5000Vrms 1 Channel 4-SMD
Change Component Description : Designator=U6.6 Old Description= New Description=Optoisolator Transistor Output 5000Vrms 1 Channel 4-SMD
Change Component Description : Designator=U6.7 Old Description= New Description=Optoisolator Transistor Output 5000Vrms 1 Channel 4-SMD
Change Component Description : Designator=U6.8 Old Description= New Description=Optoisolator Transistor Output 5000Vrms 1 Channel 4-SMD
Change Component Description : Designator=U6.9 Old Description= New Description=Optoisolator Transistor Output 5000Vrms 1 Channel 4-SMD
Change Component Description : Designator=U6.10 Old Description= New Description=Optoisolator Transistor Output 5000Vrms 1 Channel 4-SMD
Change Component Description : Designator=U6.11 Old Description= New Description=Optoisolator Transistor Output 5000Vrms 1 Channel 4-SMD
Change Component Description : Designator=U6.12 Old Description= New Description=Optoisolator Transistor Output 5000Vrms 1 Channel 4-SMD
Change Component Description : Designator=U6.13 Old Description= New Description=Optoisolator Transistor Output 5000Vrms 1 Channel 4-SMD
Change Component Description : Designator=U6.14 Old Description= New Description=Optoisolator Transistor Output 5000Vrms 1 Channel 4-SMD
Change Component Description : Designator=U6.15 Old Description= New Description=Optoisolator Transistor Output 5000Vrms 1 Channel 4-SMD
Change Component Description : Designator=U6.16 Old Description= New Description=Optoisolator Transistor Output 5000Vrms 1 Channel 4-SMD
Change Component Description : Designator=U6.17 Old Description= New Description=Optoisolator Transistor Output 5000Vrms 1 Channel 4-SMD
Change Component Description : Designator=U6.18 Old Description= New Description=Optoisolator Transistor Output 5000Vrms 1 Channel 4-SMD
Change Component Description : Designator=U6.19 Old Description= New Description=Optoisolator Transistor Output 5000Vrms 1 Channel 4-SMD
Change Component Description : Designator=U6.20 Old Description= New Description=Optoisolator Transistor Output 5000Vrms 1 Channel 4-SMD
Change Component Description : Designator=U6.21 Old Description= New Description=Optoisolator Transistor Output 5000Vrms 1 Channel 4-SMD
Change Component Description : Designator=U6.22 Old Description= New Description=Optoisolator Transistor Output 5000Vrms 1 Channel 4-SMD
Change Component Description : Designator=U6.23 Old Description= New Description=Optoisolator Transistor Output 5000Vrms 1 Channel 4-SMD
Change Component Description : Designator=U6.24 Old Description= New Description=Optoisolator Transistor Output 5000Vrms 1 Channel 4-SMD
Change Component Description : Designator=U6.25 Old Description= New Description=Optoisolator Transistor Output 5000Vrms 1 Channel 4-SMD
Change Component Description : Designator=U6.26 Old Description= New Description=Optoisolator Transistor Output 5000Vrms 1 Channel 4-SMD
Change Component Description : Designator=U6.27 Old Description= New Description=Optoisolator Transistor Output 5000Vrms 1 Channel 4-SMD
Change Component Description : Designator=U6.28 Old Description= New Description=Optoisolator Transistor Output 5000Vrms 1 Channel 4-SMD
Change Component Description : Designator=U6.29 Old Description= New Description=Optoisolator Transistor Output 5000Vrms 1 Channel 4-SMD
Change Component Description : Designator=U6.30 Old Description= New Description=Optoisolator Transistor Output 5000Vrms 1 Channel 4-SMD
Change Component Description : Designator=U6.31 Old Description= New Description=Optoisolator Transistor Output 5000Vrms 1 Channel 4-SMD
Change Component Description : Designator=U6.32 Old Description= New Description=Optoisolator Transistor Output 5000Vrms 1 Channel 4-SMD
Change Component Description : Designator=U6.33 Old Description= New Description=Optoisolator Transistor Output 5000Vrms 1 Channel 4-SMD
Change Component Description : Designator=U6.34 Old Description= New Description=Optoisolator Transistor Output 5000Vrms 1 Channel 4-SMD
Change Component Description : Designator=U6.35 Old Description= New Description=Optoisolator Transistor Output 5000Vrms 1 Channel 4-SMD
Change Component Description : Designator=U6.36 Old Description= New Description=Optoisolator Transistor Output 5000Vrms 1 Channel 4-SMD
Change Component Description : Designator=U6.37 Old Description= New Description=Optoisolator Transistor Output 5000Vrms 1 Channel 4-SMD
Change Component Description : Designator=U6.38 Old Description= New Description=Optoisolator Transistor Output 5000Vrms 1 Channel 4-SMD
Change Component Description : Designator=U6.39 Old Description= New Description=Optoisolator Transistor Output 5000Vrms 1 Channel 4-SMD
Change Component Description : Designator=U6.40 Old Description= New Description=Optoisolator Transistor Output 5000Vrms 1 Channel 4-SMD
Change Component Description : Designator=R2 Old Description= New Description=RES SMD 1K OHM 1% 1/4W 0805
Change Component Description : Designator=R7.1 Old Description= New Description=RES SMD 1K OHM 1% 1/4W 0805
Change Component Description : Designator=R7.2 Old Description= New Description=RES SMD 1K OHM 1% 1/4W 0805
Change Component Description : Designator=R7.3 Old Description= New Description=RES SMD 1K OHM 1% 1/4W 0805
Change Component Description : Designator=R7.4 Old Description= New Description=RES SMD 1K OHM 1% 1/4W 0805
Change Component Description : Designator=R7.5 Old Description= New Description=RES SMD 1K OHM 1% 1/4W 0805
Change Component Description : Designator=R7.6 Old Description= New Description=RES SMD 1K OHM 1% 1/4W 0805
Change Component Description : Designator=R7.7 Old Description= New Description=RES SMD 1K OHM 1% 1/4W 0805
Change Component Description : Designator=R7.8 Old Description= New Description=RES SMD 1K OHM 1% 1/4W 0805
Change Component Description : Designator=R7.9 Old Description= New Description=RES SMD 1K OHM 1% 1/4W 0805
Change Component Description : Designator=R7.10 Old Description= New Description=RES SMD 1K OHM 1% 1/4W 0805
Change Component Description : Designator=R7.11 Old Description= New Description=RES SMD 1K OHM 1% 1/4W 0805
Change Component Description : Designator=R7.12 Old Description= New Description=RES SMD 1K OHM 1% 1/4W 0805
Change Component Description : Designator=R7.13 Old Description= New Description=RES SMD 1K OHM 1% 1/4W 0805
Change Component Description : Designator=R7.14 Old Description= New Description=RES SMD 1K OHM 1% 1/4W 0805
Change Component Description : Designator=R7.15 Old Description= New Description=RES SMD 1K OHM 1% 1/4W 0805
Change Component Description : Designator=R7.16 Old Description= New Description=RES SMD 1K OHM 1% 1/4W 0805
Change Component Description : Designator=R7.17 Old Description= New Description=RES SMD 1K OHM 1% 1/4W 0805
Change Component Description : Designator=R7.18 Old Description= New Description=RES SMD 1K OHM 1% 1/4W 0805
Change Component Description : Designator=R7.19 Old Description= New Description=RES SMD 1K OHM 1% 1/4W 0805
Change Component Description : Designator=R7.20 Old Description= New Description=RES SMD 1K OHM 1% 1/4W 0805
Change Component Description : Designator=R7.21 Old Description= New Description=RES SMD 1K OHM 1% 1/4W 0805
Change Component Description : Designator=R7.22 Old Description= New Description=RES SMD 1K OHM 1% 1/4W 0805
Change Component Description : Designator=R7.23 Old Description= New Description=RES SMD 1K OHM 1% 1/4W 0805
Change Component Description : Designator=R7.24 Old Description= New Description=RES SMD 1K OHM 1% 1/4W 0805
Change Component Description : Designator=R7.25 Old Description= New Description=RES SMD 1K OHM 1% 1/4W 0805
Change Component Description : Designator=R7.26 Old Description= New Description=RES SMD 1K OHM 1% 1/4W 0805
Change Component Description : Designator=R7.27 Old Description= New Description=RES SMD 1K OHM 1% 1/4W 0805
Change Component Description : Designator=R7.28 Old Description= New Description=RES SMD 1K OHM 1% 1/4W 0805
Change Component Description : Designator=R7.29 Old Description= New Description=RES SMD 1K OHM 1% 1/4W 0805
Change Component Description : Designator=R7.30 Old Description= New Description=RES SMD 1K OHM 1% 1/4W 0805
Change Component Description : Designator=R7.31 Old Description= New Description=RES SMD 1K OHM 1% 1/4W 0805
Change Component Description : Designator=R7.32 Old Description= New Description=RES SMD 1K OHM 1% 1/4W 0805
Change Component Description : Designator=R7.33 Old Description= New Description=RES SMD 1K OHM 1% 1/4W 0805
Change Component Description : Designator=R7.34 Old Description= New Description=RES SMD 1K OHM 1% 1/4W 0805
Change Component Description : Designator=R7.35 Old Description= New Description=RES SMD 1K OHM 1% 1/4W 0805
Change Component Description : Designator=R7.36 Old Description= New Description=RES SMD 1K OHM 1% 1/4W 0805
Change Component Description : Designator=R7.37 Old Description= New Description=RES SMD 1K OHM 1% 1/4W 0805
Change Component Description : Designator=R7.38 Old Description= New Description=RES SMD 1K OHM 1% 1/4W 0805
Change Component Description : Designator=R7.39 Old Description= New Description=RES SMD 1K OHM 1% 1/4W 0805
Change Component Description : Designator=R7.40 Old Description= New Description=RES SMD 1K OHM 1% 1/4W 0805
Change Component Description : Designator=R1 Old Description= New Description=RES SMD 10K OHM 1% 1/4W 0805
Change Component Description : Designator=R3 Old Description= New Description=RES SMD 10K OHM 1% 1/4W 0805
Change Component Description : Designator=R4 Old Description= New Description=RES SMD 10K OHM 1% 1/4W 0805
Change Component Description : Designator=R5 Old Description= New Description=RES SMD 10K OHM 1% 1/4W 0805
Change Component Description : Designator=R6.1 Old Description= New Description=RES SMD 10K OHM 1% 1/4W 0805
Change Component Description : Designator=R6.2 Old Description= New Description=RES SMD 10K OHM 1% 1/4W 0805
Change Component Description : Designator=R6.3 Old Description= New Description=RES SMD 10K OHM 1% 1/4W 0805
Change Component Description : Designator=R6.4 Old Description= New Description=RES SMD 10K OHM 1% 1/4W 0805
Change Component Description : Designator=R6.5 Old Description= New Description=RES SMD 10K OHM 1% 1/4W 0805
Change Component Description : Designator=R6.6 Old Description= New Description=RES SMD 10K OHM 1% 1/4W 0805
Change Component Description : Designator=R6.7 Old Description= New Description=RES SMD 10K OHM 1% 1/4W 0805
Change Component Description : Designator=R6.8 Old Description= New Description=RES SMD 10K OHM 1% 1/4W 0805
Change Component Description : Designator=R6.9 Old Description= New Description=RES SMD 10K OHM 1% 1/4W 0805
Change Component Description : Designator=R6.10 Old Description= New Description=RES SMD 10K OHM 1% 1/4W 0805
Change Component Description : Designator=R6.11 Old Description= New Description=RES SMD 10K OHM 1% 1/4W 0805
Change Component Description : Designator=R6.12 Old Description= New Description=RES SMD 10K OHM 1% 1/4W 0805
Change Component Description : Designator=R6.13 Old Description= New Description=RES SMD 10K OHM 1% 1/4W 0805
Change Component Description : Designator=R6.14 Old Description= New Description=RES SMD 10K OHM 1% 1/4W 0805
Change Component Description : Designator=R6.15 Old Description= New Description=RES SMD 10K OHM 1% 1/4W 0805
Change Component Description : Designator=R6.16 Old Description= New Description=RES SMD 10K OHM 1% 1/4W 0805
Change Component Description : Designator=R6.17 Old Description= New Description=RES SMD 10K OHM 1% 1/4W 0805
Change Component Description : Designator=R6.18 Old Description= New Description=RES SMD 10K OHM 1% 1/4W 0805
Change Component Description : Designator=R6.19 Old Description= New Description=RES SMD 10K OHM 1% 1/4W 0805
Change Component Description : Designator=R6.20 Old Description= New Description=RES SMD 10K OHM 1% 1/4W 0805
Change Component Description : Designator=R6.21 Old Description= New Description=RES SMD 10K OHM 1% 1/4W 0805
Change Component Description : Designator=R6.22 Old Description= New Description=RES SMD 10K OHM 1% 1/4W 0805
Change Component Description : Designator=R6.23 Old Description= New Description=RES SMD 10K OHM 1% 1/4W 0805
Change Component Description : Designator=R6.24 Old Description= New Description=RES SMD 10K OHM 1% 1/4W 0805
Change Component Description : Designator=R6.25 Old Description= New Description=RES SMD 10K OHM 1% 1/4W 0805
Change Component Description : Designator=R6.26 Old Description= New Description=RES SMD 10K OHM 1% 1/4W 0805
Change Component Description : Designator=R6.27 Old Description= New Description=RES SMD 10K OHM 1% 1/4W 0805
Change Component Description : Designator=R6.28 Old Description= New Description=RES SMD 10K OHM 1% 1/4W 0805
Change Component Description : Designator=R6.29 Old Description= New Description=RES SMD 10K OHM 1% 1/4W 0805
Change Component Description : Designator=R6.30 Old Description= New Description=RES SMD 10K OHM 1% 1/4W 0805
Change Component Description : Designator=R6.31 Old Description= New Description=RES SMD 10K OHM 1% 1/4W 0805
Change Component Description : Designator=R6.32 Old Description= New Description=RES SMD 10K OHM 1% 1/4W 0805
Change Component Description : Designator=R6.33 Old Description= New Description=RES SMD 10K OHM 1% 1/4W 0805
Change Component Description : Designator=R6.34 Old Description= New Description=RES SMD 10K OHM 1% 1/4W 0805
Change Component Description : Designator=R6.35 Old Description= New Description=RES SMD 10K OHM 1% 1/4W 0805
Change Component Description : Designator=R6.36 Old Description= New Description=RES SMD 10K OHM 1% 1/4W 0805
Change Component Description : Designator=R6.37 Old Description= New Description=RES SMD 10K OHM 1% 1/4W 0805
Change Component Description : Designator=R6.38 Old Description= New Description=RES SMD 10K OHM 1% 1/4W 0805
Change Component Description : Designator=R6.39 Old Description= New Description=RES SMD 10K OHM 1% 1/4W 0805
Change Component Description : Designator=R6.40 Old Description= New Description=RES SMD 10K OHM 1% 1/4W 0805
Change Component Description : Designator=R9.1 Old Description= New Description=RES SMD 10K OHM 1% 1/4W 0805
Change Component Description : Designator=R9.2 Old Description= New Description=RES SMD 10K OHM 1% 1/4W 0805
Change Component Description : Designator=R9.3 Old Description= New Description=RES SMD 10K OHM 1% 1/4W 0805
Change Component Description : Designator=R9.4 Old Description= New Description=RES SMD 10K OHM 1% 1/4W 0805
Change Component Description : Designator=R9.5 Old Description= New Description=RES SMD 10K OHM 1% 1/4W 0805
Change Component Description : Designator=R9.6 Old Description= New Description=RES SMD 10K OHM 1% 1/4W 0805
Change Component Description : Designator=R9.7 Old Description= New Description=RES SMD 10K OHM 1% 1/4W 0805
Change Component Description : Designator=R9.8 Old Description= New Description=RES SMD 10K OHM 1% 1/4W 0805
Change Component Description : Designator=R9.9 Old Description= New Description=RES SMD 10K OHM 1% 1/4W 0805
Change Component Description : Designator=R9.10 Old Description= New Description=RES SMD 10K OHM 1% 1/4W 0805
Change Component Description : Designator=R9.11 Old Description= New Description=RES SMD 10K OHM 1% 1/4W 0805
Change Component Description : Designator=R9.12 Old Description= New Description=RES SMD 10K OHM 1% 1/4W 0805
Change Component Description : Designator=R9.13 Old Description= New Description=RES SMD 10K OHM 1% 1/4W 0805
Change Component Description : Designator=R9.14 Old Description= New Description=RES SMD 10K OHM 1% 1/4W 0805
Change Component Description : Designator=R9.15 Old Description= New Description=RES SMD 10K OHM 1% 1/4W 0805
Change Component Description : Designator=R9.16 Old Description= New Description=RES SMD 10K OHM 1% 1/4W 0805
Change Component Description : Designator=R9.17 Old Description= New Description=RES SMD 10K OHM 1% 1/4W 0805
Change Component Description : Designator=R9.18 Old Description= New Description=RES SMD 10K OHM 1% 1/4W 0805
Change Component Description : Designator=R9.19 Old Description= New Description=RES SMD 10K OHM 1% 1/4W 0805
Change Component Description : Designator=R9.20 Old Description= New Description=RES SMD 10K OHM 1% 1/4W 0805
Change Component Description : Designator=R9.21 Old Description= New Description=RES SMD 10K OHM 1% 1/4W 0805
Change Component Description : Designator=R9.22 Old Description= New Description=RES SMD 10K OHM 1% 1/4W 0805
Change Component Description : Designator=R9.23 Old Description= New Description=RES SMD 10K OHM 1% 1/4W 0805
Change Component Description : Designator=R9.24 Old Description= New Description=RES SMD 10K OHM 1% 1/4W 0805
Change Component Description : Designator=R9.25 Old Description= New Description=RES SMD 10K OHM 1% 1/4W 0805
Change Component Description : Designator=R9.26 Old Description= New Description=RES SMD 10K OHM 1% 1/4W 0805
Change Component Description : Designator=R9.27 Old Description= New Description=RES SMD 10K OHM 1% 1/4W 0805
Change Component Description : Designator=R9.28 Old Description= New Description=RES SMD 10K OHM 1% 1/4W 0805
Change Component Description : Designator=R9.29 Old Description= New Description=RES SMD 10K OHM 1% 1/4W 0805
Change Component Description : Designator=R9.30 Old Description= New Description=RES SMD 10K OHM 1% 1/4W 0805
Change Component Description : Designator=R9.31 Old Description= New Description=RES SMD 10K OHM 1% 1/4W 0805
Change Component Description : Designator=R9.32 Old Description= New Description=RES SMD 10K OHM 1% 1/4W 0805
Change Component Description : Designator=R9.33 Old Description= New Description=RES SMD 10K OHM 1% 1/4W 0805
Change Component Description : Designator=R9.34 Old Description= New Description=RES SMD 10K OHM 1% 1/4W 0805
Change Component Description : Designator=R9.35 Old Description= New Description=RES SMD 10K OHM 1% 1/4W 0805
Change Component Description : Designator=R9.36 Old Description= New Description=RES SMD 10K OHM 1% 1/4W 0805
Change Component Description : Designator=R9.37 Old Description= New Description=RES SMD 10K OHM 1% 1/4W 0805
Change Component Description : Designator=R9.38 Old Description= New Description=RES SMD 10K OHM 1% 1/4W 0805
Change Component Description : Designator=R9.39 Old Description= New Description=RES SMD 10K OHM 1% 1/4W 0805
Change Component Description : Designator=R9.40 Old Description= New Description=RES SMD 10K OHM 1% 1/4W 0805
Change Component Description : Designator=R8.1 Old Description= New Description=RES SMD 48 OHM 1% 1/4W 0805
Change Component Description : Designator=R8.2 Old Description= New Description=RES SMD 48 OHM 1% 1/4W 0805
Change Component Description : Designator=R8.3 Old Description= New Description=RES SMD 48 OHM 1% 1/4W 0805
Change Component Description : Designator=R8.4 Old Description= New Description=RES SMD 48 OHM 1% 1/4W 0805
Change Component Description : Designator=R8.5 Old Description= New Description=RES SMD 48 OHM 1% 1/4W 0805
Change Component Description : Designator=R8.6 Old Description= New Description=RES SMD 48 OHM 1% 1/4W 0805
Change Component Description : Designator=R8.7 Old Description= New Description=RES SMD 48 OHM 1% 1/4W 0805
Change Component Description : Designator=R8.8 Old Description= New Description=RES SMD 48 OHM 1% 1/4W 0805
Change Component Description : Designator=R8.9 Old Description= New Description=RES SMD 48 OHM 1% 1/4W 0805
Change Component Description : Designator=R8.10 Old Description= New Description=RES SMD 48 OHM 1% 1/4W 0805
Change Component Description : Designator=R8.11 Old Description= New Description=RES SMD 48 OHM 1% 1/4W 0805
Change Component Description : Designator=R8.12 Old Description= New Description=RES SMD 48 OHM 1% 1/4W 0805
Change Component Description : Designator=R8.13 Old Description= New Description=RES SMD 48 OHM 1% 1/4W 0805
Change Component Description : Designator=R8.14 Old Description= New Description=RES SMD 48 OHM 1% 1/4W 0805
Change Component Description : Designator=R8.15 Old Description= New Description=RES SMD 48 OHM 1% 1/4W 0805
Change Component Description : Designator=R8.16 Old Description= New Description=RES SMD 48 OHM 1% 1/4W 0805
Change Component Description : Designator=R8.17 Old Description= New Description=RES SMD 48 OHM 1% 1/4W 0805
Change Component Description : Designator=R8.18 Old Description= New Description=RES SMD 48 OHM 1% 1/4W 0805
Change Component Description : Designator=R8.19 Old Description= New Description=RES SMD 48 OHM 1% 1/4W 0805
Change Component Description : Designator=R8.20 Old Description= New Description=RES SMD 48 OHM 1% 1/4W 0805
Change Component Description : Designator=R8.21 Old Description= New Description=RES SMD 48 OHM 1% 1/4W 0805
Change Component Description : Designator=R8.22 Old Description= New Description=RES SMD 48 OHM 1% 1/4W 0805
Change Component Description : Designator=R8.23 Old Description= New Description=RES SMD 48 OHM 1% 1/4W 0805
Change Component Description : Designator=R8.24 Old Description= New Description=RES SMD 48 OHM 1% 1/4W 0805
Change Component Description : Designator=R8.25 Old Description= New Description=RES SMD 48 OHM 1% 1/4W 0805
Change Component Description : Designator=R8.26 Old Description= New Description=RES SMD 48 OHM 1% 1/4W 0805
Change Component Description : Designator=R8.27 Old Description= New Description=RES SMD 48 OHM 1% 1/4W 0805
Change Component Description : Designator=R8.28 Old Description= New Description=RES SMD 48 OHM 1% 1/4W 0805
Change Component Description : Designator=R8.29 Old Description= New Description=RES SMD 48 OHM 1% 1/4W 0805
Change Component Description : Designator=R8.30 Old Description= New Description=RES SMD 48 OHM 1% 1/4W 0805
Change Component Description : Designator=R8.31 Old Description= New Description=RES SMD 48 OHM 1% 1/4W 0805
Change Component Description : Designator=R8.32 Old Description= New Description=RES SMD 48 OHM 1% 1/4W 0805
Change Component Description : Designator=R8.33 Old Description= New Description=RES SMD 48 OHM 1% 1/4W 0805
Change Component Description : Designator=R8.34 Old Description= New Description=RES SMD 48 OHM 1% 1/4W 0805
Change Component Description : Designator=R8.35 Old Description= New Description=RES SMD 48 OHM 1% 1/4W 0805
Change Component Description : Designator=R8.36 Old Description= New Description=RES SMD 48 OHM 1% 1/4W 0805
Change Component Description : Designator=R8.37 Old Description= New Description=RES SMD 48 OHM 1% 1/4W 0805
Change Component Description : Designator=R8.38 Old Description= New Description=RES SMD 48 OHM 1% 1/4W 0805
Change Component Description : Designator=R8.39 Old Description= New Description=RES SMD 48 OHM 1% 1/4W 0805
Change Component Description : Designator=R8.40 Old Description= New Description=RES SMD 48 OHM 1% 1/4W 0805
Change Component Description : Designator=R3 Old Description= New Description=RES SMD 330 OHM 1% 1/4W 0805
Change Component Description : Designator=J4.1 Old Description=Header, 5-Pin New Description=5 Position Terminal Block Header, Male Pins, Shrouded (2 Side) 0.197" (5.00mm) 90°, Right Angle - Through Hole
Change Component Description : Designator=J4.2 Old Description=Header, 5-Pin New Description=5 Position Terminal Block Header, Male Pins, Shrouded (2 Side) 0.197" (5.00mm) 90°, Right Angle - Through Hole
Change Component Description : Designator=J4.3 Old Description=Header, 5-Pin New Description=5 Position Terminal Block Header, Male Pins, Shrouded (2 Side) 0.197" (5.00mm) 90°, Right Angle - Through Hole
Change Component Description : Designator=J4.4 Old Description=Header, 5-Pin New Description=5 Position Terminal Block Header, Male Pins, Shrouded (2 Side) 0.197" (5.00mm) 90°, Right Angle - Through Hole
Change Component Description : Designator=J4.5 Old Description=Header, 5-Pin New Description=5 Position Terminal Block Header, Male Pins, Shrouded (2 Side) 0.197" (5.00mm) 90°, Right Angle - Through Hole
Change Component Description : Designator=J4.6 Old Description=Header, 5-Pin New Description=5 Position Terminal Block Header, Male Pins, Shrouded (2 Side) 0.197" (5.00mm) 90°, Right Angle - Through Hole
Change Component Description : Designator=J4.7 Old Description=Header, 5-Pin New Description=5 Position Terminal Block Header, Male Pins, Shrouded (2 Side) 0.197" (5.00mm) 90°, Right Angle - Through Hole
Change Component Description : Designator=J4.8 Old Description=Header, 5-Pin New Description=5 Position Terminal Block Header, Male Pins, Shrouded (2 Side) 0.197" (5.00mm) 90°, Right Angle - Through Hole
Change Component Description : Designator=J4.9 Old Description=Header, 5-Pin New Description=5 Position Terminal Block Header, Male Pins, Shrouded (2 Side) 0.197" (5.00mm) 90°, Right Angle - Through Hole
Change Component Description : Designator=J4.10 Old Description=Header, 5-Pin New Description=5 Position Terminal Block Header, Male Pins, Shrouded (2 Side) 0.197" (5.00mm) 90°, Right Angle - Through Hole
Added Component: Designator=D1(LED-3mm)
Add component (AddParameter): Name = "LatestRevisionDate"; Value = "08-Jul-2005"; VariantName = "[No Variations]"
Add component (AddParameter): Name = "LatestRevisionNote"; Value = "Mech Layer 1 removed."; VariantName = "[No Variations]"
Add component (AddParameter): Name = "PackageDescription"; Value = "LED; 2 Leads"; VariantName = "[No Variations]"
Add component (AddParameter): Name = "PackageReference"; Value = "LED-1"; VariantName = "[No Variations]"
Add component (AddParameter): Name = "Published"; Value = "8-Jun-2000"; VariantName = "[No Variations]"
Add component (AddParameter): Name = "Publisher"; Value = "Altium Limited"; VariantName = "[No Variations]"
Added Component: Designator=D2(LED-3mm)
Add component (AddParameter): Name = "LatestRevisionDate"; Value = "08-Jul-2005"; VariantName = "[No Variations]"
Add component (AddParameter): Name = "LatestRevisionNote"; Value = "Mech Layer 1 removed."; VariantName = "[No Variations]"
Add component (AddParameter): Name = "PackageDescription"; Value = "LED; 2 Leads"; VariantName = "[No Variations]"
Add component (AddParameter): Name = "PackageReference"; Value = "LED-1"; VariantName = "[No Variations]"
Add component (AddParameter): Name = "Published"; Value = "8-Jun-2000"; VariantName = "[No Variations]"
Add component (AddParameter): Name = "Publisher"; Value = "Altium Limited"; VariantName = "[No Variations]"
Added Component: Designator=Q1(SOT-23)
Add component (AddParameter): Name = "LatestRevisionDate"; Value = "29-May-2009"; VariantName = "[No Variations]"
Add component (AddParameter): Name = "LatestRevisionNote"; Value = "IPC-7351 Footprint Added."; VariantName = "[No Variations]"
Add component (AddParameter): Name = "PackageDescription"; Value = "3-Pin SOT-23 Package 0.95 mm Pitch, 2.4 mm Lead Span"; VariantName = "[No Variations]"
Add component (AddParameter): Name = "PackageReference"; Value = "SOT-23B"; VariantName = "[No Variations]"
Add component (AddParameter): Name = "PackageVersion"; Value = "Aug-1999"; VariantName = "[No Variations]"
Add component (AddParameter): Name = "Published"; Value = "8-Jun-2000"; VariantName = "[No Variations]"
Add component (AddParameter): Name = "Publisher"; Value = "Altium Limited"; VariantName = "[No Variations]"
Added Component: Designator=Q2(SOT-23)
Add component (AddParameter): Name = "LatestRevisionDate"; Value = "29-May-2009"; VariantName = "[No Variations]"
Add component (AddParameter): Name = "LatestRevisionNote"; Value = "IPC-7351 Footprint Added."; VariantName = "[No Variations]"
Add component (AddParameter): Name = "PackageDescription"; Value = "3-Pin SOT-23 Package 0.95 mm Pitch, 2.4 mm Lead Span"; VariantName = "[No Variations]"
Add component (AddParameter): Name = "PackageReference"; Value = "SOT-23B"; VariantName = "[No Variations]"
Add component (AddParameter): Name = "PackageVersion"; Value = "Aug-1999"; VariantName = "[No Variations]"
Add component (AddParameter): Name = "Published"; Value = "8-Jun-2000"; VariantName = "[No Variations]"
Add component (AddParameter): Name = "Publisher"; Value = "Altium Limited"; VariantName = "[No Variations]"
Added Component: Designator=R7(SMD 0805 RES)
Added Component: Designator=R8(SMD 0805 RES)
Added Component: Designator=R9(SMD 0805 RES)
Added Component: Designator=R10(SMD 0805 RES)
Added Component: Designator=S1(SO8_N)
Add component (AddParameter): Name = "Code_IPC"; Value = "SOIC127P600-8"; VariantName = "[No Variations]"
Add component (AddParameter): Name = "Code_JEDEC"; Value = "MS-012-AA"; VariantName = "[No Variations]"
Add component (AddParameter): Name = "LatestRevisionDate"; Value = "29-May-2009"; VariantName = "[No Variations]"
Add component (AddParameter): Name = "LatestRevisionNote"; Value = "IPC-7351 Footprint Added."; VariantName = "[No Variations]"
Add component (AddParameter): Name = "PackageDescription"; Value = "8-Pin Small Outline Integrated Circuit 1.27 mm Pitch"; VariantName = "[No Variations]"
Add component (AddParameter): Name = "PackageReference"; Value = "SO8"; VariantName = "[No Variations]"
Add component (AddParameter): Name = "PackageVersion"; Value = "Dec-2002"; VariantName = "[No Variations]"
Add component (AddParameter): Name = "Published"; Value = "24-Mar-1999"; VariantName = "[No Variations]"
Add component (AddParameter): Name = "Publisher"; Value = "Altium Limited"; VariantName = "[No Variations]"
Added Pin To Net: NetName=GND Pin=D1-1
Added Pin To Net: NetName=GND Pin=D2-1
Added Pin To Net: NetName=VCC Pin=Q1-2
Added Pin To Net: NetName=VCC Pin=Q2-2
Added Pin To Net: NetName=TXD Pin=R7-1
Added Pin To Net: NetName=RXD Pin=R8-1
Added Pin To Net: NetName=GND Pin=S1-5
Added Pin To Net: NetName=GND Pin=S1-6
Added Pin To Net: NetName=GND Pin=S1-7
Added Pin To Net: NetName=GND Pin=S1-8
Added Pin To Net: NetName=NetD2_2 Pin=D2-2
Added Pin To Net: NetName=NetD2_2 Pin=R10-1
Added Net: Name=NetD2_2
Added Pin To Net: NetName=NetQ1_1 Pin=Q1-1
Added Pin To Net: NetName=NetQ1_1 Pin=R7-2
Added Net: Name=NetQ1_1
Added Pin To Net: NetName=NetQ1_3 Pin=Q1-3
Added Pin To Net: NetName=NetQ1_3 Pin=R9-2
Added Net: Name=NetQ1_3
Added Pin To Net: NetName=NetQ2_1 Pin=Q2-1
Added Pin To Net: NetName=NetQ2_1 Pin=R8-2
Added Net: Name=NetQ2_1
Added Pin To Net: NetName=NetQ2_3 Pin=Q2-3
Added Pin To Net: NetName=NetQ2_3 Pin=R10-2
Added Net: Name=NetQ2_3
Added Pin To Net: NetName=NetS1_1 Pin=S1-1
Added Pin To Net: NetName=NetS1_1 Pin=U3-64
Added Net: Name=NetS1_1
Added Pin To Net: NetName=NetS1_2 Pin=S1-2
Added Pin To Net: NetName=NetS1_2 Pin=U3-62
Added Net: Name=NetS1_2
Added Pin To Net: NetName=NetS1_3 Pin=S1-3
Added Pin To Net: NetName=NetS1_3 Pin=U3-5
Added Net: Name=NetS1_3
Added Pin To Net: NetName=NetS1_4 Pin=S1-4
Added Pin To Net: NetName=NetS1_4 Pin=U3-4
Added Net: Name=NetS1_4
Added Class: Name=DIY-USB Led Controller
Added Class: Name=LED_Connector
Added Class: Name=LED_Point
Added Class: Name=RGB_LED_Driver
Added Member To Class: ClassName=U_USB_CH340G Member=Component D1 Led 3mm
Added Member To Class: ClassName=U_USB_CH340G Member=Component D2 Led 3mm
Added Member To Class: ClassName=U_USB_CH340G Member=Component Q1 BC807
Added Member To Class: ClassName=U_USB_CH340G Member=Component Q2 BC807
Added Member To Class: ClassName=U_microcontroller Member=Component R3 (R4) 330R
Added Member To Class: ClassName=U_USB_CH340G Member=Component R7 1K
Added Member To Class: ClassName=U_USB_CH340G Member=Component R8 1K
Added Member To Class: ClassName=U_USB_CH340G Member=Component R9 1K
Added Member To Class: ClassName=U_USB_CH340G Member=Component R10 1K
Change Room Name: Old Name=U_Sheet_1 New Name=U_Sheet11
Change Room Name: Old Name=U_Sheet_2 New Name=U_Sheet12
Change Room Name: Old Name=U_Sheet_3 New Name=U_Sheet13
Change Room Name: Old Name=U_Sheet_4 New Name=U_Sheet14
Change Room Name: Old Name=U_Sheet_5 New Name=U_Sheet15
Change Room Name: Old Name=U_Sheet_6 New Name=U_Sheet16
Change Room Name: Old Name=U_Sheet_7 New Name=U_Sheet17
Change Room Name: Old Name=U_Sheet_8 New Name=U_Sheet18
Change Room Name: Old Name=U_Sheet_9 New Name=U_Sheet19
Added Room: Name=DIY-USB Led Controller
