Removed Pin From Net: NetName=LED_PIN_W8 Pin=U3-30
Removed Pin From Net: NetName=LED_PIN_B8 Pin=U3-31
Removed Pin From Net: NetName=LED_PIN_G8 Pin=U3-32
Removed Pin From Net: NetName=LED_PIN_R8 Pin=U3-33
Removed Pin From Net: NetName=LED_PIN_R5 Pin=U3-36
Removed Pin From Net: NetName=LED_PIN_G5 Pin=U3-37
Removed Pin From Net: NetName=LED_PIN_B5 Pin=U3-38
Removed Pin From Net: NetName=LED_PIN_W5 Pin=U3-39
Removed Pin From Net: NetName=LED_PIN_R4 Pin=U3-40
Removed Pin From Net: NetName=LED_PIN_G4 Pin=U3-41
Removed Pin From Net: NetName=LED_PIN_B4 Pin=U3-42
Removed Pin From Net: NetName=LED_PIN_W4 Pin=U3-43
Removed Pin From Net: NetName=LED_PIN_W7 Pin=U3-46
Removed Pin From Net: NetName=LED_PIN_B7 Pin=U3-47
Removed Pin From Net: NetName=LED_PIN_G7 Pin=U3-48
Removed Pin From Net: NetName=LED_PIN_R7 Pin=U3-49
Added Pin To Net: NetName=LED_PIN_W4 Pin=U3-30
Added Pin To Net: NetName=LED_PIN_B4 Pin=U3-31
Added Pin To Net: NetName=LED_PIN_G4 Pin=U3-32
Added Pin To Net: NetName=LED_PIN_R4 Pin=U3-33
Added Pin To Net: NetName=LED_PIN_R6 Pin=U3-36
Added Pin To Net: NetName=LED_PIN_G6 Pin=U3-37
Added Pin To Net: NetName=LED_PIN_B6 Pin=U3-38
Added Pin To Net: NetName=LED_PIN_W6 Pin=U3-39
Added Pin To Net: NetName=LED_PIN_R5 Pin=U3-40
Added Pin To Net: NetName=LED_PIN_G5 Pin=U3-41
Added Pin To Net: NetName=LED_PIN_B5 Pin=U3-42
Added Pin To Net: NetName=LED_PIN_W5 Pin=U3-43
Added Pin To Net: NetName=LED_PIN_W8 Pin=U3-46
Added Pin To Net: NetName=LED_PIN_B8 Pin=U3-47
Added Pin To Net: NetName=LED_PIN_G8 Pin=U3-48
Added Pin To Net: NetName=LED_PIN_R8 Pin=U3-49
