Change Component Physical Designator: Old Designator=C21_U__LED_PORT01 New Designator=C21.1
Change Component Physical Designator: Old Designator=C21_U__LED_PORT2 New Designator=C21.2
Change Component Physical Designator: Old Designator=C21_U__LED_PORT3 New Designator=C21.3
Change Component Physical Designator: Old Designator=C21_U__LED_PORT4 New Designator=C21.4
Change Component Physical Designator: Old Designator=C21_U__LED_PORT5 New Designator=C21.5
Change Component Physical Designator: Old Designator=C21_U__LED_PORT6 New Designator=C21.6
Change Component Physical Designator: Old Designator=C21_U__LED_PORT7 New Designator=C21.7
Change Component Physical Designator: Old Designator=C21_U__LED_PORT8 New Designator=C21.8
Change Component Physical Designator: Old Designator=C21_U__LED_PORT9 New Designator=C21.9
Change Component Physical Designator: Old Designator=C21_U__LED_PORT10 New Designator=C21.10
Change Component Physical Designator: Old Designator=C22_U__LED_PORT01 New Designator=C22.1
Change Component Physical Designator: Old Designator=C22_U__LED_PORT2 New Designator=C22.2
Change Component Physical Designator: Old Designator=C22_U__LED_PORT3 New Designator=C22.3
Change Component Physical Designator: Old Designator=C22_U__LED_PORT4 New Designator=C22.4
Change Component Physical Designator: Old Designator=C22_U__LED_PORT5 New Designator=C22.5
Change Component Physical Designator: Old Designator=C22_U__LED_PORT6 New Designator=C22.6
Change Component Physical Designator: Old Designator=C22_U__LED_PORT7 New Designator=C22.7
Change Component Physical Designator: Old Designator=C22_U__LED_PORT8 New Designator=C22.8
Change Component Physical Designator: Old Designator=C22_U__LED_PORT9 New Designator=C22.9
Change Component Physical Designator: Old Designator=C22_U__LED_PORT10 New Designator=C22.10
Change Component Physical Designator: Old Designator=C23_U__LED_PORT01 New Designator=C23.1
Change Component Physical Designator: Old Designator=C23_U__LED_PORT2 New Designator=C23.2
Change Component Physical Designator: Old Designator=C23_U__LED_PORT3 New Designator=C23.3
Change Component Physical Designator: Old Designator=C23_U__LED_PORT4 New Designator=C23.4
Change Component Physical Designator: Old Designator=C23_U__LED_PORT5 New Designator=C23.5
Change Component Physical Designator: Old Designator=C23_U__LED_PORT6 New Designator=C23.6
Change Component Physical Designator: Old Designator=C23_U__LED_PORT7 New Designator=C23.7
Change Component Physical Designator: Old Designator=C23_U__LED_PORT8 New Designator=C23.8
Change Component Physical Designator: Old Designator=C23_U__LED_PORT9 New Designator=C23.9
Change Component Physical Designator: Old Designator=C23_U__LED_PORT10 New Designator=C23.10
Change Component Physical Designator: Old Designator=C24_U__LED_PORT01 New Designator=C24.1
Change Component Physical Designator: Old Designator=C24_U__LED_PORT2 New Designator=C24.2
Change Component Physical Designator: Old Designator=C24_U__LED_PORT3 New Designator=C24.3
Change Component Physical Designator: Old Designator=C24_U__LED_PORT4 New Designator=C24.4
Change Component Physical Designator: Old Designator=C24_U__LED_PORT5 New Designator=C24.5
Change Component Physical Designator: Old Designator=C24_U__LED_PORT6 New Designator=C24.6
Change Component Physical Designator: Old Designator=C24_U__LED_PORT7 New Designator=C24.7
Change Component Physical Designator: Old Designator=C24_U__LED_PORT8 New Designator=C24.8
Change Component Physical Designator: Old Designator=C24_U__LED_PORT9 New Designator=C24.9
Change Component Physical Designator: Old Designator=C24_U__LED_PORT10 New Designator=C24.10
Change Component Physical Designator: Old Designator=D4_U__LED_PORT01 New Designator=D4.1
Change Component Physical Designator: Old Designator=D4_U__LED_PORT2 New Designator=D4.2
Change Component Physical Designator: Old Designator=D4_U__LED_PORT3 New Designator=D4.3
Change Component Physical Designator: Old Designator=D4_U__LED_PORT4 New Designator=D4.4
Change Component Physical Designator: Old Designator=D4_U__LED_PORT5 New Designator=D4.5
Change Component Physical Designator: Old Designator=D4_U__LED_PORT6 New Designator=D4.6
Change Component Physical Designator: Old Designator=D4_U__LED_PORT7 New Designator=D4.7
Change Component Physical Designator: Old Designator=D4_U__LED_PORT8 New Designator=D4.8
Change Component Physical Designator: Old Designator=D4_U__LED_PORT9 New Designator=D4.9
Change Component Physical Designator: Old Designator=D4_U__LED_PORT10 New Designator=D4.10
Change Component Physical Designator: Old Designator=J9_U__LED_PORT01 New Designator=J9.1
Change Component Physical Designator: Old Designator=J9_U__LED_PORT2 New Designator=J9.2
Change Component Physical Designator: Old Designator=J9_U__LED_PORT3 New Designator=J9.3
Change Component Physical Designator: Old Designator=J9_U__LED_PORT4 New Designator=J9.4
Change Component Physical Designator: Old Designator=J9_U__LED_PORT5 New Designator=J9.5
Change Component Physical Designator: Old Designator=J9_U__LED_PORT6 New Designator=J9.6
Change Component Physical Designator: Old Designator=J9_U__LED_PORT7 New Designator=J9.7
Change Component Physical Designator: Old Designator=J9_U__LED_PORT8 New Designator=J9.8
Change Component Physical Designator: Old Designator=J9_U__LED_PORT9 New Designator=J9.9
Change Component Physical Designator: Old Designator=J9_U__LED_PORT10 New Designator=J9.10
Change Component Physical Designator: Old Designator=Q3_U__LED_PORT01 New Designator=Q3.1
Change Component Physical Designator: Old Designator=Q3_U__LED_PORT2 New Designator=Q3.2
Change Component Physical Designator: Old Designator=Q3_U__LED_PORT3 New Designator=Q3.3
Change Component Physical Designator: Old Designator=Q3_U__LED_PORT4 New Designator=Q3.4
Change Component Physical Designator: Old Designator=Q3_U__LED_PORT5 New Designator=Q3.5
Change Component Physical Designator: Old Designator=Q3_U__LED_PORT6 New Designator=Q3.6
Change Component Physical Designator: Old Designator=Q3_U__LED_PORT7 New Designator=Q3.7
Change Component Physical Designator: Old Designator=Q3_U__LED_PORT8 New Designator=Q3.8
Change Component Physical Designator: Old Designator=Q3_U__LED_PORT9 New Designator=Q3.9
Change Component Physical Designator: Old Designator=Q3_U__LED_PORT10 New Designator=Q3.10
Change Component Physical Designator: Old Designator=Q4_U__LED_PORT01 New Designator=Q4.1
Change Component Physical Designator: Old Designator=Q4_U__LED_PORT2 New Designator=Q4.2
Change Component Physical Designator: Old Designator=Q4_U__LED_PORT3 New Designator=Q4.3
Change Component Physical Designator: Old Designator=Q4_U__LED_PORT4 New Designator=Q4.4
Change Component Physical Designator: Old Designator=Q4_U__LED_PORT5 New Designator=Q4.5
Change Component Physical Designator: Old Designator=Q4_U__LED_PORT6 New Designator=Q4.6
Change Component Physical Designator: Old Designator=Q4_U__LED_PORT7 New Designator=Q4.7
Change Component Physical Designator: Old Designator=Q4_U__LED_PORT8 New Designator=Q4.8
Change Component Physical Designator: Old Designator=Q4_U__LED_PORT9 New Designator=Q4.9
Change Component Physical Designator: Old Designator=Q4_U__LED_PORT10 New Designator=Q4.10
Change Component Physical Designator: Old Designator=Q5_U__LED_PORT01 New Designator=Q5.1
Change Component Physical Designator: Old Designator=Q5_U__LED_PORT2 New Designator=Q5.2
Change Component Physical Designator: Old Designator=Q5_U__LED_PORT3 New Designator=Q5.3
Change Component Physical Designator: Old Designator=Q5_U__LED_PORT4 New Designator=Q5.4
Change Component Physical Designator: Old Designator=Q5_U__LED_PORT5 New Designator=Q5.5
Change Component Physical Designator: Old Designator=Q5_U__LED_PORT6 New Designator=Q5.6
Change Component Physical Designator: Old Designator=Q5_U__LED_PORT7 New Designator=Q5.7
Change Component Physical Designator: Old Designator=Q5_U__LED_PORT8 New Designator=Q5.8
Change Component Physical Designator: Old Designator=Q5_U__LED_PORT9 New Designator=Q5.9
Change Component Physical Designator: Old Designator=Q5_U__LED_PORT10 New Designator=Q5.10
Change Component Physical Designator: Old Designator=Q6_U__LED_PORT01 New Designator=Q6.1
Change Component Physical Designator: Old Designator=Q6_U__LED_PORT2 New Designator=Q6.2
Change Component Physical Designator: Old Designator=Q6_U__LED_PORT3 New Designator=Q6.3
Change Component Physical Designator: Old Designator=Q6_U__LED_PORT4 New Designator=Q6.4
Change Component Physical Designator: Old Designator=Q6_U__LED_PORT5 New Designator=Q6.5
Change Component Physical Designator: Old Designator=Q6_U__LED_PORT6 New Designator=Q6.6
Change Component Physical Designator: Old Designator=Q6_U__LED_PORT7 New Designator=Q6.7
Change Component Physical Designator: Old Designator=Q6_U__LED_PORT8 New Designator=Q6.8
Change Component Physical Designator: Old Designator=Q6_U__LED_PORT9 New Designator=Q6.9
Change Component Physical Designator: Old Designator=Q6_U__LED_PORT10 New Designator=Q6.10
Change Component Physical Designator: Old Designator=R9_U__LED_PORT01 New Designator=R9.1
Change Component Physical Designator: Old Designator=R9_U__LED_PORT2 New Designator=R9.2
Change Component Physical Designator: Old Designator=R9_U__LED_PORT3 New Designator=R9.3
Change Component Physical Designator: Old Designator=R9_U__LED_PORT4 New Designator=R9.4
Change Component Physical Designator: Old Designator=R9_U__LED_PORT5 New Designator=R9.5
Change Component Physical Designator: Old Designator=R9_U__LED_PORT6 New Designator=R9.6
Change Component Physical Designator: Old Designator=R9_U__LED_PORT7 New Designator=R9.7
Change Component Physical Designator: Old Designator=R9_U__LED_PORT8 New Designator=R9.8
Change Component Physical Designator: Old Designator=R9_U__LED_PORT9 New Designator=R9.9
Change Component Physical Designator: Old Designator=R9_U__LED_PORT10 New Designator=R9.10
Change Component Physical Designator: Old Designator=U5_U__LED_PORT01 New Designator=U5.1
Change Component Physical Designator: Old Designator=U5_U__LED_PORT2 New Designator=U5.2
Change Component Physical Designator: Old Designator=U5_U__LED_PORT3 New Designator=U5.3
Change Component Physical Designator: Old Designator=U5_U__LED_PORT4 New Designator=U5.4
Change Component Physical Designator: Old Designator=U5_U__LED_PORT5 New Designator=U5.5
Change Component Physical Designator: Old Designator=U5_U__LED_PORT6 New Designator=U5.6
Change Component Physical Designator: Old Designator=U5_U__LED_PORT7 New Designator=U5.7
Change Component Physical Designator: Old Designator=U5_U__LED_PORT8 New Designator=U5.8
Change Component Physical Designator: Old Designator=U5_U__LED_PORT9 New Designator=U5.9
Change Component Physical Designator: Old Designator=U5_U__LED_PORT10 New Designator=U5.10
Change Component Physical Designator: Old Designator=U6_U__LED_PORT01 New Designator=U6.1
Change Component Physical Designator: Old Designator=U6_U__LED_PORT2 New Designator=U6.2
Change Component Physical Designator: Old Designator=U6_U__LED_PORT3 New Designator=U6.3
Change Component Physical Designator: Old Designator=U6_U__LED_PORT4 New Designator=U6.4
Change Component Physical Designator: Old Designator=U6_U__LED_PORT5 New Designator=U6.5
Change Component Physical Designator: Old Designator=U6_U__LED_PORT6 New Designator=U6.6
Change Component Physical Designator: Old Designator=U6_U__LED_PORT7 New Designator=U6.7
Change Component Physical Designator: Old Designator=U6_U__LED_PORT8 New Designator=U6.8
Change Component Physical Designator: Old Designator=U6_U__LED_PORT9 New Designator=U6.9
Change Component Physical Designator: Old Designator=U6_U__LED_PORT10 New Designator=U6.10
Change Component Physical Designator: Old Designator=U7_U__LED_PORT01 New Designator=U7.1
Change Component Physical Designator: Old Designator=U7_U__LED_PORT2 New Designator=U7.2
Change Component Physical Designator: Old Designator=U7_U__LED_PORT3 New Designator=U7.3
Change Component Physical Designator: Old Designator=U7_U__LED_PORT4 New Designator=U7.4
Change Component Physical Designator: Old Designator=U7_U__LED_PORT5 New Designator=U7.5
Change Component Physical Designator: Old Designator=U7_U__LED_PORT6 New Designator=U7.6
Change Component Physical Designator: Old Designator=U7_U__LED_PORT7 New Designator=U7.7
Change Component Physical Designator: Old Designator=U7_U__LED_PORT8 New Designator=U7.8
Change Component Physical Designator: Old Designator=U7_U__LED_PORT9 New Designator=U7.9
Change Component Physical Designator: Old Designator=U7_U__LED_PORT10 New Designator=U7.10
Change Component Physical Designator: Old Designator=U8_U__LED_PORT01 New Designator=U8.1
Change Component Physical Designator: Old Designator=U8_U__LED_PORT2 New Designator=U8.2
Change Component Physical Designator: Old Designator=U8_U__LED_PORT3 New Designator=U8.3
Change Component Physical Designator: Old Designator=U8_U__LED_PORT4 New Designator=U8.4
Change Component Physical Designator: Old Designator=U8_U__LED_PORT5 New Designator=U8.5
Change Component Physical Designator: Old Designator=U8_U__LED_PORT6 New Designator=U8.6
Change Component Physical Designator: Old Designator=U8_U__LED_PORT7 New Designator=U8.7
Change Component Physical Designator: Old Designator=U8_U__LED_PORT8 New Designator=U8.8
Change Component Physical Designator: Old Designator=U8_U__LED_PORT9 New Designator=U8.9
Change Component Physical Designator: Old Designator=U8_U__LED_PORT10 New Designator=U8.10
