Change Component Physical Designator: Old Designator=D1.1 New Designator=D3.1
Change Component Physical Designator: Old Designator=D1.2 New Designator=D3.2
Change Component Physical Designator: Old Designator=D1.3 New Designator=D3.3
Change Component Physical Designator: Old Designator=D1.4 New Designator=D3.4
Change Component Physical Designator: Old Designator=D1.5 New Designator=D3.5
Change Component Physical Designator: Old Designator=D1.6 New Designator=D3.6
Change Component Physical Designator: Old Designator=D1.7 New Designator=D3.7
Change Component Physical Designator: Old Designator=D1.8 New Designator=D3.8
Change Component Physical Designator: Old Designator=D1.9 New Designator=D3.9
Change Component Physical Designator: Old Designator=D1.10 New Designator=D3.10
Change Component Physical Designator: Old Designator=D1.11 New Designator=D3.11
Change Component Physical Designator: Old Designator=D1.12 New Designator=D3.12
Change Component Physical Designator: Old Designator=D1.13 New Designator=D3.13
Change Component Physical Designator: Old Designator=D1.14 New Designator=D3.14
Change Component Physical Designator: Old Designator=D1.15 New Designator=D3.15
Change Component Physical Designator: Old Designator=D1.16 New Designator=D3.16
Change Component Physical Designator: Old Designator=D1.17 New Designator=D3.17
Change Component Physical Designator: Old Designator=D1.18 New Designator=D3.18
Change Component Physical Designator: Old Designator=D1.19 New Designator=D3.19
Change Component Physical Designator: Old Designator=D1.20 New Designator=D3.20
Change Component Physical Designator: Old Designator=D1.21 New Designator=D3.21
Change Component Physical Designator: Old Designator=D1.22 New Designator=D3.22
Change Component Physical Designator: Old Designator=D1.23 New Designator=D3.23
Change Component Physical Designator: Old Designator=D1.24 New Designator=D3.24
Change Component Physical Designator: Old Designator=D1.25 New Designator=D3.25
Change Component Physical Designator: Old Designator=D1.26 New Designator=D3.26
Change Component Physical Designator: Old Designator=D1.27 New Designator=D3.27
Change Component Physical Designator: Old Designator=D1.28 New Designator=D3.28
Change Component Physical Designator: Old Designator=D1.29 New Designator=D3.29
Change Component Physical Designator: Old Designator=D1.30 New Designator=D3.30
Change Component Physical Designator: Old Designator=D1.31 New Designator=D3.31
Change Component Physical Designator: Old Designator=D1.32 New Designator=D3.32
Change Component Physical Designator: Old Designator=D1.33 New Designator=D3.33
Change Component Physical Designator: Old Designator=D1.34 New Designator=D3.34
Change Component Physical Designator: Old Designator=D1.35 New Designator=D3.35
Change Component Physical Designator: Old Designator=D1.36 New Designator=D3.36
Change Component Physical Designator: Old Designator=D1.37 New Designator=D3.37
Change Component Physical Designator: Old Designator=D1.38 New Designator=D3.38
Change Component Physical Designator: Old Designator=D1.39 New Designator=D3.39
Change Component Physical Designator: Old Designator=D1.40 New Designator=D3.40
Change Component Physical Designator: Old Designator=J4.1 New Designator=J5.1
Change Component Physical Designator: Old Designator=J4.2 New Designator=J5.2
Change Component Physical Designator: Old Designator=J4.3 New Designator=J5.3
Change Component Physical Designator: Old Designator=J4.4 New Designator=J5.4
Change Component Physical Designator: Old Designator=J4.5 New Designator=J5.5
Change Component Physical Designator: Old Designator=J4.6 New Designator=J5.6
Change Component Physical Designator: Old Designator=J4.7 New Designator=J5.7
Change Component Physical Designator: Old Designator=J4.8 New Designator=J5.8
Change Component Physical Designator: Old Designator=J4.9 New Designator=J5.9
Change Component Physical Designator: Old Designator=J4.10 New Designator=J5.10
Change Component Physical Designator: Old Designator=R4 New Designator=R5
Change Component Physical Designator: Old Designator=R5 New Designator=R6
Change Component Physical Designator: Old Designator=R6.1 New Designator=R11.1
Change Component Physical Designator: Old Designator=R6.2 New Designator=R11.2
Change Component Physical Designator: Old Designator=R6.3 New Designator=R11.3
Change Component Physical Designator: Old Designator=R6.4 New Designator=R11.4
Change Component Physical Designator: Old Designator=R6.5 New Designator=R11.5
Change Component Physical Designator: Old Designator=R6.6 New Designator=R11.6
Change Component Physical Designator: Old Designator=R6.7 New Designator=R11.7
Change Component Physical Designator: Old Designator=R6.8 New Designator=R11.8
Change Component Physical Designator: Old Designator=R6.9 New Designator=R11.9
Change Component Physical Designator: Old Designator=R6.10 New Designator=R11.10
Change Component Physical Designator: Old Designator=R6.11 New Designator=R11.11
Change Component Physical Designator: Old Designator=R6.12 New Designator=R11.12
Change Component Physical Designator: Old Designator=R6.13 New Designator=R11.13
Change Component Physical Designator: Old Designator=R6.14 New Designator=R11.14
Change Component Physical Designator: Old Designator=R6.15 New Designator=R11.15
Change Component Physical Designator: Old Designator=R6.16 New Designator=R11.16
Change Component Physical Designator: Old Designator=R6.17 New Designator=R11.17
Change Component Physical Designator: Old Designator=R6.18 New Designator=R11.18
Change Component Physical Designator: Old Designator=R6.19 New Designator=R11.19
Change Component Physical Designator: Old Designator=R6.20 New Designator=R11.20
Change Component Physical Designator: Old Designator=R6.21 New Designator=R11.21
Change Component Physical Designator: Old Designator=R6.22 New Designator=R11.22
Change Component Physical Designator: Old Designator=R6.23 New Designator=R11.23
Change Component Physical Designator: Old Designator=R6.24 New Designator=R11.24
Change Component Physical Designator: Old Designator=R6.25 New Designator=R11.25
Change Component Physical Designator: Old Designator=R6.26 New Designator=R11.26
Change Component Physical Designator: Old Designator=R6.27 New Designator=R11.27
Change Component Physical Designator: Old Designator=R6.28 New Designator=R11.28
Change Component Physical Designator: Old Designator=R6.29 New Designator=R11.29
Change Component Physical Designator: Old Designator=R6.30 New Designator=R11.30
Change Component Physical Designator: Old Designator=R6.31 New Designator=R11.31
Change Component Physical Designator: Old Designator=R6.32 New Designator=R11.32
Change Component Physical Designator: Old Designator=R6.33 New Designator=R11.33
Change Component Physical Designator: Old Designator=R6.34 New Designator=R11.34
Change Component Physical Designator: Old Designator=R6.35 New Designator=R11.35
Change Component Physical Designator: Old Designator=R6.36 New Designator=R11.36
Change Component Physical Designator: Old Designator=R6.37 New Designator=R11.37
Change Component Physical Designator: Old Designator=R6.38 New Designator=R11.38
Change Component Physical Designator: Old Designator=R6.39 New Designator=R11.39
Change Component Physical Designator: Old Designator=R6.40 New Designator=R11.40
Change Component Physical Designator: Old Designator=R7.1 New Designator=R12.1
Change Component Physical Designator: Old Designator=R7.2 New Designator=R12.2
Change Component Physical Designator: Old Designator=R7.3 New Designator=R12.3
Change Component Physical Designator: Old Designator=R7.4 New Designator=R12.4
Change Component Physical Designator: Old Designator=R7.5 New Designator=R12.5
Change Component Physical Designator: Old Designator=R7.6 New Designator=R12.6
Change Component Physical Designator: Old Designator=R7.7 New Designator=R12.7
Change Component Physical Designator: Old Designator=R7.8 New Designator=R12.8
Change Component Physical Designator: Old Designator=R7.9 New Designator=R12.9
Change Component Physical Designator: Old Designator=R7.10 New Designator=R12.10
Change Component Physical Designator: Old Designator=R7.11 New Designator=R12.11
Change Component Physical Designator: Old Designator=R7.12 New Designator=R12.12
Change Component Physical Designator: Old Designator=R7.13 New Designator=R12.13
Change Component Physical Designator: Old Designator=R7.14 New Designator=R12.14
Change Component Physical Designator: Old Designator=R7.15 New Designator=R12.15
Change Component Physical Designator: Old Designator=R7.16 New Designator=R12.16
Change Component Physical Designator: Old Designator=R7.17 New Designator=R12.17
Change Component Physical Designator: Old Designator=R7.18 New Designator=R12.18
Change Component Physical Designator: Old Designator=R7.19 New Designator=R12.19
Change Component Physical Designator: Old Designator=R7.20 New Designator=R12.20
Change Component Physical Designator: Old Designator=R7.21 New Designator=R12.21
Change Component Physical Designator: Old Designator=R7.22 New Designator=R12.22
Change Component Physical Designator: Old Designator=R7.23 New Designator=R12.23
Change Component Physical Designator: Old Designator=R7.24 New Designator=R12.24
Change Component Physical Designator: Old Designator=R7.25 New Designator=R12.25
Change Component Physical Designator: Old Designator=R7.26 New Designator=R12.26
Change Component Physical Designator: Old Designator=R7.27 New Designator=R12.27
Change Component Physical Designator: Old Designator=R7.28 New Designator=R12.28
Change Component Physical Designator: Old Designator=R7.29 New Designator=R12.29
Change Component Physical Designator: Old Designator=R7.30 New Designator=R12.30
Change Component Physical Designator: Old Designator=R7.31 New Designator=R12.31
Change Component Physical Designator: Old Designator=R7.32 New Designator=R12.32
Change Component Physical Designator: Old Designator=R7.33 New Designator=R12.33
Change Component Physical Designator: Old Designator=R7.34 New Designator=R12.34
Change Component Physical Designator: Old Designator=R7.35 New Designator=R12.35
Change Component Physical Designator: Old Designator=R7.36 New Designator=R12.36
Change Component Physical Designator: Old Designator=R7.37 New Designator=R12.37
Change Component Physical Designator: Old Designator=R7.38 New Designator=R12.38
Change Component Physical Designator: Old Designator=R7.39 New Designator=R12.39
Change Component Physical Designator: Old Designator=R7.40 New Designator=R12.40
Change Component Physical Designator: Old Designator=R8.1 New Designator=R13.1
Change Component Physical Designator: Old Designator=R8.2 New Designator=R13.2
Change Component Physical Designator: Old Designator=R8.3 New Designator=R13.3
Change Component Physical Designator: Old Designator=R8.4 New Designator=R13.4
Change Component Physical Designator: Old Designator=R8.5 New Designator=R13.5
Change Component Physical Designator: Old Designator=R8.6 New Designator=R13.6
Change Component Physical Designator: Old Designator=R8.7 New Designator=R13.7
Change Component Physical Designator: Old Designator=R8.8 New Designator=R13.8
Change Component Physical Designator: Old Designator=R8.9 New Designator=R13.9
Change Component Physical Designator: Old Designator=R8.10 New Designator=R13.10
Change Component Physical Designator: Old Designator=R8.11 New Designator=R13.11
Change Component Physical Designator: Old Designator=R8.12 New Designator=R13.12
Change Component Physical Designator: Old Designator=R8.13 New Designator=R13.13
Change Component Physical Designator: Old Designator=R8.14 New Designator=R13.14
Change Component Physical Designator: Old Designator=R8.15 New Designator=R13.15
Change Component Physical Designator: Old Designator=R8.16 New Designator=R13.16
Change Component Physical Designator: Old Designator=R8.17 New Designator=R13.17
Change Component Physical Designator: Old Designator=R8.18 New Designator=R13.18
Change Component Physical Designator: Old Designator=R8.19 New Designator=R13.19
Change Component Physical Designator: Old Designator=R8.20 New Designator=R13.20
Change Component Physical Designator: Old Designator=R8.21 New Designator=R13.21
Change Component Physical Designator: Old Designator=R8.22 New Designator=R13.22
Change Component Physical Designator: Old Designator=R8.23 New Designator=R13.23
Change Component Physical Designator: Old Designator=R8.24 New Designator=R13.24
Change Component Physical Designator: Old Designator=R8.25 New Designator=R13.25
Change Component Physical Designator: Old Designator=R8.26 New Designator=R13.26
Change Component Physical Designator: Old Designator=R8.27 New Designator=R13.27
Change Component Physical Designator: Old Designator=R8.28 New Designator=R13.28
Change Component Physical Designator: Old Designator=R8.29 New Designator=R13.29
Change Component Physical Designator: Old Designator=R8.30 New Designator=R13.30
Change Component Physical Designator: Old Designator=R8.31 New Designator=R13.31
Change Component Physical Designator: Old Designator=R8.32 New Designator=R13.32
Change Component Physical Designator: Old Designator=R8.33 New Designator=R13.33
Change Component Physical Designator: Old Designator=R8.34 New Designator=R13.34
Change Component Physical Designator: Old Designator=R8.35 New Designator=R13.35
Change Component Physical Designator: Old Designator=R8.36 New Designator=R13.36
Change Component Physical Designator: Old Designator=R8.37 New Designator=R13.37
Change Component Physical Designator: Old Designator=R8.38 New Designator=R13.38
Change Component Physical Designator: Old Designator=R8.39 New Designator=R13.39
Change Component Physical Designator: Old Designator=R8.40 New Designator=R13.40
Change Component Physical Designator: Old Designator=R9.1 New Designator=R14.1
Change Component Physical Designator: Old Designator=R9.2 New Designator=R14.2
Change Component Physical Designator: Old Designator=R9.3 New Designator=R14.3
Change Component Physical Designator: Old Designator=R9.4 New Designator=R14.4
Change Component Physical Designator: Old Designator=R9.5 New Designator=R14.5
Change Component Physical Designator: Old Designator=R9.6 New Designator=R14.6
Change Component Physical Designator: Old Designator=R9.7 New Designator=R14.7
Change Component Physical Designator: Old Designator=R9.8 New Designator=R14.8
Change Component Physical Designator: Old Designator=R9.9 New Designator=R14.9
Change Component Physical Designator: Old Designator=R9.10 New Designator=R14.10
Change Component Physical Designator: Old Designator=R9.11 New Designator=R14.11
Change Component Physical Designator: Old Designator=R9.12 New Designator=R14.12
Change Component Physical Designator: Old Designator=R9.13 New Designator=R14.13
Change Component Physical Designator: Old Designator=R9.14 New Designator=R14.14
Change Component Physical Designator: Old Designator=R9.15 New Designator=R14.15
Change Component Physical Designator: Old Designator=R9.16 New Designator=R14.16
Change Component Physical Designator: Old Designator=R9.17 New Designator=R14.17
Change Component Physical Designator: Old Designator=R9.18 New Designator=R14.18
Change Component Physical Designator: Old Designator=R9.19 New Designator=R14.19
Change Component Physical Designator: Old Designator=R9.20 New Designator=R14.20
Change Component Physical Designator: Old Designator=R9.21 New Designator=R14.21
Change Component Physical Designator: Old Designator=R9.22 New Designator=R14.22
Change Component Physical Designator: Old Designator=R9.23 New Designator=R14.23
Change Component Physical Designator: Old Designator=R9.24 New Designator=R14.24
Change Component Physical Designator: Old Designator=R9.25 New Designator=R14.25
Change Component Physical Designator: Old Designator=R9.26 New Designator=R14.26
Change Component Physical Designator: Old Designator=R9.27 New Designator=R14.27
Change Component Physical Designator: Old Designator=R9.28 New Designator=R14.28
Change Component Physical Designator: Old Designator=R9.29 New Designator=R14.29
Change Component Physical Designator: Old Designator=R9.30 New Designator=R14.30
Change Component Physical Designator: Old Designator=R9.31 New Designator=R14.31
Change Component Physical Designator: Old Designator=R9.32 New Designator=R14.32
Change Component Physical Designator: Old Designator=R9.33 New Designator=R14.33
Change Component Physical Designator: Old Designator=R9.34 New Designator=R14.34
Change Component Physical Designator: Old Designator=R9.35 New Designator=R14.35
Change Component Physical Designator: Old Designator=R9.36 New Designator=R14.36
Change Component Physical Designator: Old Designator=R9.37 New Designator=R14.37
Change Component Physical Designator: Old Designator=R9.38 New Designator=R14.38
Change Component Physical Designator: Old Designator=R9.39 New Designator=R14.39
Change Component Physical Designator: Old Designator=R9.40 New Designator=R14.40
Change Component Physical Designator: Old Designator=S1 New Designator=S2
